[INFO] Scanning for projects...
[INFO] 
[INFO] -----------------------< com.fpt.practical:java >-----------------------
[INFO] Building java 0.0.1-SNAPSHOT
[INFO] --------------------------------[ jar ]---------------------------------
[INFO] 
[INFO] --- maven-clean-plugin:3.1.0:clean (default-clean) @ java ---
[INFO] Deleting E:\CN9\FU_Submission_Webservice\submission\PracticalExams\Practical_Java_SE1269_20200507\Server\target
[INFO] 
[INFO] --- maven-resources-plugin:3.1.0:resources (default-resources) @ java ---
[INFO] Using 'UTF-8' encoding to copy filtered resources.
[INFO] Copying 1 resource
[INFO] Copying 0 resource
[INFO] 
[INFO] --- maven-compiler-plugin:3.8.1:compile (default-compile) @ java ---
[INFO] Changes detected - recompiling the module!
[INFO] Compiling 3 source files to E:\CN9\FU_Submission_Webservice\submission\PracticalExams\Practical_Java_SE1269_20200507\Server\target\classes
[INFO] -------------------------------------------------------------
[ERROR] COMPILATION ERROR : 
[INFO] -------------------------------------------------------------
[ERROR] /E:/CN9/FU_Submission_Webservice/submission/PracticalExams/Practical_Java_SE1269_20200507/Server/src/main/java/com/practicalexam/student/StudentWork.java:[6,21] ';' expected
[ERROR] /E:/CN9/FU_Submission_Webservice/submission/PracticalExams/Practical_Java_SE1269_20200507/Server/src/main/java/com/practicalexam/student/StudentWork.java:[14,31] ';' expected
[INFO] 2 errors 
[INFO] -------------------------------------------------------------
[INFO] ------------------------------------------------------------------------
[INFO] BUILD FAILURE
[INFO] ------------------------------------------------------------------------
[INFO] Total time:  6.760 s
[INFO] Finished at: 2020-03-19T15:19:38+07:00
[INFO] ------------------------------------------------------------------------
[ERROR] Failed to execute goal org.apache.maven.plugins:maven-compiler-plugin:3.8.1:compile (default-compile) on project java: Compilation failure: Compilation failure: 
[ERROR] /E:/CN9/FU_Submission_Webservice/submission/PracticalExams/Practical_Java_SE1269_20200507/Server/src/main/java/com/practicalexam/student/StudentWork.java:[6,21] ';' expected
[ERROR] /E:/CN9/FU_Submission_Webservice/submission/PracticalExams/Practical_Java_SE1269_20200507/Server/src/main/java/com/practicalexam/student/StudentWork.java:[14,31] ';' expected
[ERROR] -> [Help 1]
[ERROR] 
[ERROR] To see the full stack trace of the errors, re-run Maven with the -e switch.
[ERROR] Re-run Maven using the -X switch to enable full debug logging.
[ERROR] 
[ERROR] For more information about the errors and possible solutions, please read the following articles:
[ERROR] [Help 1] http://cwiki.apache.org/confluence/display/MAVEN/MojoFailureException
--------------------------------------------------------
SE63155
--------------------------------------------------------
[INFO] Scanning for projects...
[INFO] 
[INFO] -----------------------< com.fpt.practical:java >-----------------------
[INFO] Building java 0.0.1-SNAPSHOT
[INFO] --------------------------------[ jar ]---------------------------------
[INFO] 
[INFO] --- maven-clean-plugin:3.1.0:clean (default-clean) @ java ---
[INFO] 
[INFO] --- maven-resources-plugin:3.1.0:resources (default-resources) @ java ---
[INFO] Using 'UTF-8' encoding to copy filtered resources.
[INFO] Copying 1 resource
[INFO] Copying 0 resource
[INFO] 
[INFO] --- maven-compiler-plugin:3.8.1:compile (default-compile) @ java ---
[INFO] Changes detected - recompiling the module!
[INFO] Compiling 8 source files to E:\CN9\FU_Submission_Webservice\submission\PracticalExams\Practical_Java_SE1269_20200424\Server\target\classes
[INFO] 
[INFO] --- maven-resources-plugin:3.1.0:testResources (default-testResources) @ java ---
[INFO] Using 'UTF-8' encoding to copy filtered resources.
[INFO] skip non existing resourceDirectory E:\CN9\FU_Submission_Webservice\submission\PracticalExams\Practical_Java_SE1269_20200424\Server\src\test\resources
[INFO] 
[INFO] --- maven-compiler-plugin:3.8.1:testCompile (default-testCompile) @ java ---
[INFO] Changes detected - recompiling the module!
[INFO] Compiling 2 source files to E:\CN9\FU_Submission_Webservice\submission\PracticalExams\Practical_Java_SE1269_20200424\Server\target\test-classes
[INFO] -------------------------------------------------------------
[ERROR] COMPILATION ERROR : 
[INFO] -------------------------------------------------------------
[ERROR] /E:/CN9/FU_Submission_Webservice/submission/PracticalExams/Practical_Java_SE1269_20200424/Server/src/test/java/com/practicalexam/TestResultLoggerExtension.java:[46,35] cannot find symbol
  symbol:   variable JavaApplicationTests
  location: class com.practicalexam.TestResultLoggerExtension
[INFO] 1 error
[INFO] -------------------------------------------------------------
[INFO] ------------------------------------------------------------------------
[INFO] BUILD FAILURE
[INFO] ------------------------------------------------------------------------
[INFO] Total time:  12.181 s
[INFO] Finished at: 2020-04-24T22:36:16+07:00
[INFO] ------------------------------------------------------------------------
[ERROR] Failed to execute goal org.apache.maven.plugins:maven-compiler-plugin:3.8.1:testCompile (default-testCompile) on project java: Compilation failure
[ERROR] /E:/CN9/FU_Submission_Webservice/submission/PracticalExams/Practical_Java_SE1269_20200424/Server/src/test/java/com/practicalexam/TestResultLoggerExtension.java:[46,35] cannot find symbol
[ERROR]   symbol:   variable JavaApplicationTests
[ERROR]   location: class com.practicalexam.TestResultLoggerExtension
[ERROR] -> [Help 1]
[ERROR] 
[ERROR] To see the full stack trace of the errors, re-run Maven with the -e switch.
[ERROR] Re-run Maven using the -X switch to enable full debug logging.
[ERROR] 
[ERROR] For more information about the errors and possible solutions, please read the following articles:
[ERROR] [Help 1] http://cwiki.apache.org/confluence/display/MAVEN/MojoFailureException
--------------------------------------------------------
SE63155
--------------------------------------------------------
[INFO] Scanning for projects...
[INFO] 
[INFO] -----------------------< com.fpt.practical:java >-----------------------
[INFO] Building java 0.0.1-SNAPSHOT
[INFO] --------------------------------[ jar ]---------------------------------
[INFO] 
[INFO] --- maven-clean-plugin:3.1.0:clean (default-clean) @ java ---
[INFO] Deleting E:\CN9\FU_Submission_Webservice\submission\PracticalExams\Practical_Java_SE1269_20200424\Server\target
[INFO] 
[INFO] --- maven-resources-plugin:3.1.0:resources (default-resources) @ java ---
[INFO] Using 'UTF-8' encoding to copy filtered resources.
[INFO] Copying 1 resource
[INFO] Copying 0 resource
[INFO] 
[INFO] --- maven-compiler-plugin:3.8.1:compile (default-compile) @ java ---
[INFO] Changes detected - recompiling the module!
[INFO] Compiling 8 source files to E:\CN9\FU_Submission_Webservice\submission\PracticalExams\Practical_Java_SE1269_20200424\Server\target\classes
[INFO] 
[INFO] --- maven-resources-plugin:3.1.0:testResources (default-testResources) @ java ---
[INFO] Using 'UTF-8' encoding to copy filtered resources.
[INFO] skip non existing resourceDirectory E:\CN9\FU_Submission_Webservice\submission\PracticalExams\Practical_Java_SE1269_20200424\Server\src\test\resources
[INFO] 
[INFO] --- maven-compiler-plugin:3.8.1:testCompile (default-testCompile) @ java ---
[INFO] Changes detected - recompiling the module!
[INFO] Compiling 2 source files to E:\CN9\FU_Submission_Webservice\submission\PracticalExams\Practical_Java_SE1269_20200424\Server\target\test-classes
[INFO] -------------------------------------------------------------
[ERROR] COMPILATION ERROR : 
[INFO] -------------------------------------------------------------
[ERROR] /E:/CN9/FU_Submission_Webservice/submission/PracticalExams/Practical_Java_SE1269_20200424/Server/src/test/java/com/practicalexam/TestResultLoggerExtension.java:[46,35] cannot find symbol
  symbol:   variable JavaApplicationTests
  location: class com.practicalexam.TestResultLoggerExtension
[INFO] 1 error
[INFO] -------------------------------------------------------------
[INFO] ------------------------------------------------------------------------
[INFO] BUILD FAILURE
[INFO] ------------------------------------------------------------------------
[INFO] Total time:  13.067 s
[INFO] Finished at: 2020-04-24T22:39:31+07:00
[INFO] ------------------------------------------------------------------------
[ERROR] Failed to execute goal org.apache.maven.plugins:maven-compiler-plugin:3.8.1:testCompile (default-testCompile) on project java: Compilation failure
[ERROR] /E:/CN9/FU_Submission_Webservice/submission/PracticalExams/Practical_Java_SE1269_20200424/Server/src/test/java/com/practicalexam/TestResultLoggerExtension.java:[46,35] cannot find symbol
[ERROR]   symbol:   variable JavaApplicationTests
[ERROR]   location: class com.practicalexam.TestResultLoggerExtension
[ERROR] -> [Help 1]
[ERROR] 
[ERROR] To see the full stack trace of the errors, re-run Maven with the -e switch.
[ERROR] Re-run Maven using the -X switch to enable full debug logging.
[ERROR] 
[ERROR] For more information about the errors and possible solutions, please read the following articles:
[ERROR] [Help 1] http://cwiki.apache.org/confluence/display/MAVEN/MojoFailureException
--------------------------------------------------------
SE63155
--------------------------------------------------------
[INFO] Scanning for projects...
[INFO] 
[INFO] -----------------------< com.fpt.practical:java >-----------------------
[INFO] Building java 0.0.1-SNAPSHOT
[INFO] --------------------------------[ jar ]---------------------------------
[INFO] 
[INFO] --- maven-clean-plugin:3.1.0:clean (default-clean) @ java ---
[INFO] Deleting E:\CN9\FU_Submission_Webservice\submission\PracticalExams\Practical_Java_SE1269_20200424\Server\target
[INFO] 
[INFO] --- maven-resources-plugin:3.1.0:resources (default-resources) @ java ---
[INFO] Using 'UTF-8' encoding to copy filtered resources.
[INFO] Copying 1 resource
[INFO] Copying 0 resource
[INFO] 
[INFO] --- maven-compiler-plugin:3.8.1:compile (default-compile) @ java ---
[INFO] Changes detected - recompiling the module!
[INFO] Compiling 8 source files to E:\CN9\FU_Submission_Webservice\submission\PracticalExams\Practical_Java_SE1269_20200424\Server\target\classes
[INFO] 
[INFO] --- maven-resources-plugin:3.1.0:testResources (default-testResources) @ java ---
[INFO] Using 'UTF-8' encoding to copy filtered resources.
[INFO] skip non existing resourceDirectory E:\CN9\FU_Submission_Webservice\submission\PracticalExams\Practical_Java_SE1269_20200424\Server\src\test\resources
[INFO] 
[INFO] --- maven-compiler-plugin:3.8.1:testCompile (default-testCompile) @ java ---
[INFO] Changes detected - recompiling the module!
[INFO] Compiling 3 source files to E:\CN9\FU_Submission_Webservice\submission\PracticalExams\Practical_Java_SE1269_20200424\Server\target\test-classes
[INFO] 
[INFO] --- maven-surefire-plugin:2.22.2:test (default-test) @ java ---
[INFO] 
[INFO] -------------------------------------------------------
[INFO]  T E S T S
[INFO] -------------------------------------------------------
[INFO] Running com.practicalexam.JavaApplicationTests
22:40:47.893 [main] DEBUG org.springframework.test.context.BootstrapUtils - Instantiating CacheAwareContextLoaderDelegate from class [org.springframework.test.context.cache.DefaultCacheAwareContextLoaderDelegate]
22:40:48.171 [main] DEBUG org.springframework.test.context.BootstrapUtils - Instantiating BootstrapContext using constructor [public org.springframework.test.context.support.DefaultBootstrapContext(java.lang.Class,org.springframework.test.context.CacheAwareContextLoaderDelegate)]
22:40:52.210 [main] DEBUG org.springframework.test.context.BootstrapUtils - Instantiating TestContextBootstrapper for test class [com.practicalexam.JavaApplicationTests] from class [org.springframework.boot.test.context.SpringBootTestContextBootstrapper]
22:40:52.655 [main] INFO org.springframework.boot.test.context.SpringBootTestContextBootstrapper - Neither @ContextConfiguration nor @ContextHierarchy found for test class [com.practicalexam.JavaApplicationTests], using SpringBootContextLoader
22:40:52.725 [main] DEBUG org.springframework.test.context.support.AbstractContextLoader - Did not detect default resource location for test class [com.practicalexam.JavaApplicationTests]: class path resource [com/practicalexam/JavaApplicationTests-context.xml] does not exist
22:40:52.726 [main] DEBUG org.springframework.test.context.support.AbstractContextLoader - Did not detect default resource location for test class [com.practicalexam.JavaApplicationTests]: class path resource [com/practicalexam/JavaApplicationTestsContext.groovy] does not exist
22:40:52.727 [main] INFO org.springframework.test.context.support.AbstractContextLoader - Could not detect default resource locations for test class [com.practicalexam.JavaApplicationTests]: no resource found for suffixes {-context.xml, Context.groovy}.
22:40:52.728 [main] INFO org.springframework.test.context.support.AnnotationConfigContextLoaderUtils - Could not detect default configuration classes for test class [com.practicalexam.JavaApplicationTests]: JavaApplicationTests does not declare any static, non-private, non-final, nested classes annotated with @Configuration.
22:40:53.485 [main] DEBUG org.springframework.test.context.support.ActiveProfilesUtils - Could not find an 'annotation declaring class' for annotation type [org.springframework.test.context.ActiveProfiles] and class [com.practicalexam.JavaApplicationTests]
22:40:54.630 [main] DEBUG org.springframework.context.annotation.ClassPathScanningCandidateComponentProvider - Identified candidate component class: file [E:\CN9\FU_Submission_Webservice\submission\PracticalExams\Practical_Java_SE1269_20200424\Server\target\classes\com\practicalexam\JavaApplication.class]
22:40:54.633 [main] INFO org.springframework.boot.test.context.SpringBootTestContextBootstrapper - Found @SpringBootConfiguration com.practicalexam.JavaApplication for test class com.practicalexam.JavaApplicationTests
22:40:55.107 [main] DEBUG org.springframework.boot.test.context.SpringBootTestContextBootstrapper - @TestExecutionListeners is not present for class [com.practicalexam.JavaApplicationTests]: using defaults.
22:40:55.108 [main] INFO org.springframework.boot.test.context.SpringBootTestContextBootstrapper - Loaded default TestExecutionListener class names from location [META-INF/spring.factories]: [org.springframework.boot.test.mock.mockito.MockitoTestExecutionListener, org.springframework.boot.test.mock.mockito.ResetMocksTestExecutionListener, org.springframework.boot.test.autoconfigure.restdocs.RestDocsTestExecutionListener, org.springframework.boot.test.autoconfigure.web.client.MockRestServiceServerResetTestExecutionListener, org.springframework.boot.test.autoconfigure.web.servlet.MockMvcPrintOnlyOnFailureTestExecutionListener, org.springframework.boot.test.autoconfigure.web.servlet.WebDriverTestExecutionListener, org.springframework.test.context.web.ServletTestExecutionListener, org.springframework.test.context.support.DirtiesContextBeforeModesTestExecutionListener, org.springframework.test.context.support.DependencyInjectionTestExecutionListener, org.springframework.test.context.support.DirtiesContextTestExecutionListener, org.springframework.test.context.transaction.TransactionalTestExecutionListener, org.springframework.test.context.jdbc.SqlScriptsTestExecutionListener, org.springframework.test.context.event.EventPublishingTestExecutionListener]
22:40:55.142 [main] DEBUG org.springframework.boot.test.context.SpringBootTestContextBootstrapper - Skipping candidate TestExecutionListener [org.springframework.test.context.transaction.TransactionalTestExecutionListener] due to a missing dependency. Specify custom listener classes or make the default listener classes and their required dependencies available. Offending class: [org/springframework/transaction/interceptor/TransactionAttributeSource]
22:40:55.143 [main] DEBUG org.springframework.boot.test.context.SpringBootTestContextBootstrapper - Skipping candidate TestExecutionListener [org.springframework.test.context.jdbc.SqlScriptsTestExecutionListener] due to a missing dependency. Specify custom listener classes or make the default listener classes and their required dependencies available. Offending class: [org/springframework/transaction/interceptor/TransactionAttribute]
22:40:55.143 [main] INFO org.springframework.boot.test.context.SpringBootTestContextBootstrapper - Using TestExecutionListeners: [org.springframework.test.context.web.ServletTestExecutionListener@10fde30a, org.springframework.test.context.support.DirtiesContextBeforeModesTestExecutionListener@f27ea3, org.springframework.boot.test.mock.mockito.MockitoTestExecutionListener@1ce61929, org.springframework.boot.test.autoconfigure.SpringBootDependencyInjectionTestExecutionListener@346939bf, org.springframework.test.context.support.DirtiesContextTestExecutionListener@4bf3798b, org.springframework.test.context.event.EventPublishingTestExecutionListener@58670130, org.springframework.boot.test.mock.mockito.ResetMocksTestExecutionListener@74e47444, org.springframework.boot.test.autoconfigure.restdocs.RestDocsTestExecutionListener@9bd0fa6, org.springframework.boot.test.autoconfigure.web.client.MockRestServiceServerResetTestExecutionListener@59d2103b, org.springframework.boot.test.autoconfigure.web.servlet.MockMvcPrintOnlyOnFailureTestExecutionListener@39dcf4b0, org.springframework.boot.test.autoconfigure.web.servlet.WebDriverTestExecutionListener@6e4de19b]
22:40:55.161 [main] DEBUG org.springframework.test.context.support.AbstractDirtiesContextTestExecutionListener - Before test class: context [DefaultTestContext@7c7d3c46 testClass = JavaApplicationTests, testInstance = [null], testMethod = [null], testException = [null], mergedContextConfiguration = [WebMergedContextConfiguration@24fb6a80 testClass = JavaApplicationTests, locations = '{}', classes = '{class com.practicalexam.JavaApplication}', contextInitializerClasses = '[]', activeProfiles = '{}', propertySourceLocations = '{}', propertySourceProperties = '{org.springframework.boot.test.context.SpringBootTestContextBootstrapper=true}', contextCustomizers = set[org.springframework.boot.test.context.filter.ExcludeFilterContextCustomizer@177bea38, org.springframework.boot.test.json.DuplicateJsonObjectContextCustomizerFactory$DuplicateJsonObjectContextCustomizer@2631f68c, org.springframework.boot.test.mock.mockito.MockitoContextCustomizer@0, org.springframework.boot.test.web.client.TestRestTemplateContextCustomizer@2a62b5bc, org.springframework.boot.test.autoconfigure.properties.PropertyMappingContextCustomizer@0, org.springframework.boot.test.autoconfigure.web.servlet.WebDriverContextCustomizerFactory$Customizer@5a18cd76], resourceBasePath = 'src/main/webapp', contextLoader = 'org.springframework.boot.test.context.SpringBootContextLoader', parent = [null]], attributes = map['org.springframework.test.context.web.ServletTestExecutionListener.activateListener' -> true]], class annotated with @DirtiesContext [false] with mode [null].
22:40:55.256 [main] DEBUG org.springframework.test.context.support.TestPropertySourceUtils - Adding inlined properties to environment: {spring.jmx.enabled=false, org.springframework.boot.test.context.SpringBootTestContextBootstrapper=true, server.port=-1}

  .   ____          _            __ _ _
 /\\ / ___'_ __ _ _(_)_ __  __ _ \ \ \ \
( ( )\___ | '_ | '_| | '_ \/ _` | \ \ \ \
 \\/  ___)| |_)| | | | | || (_| |  ) ) ) )
  '  |____| .__|_| |_|_| |_\__, | / / / /
 =========|_|==============|___/=/_/_/_/
 :: Spring Boot ::        (v2.2.4.RELEASE)

2020-04-24 22:40:56.034  INFO 12980 --- [           main] com.practicalexam.JavaApplicationTests   : Starting JavaApplicationTests on THUCNHSE63155 with PID 12980 (started by HP in E:\CN9\FU_Submission_Webservice\submission\PracticalExams\Practical_Java_SE1269_20200424\Server)
2020-04-24 22:40:56.037  INFO 12980 --- [           main] com.practicalexam.JavaApplicationTests   : No active profile set, falling back to default profiles: default
2020-04-24 22:40:58.698  INFO 12980 --- [           main] trationDelegate$BeanPostProcessorChecker : Bean 'org.springframework.ws.config.annotation.DelegatingWsConfiguration' of type [org.springframework.ws.config.annotation.DelegatingWsConfiguration$$EnhancerBySpringCGLIB$$a5166153] is not eligible for getting processed by all BeanPostProcessors (for example: not eligible for auto-proxying)
2020-04-24 22:40:58.889  INFO 12980 --- [           main] .w.s.a.s.AnnotationActionEndpointMapping : Supporting [WS-Addressing August 2004, WS-Addressing 1.0]
2020-04-24 22:41:00.672  INFO 12980 --- [           main] o.s.s.concurrent.ThreadPoolTaskExecutor  : Initializing ExecutorService 'applicationTaskExecutor'
2020-04-24 22:41:02.186  INFO 12980 --- [           main] com.practicalexam.JavaApplicationTests   : Started JavaApplicationTests in 6.909 seconds (JVM running for 18.049)
==========Start Insert==========
|IA1406|null    |null                |   0|      0.0|
|IA1406|null    |null                |   0|      0.0|
==========End Insert==========
Test Aborted for test: insertShoes()
==========Start Update==========
Test Aborted for test: updateShoes()
==========Start Search==========
Test Aborted for test: searchShoes()
==========Start Sort==========
java.lang.NullPointerException
	at com.practicalexam.student.data.Shoes.compareTo(Shoes.java:67)
	at com.practicalexam.student.data.Shoes.compareTo(Shoes.java:12)
	at java.base/java.util.ComparableTimSort.countRunAndMakeAscending(ComparableTimSort.java:320)
	at java.base/java.util.ComparableTimSort.sort(ComparableTimSort.java:188)
	at java.base/java.util.Arrays.sort(Arrays.java:1315)
	at java.base/java.util.Arrays.sort(Arrays.java:1509)
	at java.base/java.util.ArrayList.sort(ArrayList.java:1749)
	at java.base/java.util.Collections.sort(Collections.java:145)
	at com.practicalexam.student.Cabinet.sort(Cabinet.java:84)
	at com.practicalexam.student.TemplateQuestion.sort(TemplateQuestion.java:32)
	at com.practicalexam.JavaApplicationTests.sortShoes(EXAM_SE63155_Java_289652198.java:66)
	at java.base/jdk.internal.reflect.NativeMethodAccessorImpl.invoke0(Native Method)
	at java.base/jdk.internal.reflect.NativeMethodAccessorImpl.invoke(NativeMethodAccessorImpl.java:62)
	at java.base/jdk.internal.reflect.DelegatingMethodAccessorImpl.invoke(DelegatingMethodAccessorImpl.java:43)
	at java.base/java.lang.reflect.Method.invoke(Method.java:566)
	at org.junit.platform.commons.util.ReflectionUtils.invokeMethod(ReflectionUtils.java:675)
	at org.junit.jupiter.engine.execution.MethodInvocation.proceed(MethodInvocation.java:60)
	at org.junit.jupiter.engine.execution.InvocationInterceptorChain$ValidatingInvocation.proceed(InvocationInterceptorChain.java:125)
	at org.junit.jupiter.engine.extension.TimeoutExtension.intercept(TimeoutExtension.java:132)
	at org.junit.jupiter.engine.extension.TimeoutExtension.interceptTestableMethod(TimeoutExtension.java:124)
	at org.junit.jupiter.engine.extension.TimeoutExtension.interceptTestMethod(TimeoutExtension.java:74)
	at org.junit.jupiter.engine.execution.ExecutableInvoker$ReflectiveInterceptorCall.lambda$ofVoidMethod$0(ExecutableInvoker.java:115)
	at org.junit.jupiter.engine.execution.ExecutableInvoker.lambda$invoke$0(ExecutableInvoker.java:105)
	at org.junit.jupiter.engine.execution.InvocationInterceptorChain$InterceptedInvocation.proceed(InvocationInterceptorChain.java:104)
	at org.junit.jupiter.engine.execution.InvocationInterceptorChain.proceed(InvocationInterceptorChain.java:62)
	at org.junit.jupiter.engine.execution.InvocationInterceptorChain.chainAndInvoke(InvocationInterceptorChain.java:43)
	at org.junit.jupiter.engine.execution.InvocationInterceptorChain.invoke(InvocationInterceptorChain.java:35)
	at org.junit.jupiter.engine.execution.ExecutableInvoker.invoke(ExecutableInvoker.java:104)
	at org.junit.jupiter.engine.execution.ExecutableInvoker.invoke(ExecutableInvoker.java:98)
	at org.junit.jupiter.engine.descriptor.TestMethodTestDescriptor.lambda$invokeTestMethod$6(TestMethodTestDescriptor.java:202)
	at org.junit.platform.engine.support.hierarchical.ThrowableCollector.execute(ThrowableCollector.java:73)
	at org.junit.jupiter.engine.descriptor.TestMethodTestDescriptor.invokeTestMethod(TestMethodTestDescriptor.java:198)
	at org.junit.jupiter.engine.descriptor.TestMethodTestDescriptor.execute(TestMethodTestDescriptor.java:135)
	at org.junit.jupiter.engine.descriptor.TestMethodTestDescriptor.execute(TestMethodTestDescriptor.java:69)
	at org.junit.platform.engine.support.hierarchical.NodeTestTask.lambda$executeRecursively$5(NodeTestTask.java:135)
	at org.junit.platform.engine.support.hierarchical.ThrowableCollector.execute(ThrowableCollector.java:73)
	at org.junit.platform.engine.support.hierarchical.NodeTestTask.lambda$executeRecursively$7(NodeTestTask.java:125)
	at org.junit.platform.engine.support.hierarchical.Node.around(Node.java:135)
	at org.junit.platform.engine.support.hierarchical.NodeTestTask.lambda$executeRecursively$8(NodeTestTask.java:123)
	at org.junit.platform.engine.support.hierarchical.ThrowableCollector.execute(ThrowableCollector.java:73)
	at org.junit.platform.engine.support.hierarchical.NodeTestTask.executeRecursively(NodeTestTask.java:122)
	at org.junit.platform.engine.support.hierarchical.NodeTestTask.execute(NodeTestTask.java:80)
	at java.base/java.util.ArrayList.forEach(ArrayList.java:1540)
	at org.junit.platform.engine.support.hierarchical.SameThreadHierarchicalTestExecutorService.invokeAll(SameThreadHierarchicalTestExecutorService.java:38)
	at org.junit.platform.engine.support.hierarchical.NodeTestTask.lambda$executeRecursively$5(NodeTestTask.java:139)
	at org.junit.platform.engine.support.hierarchical.ThrowableCollector.execute(ThrowableCollector.java:73)
	at org.junit.platform.engine.support.hierarchical.NodeTestTask.lambda$executeRecursively$7(NodeTestTask.java:125)
	at org.junit.platform.engine.support.hierarchical.Node.around(Node.java:135)
	at org.junit.platform.engine.support.hierarchical.NodeTestTask.lambda$executeRecursively$8(NodeTestTask.java:123)
	at org.junit.platform.engine.support.hierarchical.ThrowableCollector.execute(ThrowableCollector.java:73)
	at org.junit.platform.engine.support.hierarchical.NodeTestTask.executeRecursively(NodeTestTask.java:122)
	at org.junit.platform.engine.support.hierarchical.NodeTestTask.execute(NodeTestTask.java:80)
	at java.base/java.util.ArrayList.forEach(ArrayList.java:1540)
	at org.junit.platform.engine.support.hierarchical.SameThreadHierarchicalTestExecutorService.invokeAll(SameThreadHierarchicalTestExecutorService.java:38)
	at org.junit.platform.engine.support.hierarchical.NodeTestTask.lambda$executeRecursively$5(NodeTestTask.java:139)
	at org.junit.platform.engine.support.hierarchical.ThrowableCollector.execute(ThrowableCollector.java:73)
	at org.junit.platform.engine.support.hierarchical.NodeTestTask.lambda$executeRecursively$7(NodeTestTask.java:125)
	at org.junit.platform.engine.support.hierarchical.Node.around(Node.java:135)
	at org.junit.platform.engine.support.hierarchical.NodeTestTask.lambda$executeRecursively$8(NodeTestTask.java:123)
	at org.junit.platform.engine.support.hierarchical.ThrowableCollector.execute(ThrowableCollector.java:73)
	at org.junit.platform.engine.support.hierarchical.NodeTestTask.executeRecursively(NodeTestTask.java:122)
	at org.junit.platform.engine.support.hierarchical.NodeTestTask.execute(NodeTestTask.java:80)
	at org.junit.platform.engine.support.hierarchical.SameThreadHierarchicalTestExecutorService.submit(SameThreadHierarchicalTestExecutorService.java:32)
	at org.junit.platform.engine.support.hierarchical.HierarchicalTestExecutor.execute(HierarchicalTestExecutor.java:57)
	at org.junit.platform.engine.support.hierarchical.HierarchicalTestEngine.execute(HierarchicalTestEngine.java:51)
	at org.junit.platform.launcher.core.DefaultLauncher.execute(DefaultLauncher.java:220)
	at org.junit.platform.launcher.core.DefaultLauncher.lambda$execute$6(DefaultLauncher.java:188)
	at org.junit.platform.launcher.core.DefaultLauncher.withInterceptedStreams(DefaultLauncher.java:202)
	at org.junit.platform.launcher.core.DefaultLauncher.execute(DefaultLauncher.java:181)
	at org.junit.platform.launcher.core.DefaultLauncher.execute(DefaultLauncher.java:128)
	at org.apache.maven.surefire.junitplatform.JUnitPlatformProvider.invokeAllTests(JUnitPlatformProvider.java:150)
	at org.apache.maven.surefire.junitplatform.JUnitPlatformProvider.invoke(JUnitPlatformProvider.java:124)
	at org.apache.maven.surefire.booter.ForkedBooter.invokeProviderInSameClassLoader(ForkedBooter.java:384)
	at org.apache.maven.surefire.booter.ForkedBooter.runSuitesInProcess(ForkedBooter.java:345)
	at org.apache.maven.surefire.booter.ForkedBooter.execute(ForkedBooter.java:126)
	at org.apache.maven.surefire.booter.ForkedBooter.main(ForkedBooter.java:418)
Test Successful for test: sortShoes()
==========Start Remove==========
Test Aborted for test: removeShoes()
E:\CN9\FU_Submission_Webservice\submission\PracticalExams\Practical_Java_SE1269_20200424\Server\src\test\java\com\practicalexam
E:\CN9\FU_Submission_Webservice\submission\PracticalExams\Practical_Java_SE1269_20200424\Server\src\test\java\com\practicalexam
[ERROR] Tests run: 5, Failures: 1, Errors: 3, Skipped: 0, Time elapsed: 23.102 s <<< FAILURE! - in com.practicalexam.JavaApplicationTests
[ERROR] insertShoes  Time elapsed: 7.157 s  <<< FAILURE!
org.opentest4j.AssertionFailedError: expected: <true> but was: <false>
	at com.practicalexam.JavaApplicationTests.insertShoes(EXAM_SE63155_Java_289652198.java:31)

[ERROR] updateShoes  Time elapsed: 0.483 s  <<< ERROR!
java.lang.NullPointerException
	at com.practicalexam.JavaApplicationTests.updateShoes(EXAM_SE63155_Java_289652198.java:41)

[ERROR] searchShoes  Time elapsed: 0.266 s  <<< ERROR!
java.lang.NullPointerException
	at com.practicalexam.JavaApplicationTests.searchShoes(EXAM_SE63155_Java_289652198.java:53)

[ERROR] removeShoes  Time elapsed: 0.017 s  <<< ERROR!
java.lang.NullPointerException
	at com.practicalexam.JavaApplicationTests.removeShoes(EXAM_SE63155_Java_289652198.java:83)

2020-04-24 22:41:11.265  INFO 12980 --- [extShutdownHook] o.s.s.concurrent.ThreadPoolTaskExecutor  : Shutting down ExecutorService 'applicationTaskExecutor'
[INFO] 
[INFO] Results:
[INFO] 
[ERROR] Failures: 
[ERROR]   JavaApplicationTests.insertShoes:31 expected: <true> but was: <false>
[ERROR] Errors: 
[ERROR]   JavaApplicationTests.removeShoes:83 � NullPointer
[ERROR]   JavaApplicationTests.searchShoes:53 � NullPointer
[ERROR]   JavaApplicationTests.updateShoes:41 � NullPointer
[INFO] 
[ERROR] Tests run: 5, Failures: 1, Errors: 3, Skipped: 0
[INFO] 
[INFO] ------------------------------------------------------------------------
[INFO] BUILD FAILURE
[INFO] ------------------------------------------------------------------------
[INFO] Total time:  41.087 s
[INFO] Finished at: 2020-04-24T22:41:11+07:00
[INFO] ------------------------------------------------------------------------
[ERROR] Failed to execute goal org.apache.maven.plugins:maven-surefire-plugin:2.22.2:test (default-test) on project java: There are test failures.
[ERROR] 
[ERROR] Please refer to E:\CN9\FU_Submission_Webservice\submission\PracticalExams\Practical_Java_SE1269_20200424\Server\target\surefire-reports for the individual test results.
[ERROR] Please refer to dump files (if any exist) [date].dump, [date]-jvmRun[N].dump and [date].dumpstream.
[ERROR] -> [Help 1]
[ERROR] 
[ERROR] To see the full stack trace of the errors, re-run Maven with the -e switch.
[ERROR] Re-run Maven using the -X switch to enable full debug logging.
[ERROR] 
[ERROR] For more information about the errors and possible solutions, please read the following articles:
[ERROR] [Help 1] http://cwiki.apache.org/confluence/display/MAVEN/MojoFailureException
--------------------------------------------------------
SE63155
--------------------------------------------------------
[INFO] Scanning for projects...
[INFO] 
[INFO] -----------------------< com.fpt.practical:java >-----------------------
[INFO] Building java 0.0.1-SNAPSHOT
[INFO] --------------------------------[ jar ]---------------------------------
[INFO] 
[INFO] --- maven-clean-plugin:3.1.0:clean (default-clean) @ java ---
[INFO] Deleting E:\CN9\FU_Submission_Webservice\submission\PracticalExams\Practical_Java_SE1269_20200424\Server\target
[INFO] 
[INFO] --- maven-resources-plugin:3.1.0:resources (default-resources) @ java ---
[INFO] Using 'UTF-8' encoding to copy filtered resources.
[INFO] Copying 1 resource
[INFO] Copying 0 resource
[INFO] 
[INFO] --- maven-compiler-plugin:3.8.1:compile (default-compile) @ java ---
[INFO] Changes detected - recompiling the module!
[INFO] Compiling 8 source files to E:\CN9\FU_Submission_Webservice\submission\PracticalExams\Practical_Java_SE1269_20200424\Server\target\classes
[INFO] 
[INFO] --- maven-resources-plugin:3.1.0:testResources (default-testResources) @ java ---
[INFO] Using 'UTF-8' encoding to copy filtered resources.
[INFO] skip non existing resourceDirectory E:\CN9\FU_Submission_Webservice\submission\PracticalExams\Practical_Java_SE1269_20200424\Server\src\test\resources
[INFO] 
[INFO] --- maven-compiler-plugin:3.8.1:testCompile (default-testCompile) @ java ---
[INFO] Changes detected - recompiling the module!
[INFO] Compiling 3 source files to E:\CN9\FU_Submission_Webservice\submission\PracticalExams\Practical_Java_SE1269_20200424\Server\target\test-classes
[INFO] 
[INFO] --- maven-surefire-plugin:2.22.2:test (default-test) @ java ---
[INFO] 
[INFO] -------------------------------------------------------
[INFO]  T E S T S
[INFO] -------------------------------------------------------
[INFO] Running com.practicalexam.JavaApplicationTests
23:03:40.563 [main] DEBUG org.springframework.test.context.BootstrapUtils - Instantiating CacheAwareContextLoaderDelegate from class [org.springframework.test.context.cache.DefaultCacheAwareContextLoaderDelegate]
23:03:40.593 [main] DEBUG org.springframework.test.context.BootstrapUtils - Instantiating BootstrapContext using constructor [public org.springframework.test.context.support.DefaultBootstrapContext(java.lang.Class,org.springframework.test.context.CacheAwareContextLoaderDelegate)]
23:03:40.650 [main] DEBUG org.springframework.test.context.BootstrapUtils - Instantiating TestContextBootstrapper for test class [com.practicalexam.JavaApplicationTests] from class [org.springframework.boot.test.context.SpringBootTestContextBootstrapper]
23:03:40.681 [main] INFO org.springframework.boot.test.context.SpringBootTestContextBootstrapper - Neither @ContextConfiguration nor @ContextHierarchy found for test class [com.practicalexam.JavaApplicationTests], using SpringBootContextLoader
23:03:40.694 [main] DEBUG org.springframework.test.context.support.AbstractContextLoader - Did not detect default resource location for test class [com.practicalexam.JavaApplicationTests]: class path resource [com/practicalexam/JavaApplicationTests-context.xml] does not exist
23:03:40.695 [main] DEBUG org.springframework.test.context.support.AbstractContextLoader - Did not detect default resource location for test class [com.practicalexam.JavaApplicationTests]: class path resource [com/practicalexam/JavaApplicationTestsContext.groovy] does not exist
23:03:40.695 [main] INFO org.springframework.test.context.support.AbstractContextLoader - Could not detect default resource locations for test class [com.practicalexam.JavaApplicationTests]: no resource found for suffixes {-context.xml, Context.groovy}.
23:03:40.698 [main] INFO org.springframework.test.context.support.AnnotationConfigContextLoaderUtils - Could not detect default configuration classes for test class [com.practicalexam.JavaApplicationTests]: JavaApplicationTests does not declare any static, non-private, non-final, nested classes annotated with @Configuration.
23:03:40.782 [main] DEBUG org.springframework.test.context.support.ActiveProfilesUtils - Could not find an 'annotation declaring class' for annotation type [org.springframework.test.context.ActiveProfiles] and class [com.practicalexam.JavaApplicationTests]
23:03:40.986 [main] DEBUG org.springframework.context.annotation.ClassPathScanningCandidateComponentProvider - Identified candidate component class: file [E:\CN9\FU_Submission_Webservice\submission\PracticalExams\Practical_Java_SE1269_20200424\Server\target\classes\com\practicalexam\JavaApplication.class]
23:03:40.988 [main] INFO org.springframework.boot.test.context.SpringBootTestContextBootstrapper - Found @SpringBootConfiguration com.practicalexam.JavaApplication for test class com.practicalexam.JavaApplicationTests
23:03:41.322 [main] DEBUG org.springframework.boot.test.context.SpringBootTestContextBootstrapper - @TestExecutionListeners is not present for class [com.practicalexam.JavaApplicationTests]: using defaults.
23:03:41.323 [main] INFO org.springframework.boot.test.context.SpringBootTestContextBootstrapper - Loaded default TestExecutionListener class names from location [META-INF/spring.factories]: [org.springframework.boot.test.mock.mockito.MockitoTestExecutionListener, org.springframework.boot.test.mock.mockito.ResetMocksTestExecutionListener, org.springframework.boot.test.autoconfigure.restdocs.RestDocsTestExecutionListener, org.springframework.boot.test.autoconfigure.web.client.MockRestServiceServerResetTestExecutionListener, org.springframework.boot.test.autoconfigure.web.servlet.MockMvcPrintOnlyOnFailureTestExecutionListener, org.springframework.boot.test.autoconfigure.web.servlet.WebDriverTestExecutionListener, org.springframework.test.context.web.ServletTestExecutionListener, org.springframework.test.context.support.DirtiesContextBeforeModesTestExecutionListener, org.springframework.test.context.support.DependencyInjectionTestExecutionListener, org.springframework.test.context.support.DirtiesContextTestExecutionListener, org.springframework.test.context.transaction.TransactionalTestExecutionListener, org.springframework.test.context.jdbc.SqlScriptsTestExecutionListener, org.springframework.test.context.event.EventPublishingTestExecutionListener]
23:03:41.336 [main] DEBUG org.springframework.boot.test.context.SpringBootTestContextBootstrapper - Skipping candidate TestExecutionListener [org.springframework.test.context.transaction.TransactionalTestExecutionListener] due to a missing dependency. Specify custom listener classes or make the default listener classes and their required dependencies available. Offending class: [org/springframework/transaction/interceptor/TransactionAttributeSource]
23:03:41.337 [main] DEBUG org.springframework.boot.test.context.SpringBootTestContextBootstrapper - Skipping candidate TestExecutionListener [org.springframework.test.context.jdbc.SqlScriptsTestExecutionListener] due to a missing dependency. Specify custom listener classes or make the default listener classes and their required dependencies available. Offending class: [org/springframework/transaction/interceptor/TransactionAttribute]
23:03:41.337 [main] INFO org.springframework.boot.test.context.SpringBootTestContextBootstrapper - Using TestExecutionListeners: [org.springframework.test.context.web.ServletTestExecutionListener@10fde30a, org.springframework.test.context.support.DirtiesContextBeforeModesTestExecutionListener@f27ea3, org.springframework.boot.test.mock.mockito.MockitoTestExecutionListener@1ce61929, org.springframework.boot.test.autoconfigure.SpringBootDependencyInjectionTestExecutionListener@346939bf, org.springframework.test.context.support.DirtiesContextTestExecutionListener@4bf3798b, org.springframework.test.context.event.EventPublishingTestExecutionListener@58670130, org.springframework.boot.test.mock.mockito.ResetMocksTestExecutionListener@74e47444, org.springframework.boot.test.autoconfigure.restdocs.RestDocsTestExecutionListener@9bd0fa6, org.springframework.boot.test.autoconfigure.web.client.MockRestServiceServerResetTestExecutionListener@59d2103b, org.springframework.boot.test.autoconfigure.web.servlet.MockMvcPrintOnlyOnFailureTestExecutionListener@39dcf4b0, org.springframework.boot.test.autoconfigure.web.servlet.WebDriverTestExecutionListener@6e4de19b]
23:03:41.342 [main] DEBUG org.springframework.test.context.support.AbstractDirtiesContextTestExecutionListener - Before test class: context [DefaultTestContext@7c7d3c46 testClass = JavaApplicationTests, testInstance = [null], testMethod = [null], testException = [null], mergedContextConfiguration = [WebMergedContextConfiguration@24fb6a80 testClass = JavaApplicationTests, locations = '{}', classes = '{class com.practicalexam.JavaApplication}', contextInitializerClasses = '[]', activeProfiles = '{}', propertySourceLocations = '{}', propertySourceProperties = '{org.springframework.boot.test.context.SpringBootTestContextBootstrapper=true}', contextCustomizers = set[org.springframework.boot.test.context.filter.ExcludeFilterContextCustomizer@177bea38, org.springframework.boot.test.json.DuplicateJsonObjectContextCustomizerFactory$DuplicateJsonObjectContextCustomizer@2631f68c, org.springframework.boot.test.mock.mockito.MockitoContextCustomizer@0, org.springframework.boot.test.web.client.TestRestTemplateContextCustomizer@2a62b5bc, org.springframework.boot.test.autoconfigure.properties.PropertyMappingContextCustomizer@0, org.springframework.boot.test.autoconfigure.web.servlet.WebDriverContextCustomizerFactory$Customizer@5a18cd76], resourceBasePath = 'src/main/webapp', contextLoader = 'org.springframework.boot.test.context.SpringBootContextLoader', parent = [null]], attributes = map['org.springframework.test.context.web.ServletTestExecutionListener.activateListener' -> true]], class annotated with @DirtiesContext [false] with mode [null].
23:03:41.384 [main] DEBUG org.springframework.test.context.support.TestPropertySourceUtils - Adding inlined properties to environment: {spring.jmx.enabled=false, org.springframework.boot.test.context.SpringBootTestContextBootstrapper=true, server.port=-1}

  .   ____          _            __ _ _
 /\\ / ___'_ __ _ _(_)_ __  __ _ \ \ \ \
( ( )\___ | '_ | '_| | '_ \/ _` | \ \ \ \
 \\/  ___)| |_)| | | | | || (_| |  ) ) ) )
  '  |____| .__|_| |_|_| |_\__, | / / / /
 =========|_|==============|___/=/_/_/_/
 :: Spring Boot ::        (v2.2.4.RELEASE)

2020-04-24 23:03:43.688  INFO 14688 --- [           main] com.practicalexam.JavaApplicationTests   : Starting JavaApplicationTests on THUCNHSE63155 with PID 14688 (started by HP in E:\CN9\FU_Submission_Webservice\submission\PracticalExams\Practical_Java_SE1269_20200424\Server)
2020-04-24 23:03:43.690  INFO 14688 --- [           main] com.practicalexam.JavaApplicationTests   : No active profile set, falling back to default profiles: default
2020-04-24 23:03:46.882  INFO 14688 --- [           main] trationDelegate$BeanPostProcessorChecker : Bean 'org.springframework.ws.config.annotation.DelegatingWsConfiguration' of type [org.springframework.ws.config.annotation.DelegatingWsConfiguration$$EnhancerBySpringCGLIB$$a5166153] is not eligible for getting processed by all BeanPostProcessors (for example: not eligible for auto-proxying)
2020-04-24 23:03:47.243  INFO 14688 --- [           main] .w.s.a.s.AnnotationActionEndpointMapping : Supporting [WS-Addressing August 2004, WS-Addressing 1.0]
2020-04-24 23:03:50.163  INFO 14688 --- [           main] o.s.s.concurrent.ThreadPoolTaskExecutor  : Initializing ExecutorService 'applicationTaskExecutor'
2020-04-24 23:03:51.953  INFO 14688 --- [           main] com.practicalexam.JavaApplicationTests   : Started JavaApplicationTests in 10.551 seconds (JVM running for 13.528)
==========Start Insert==========
|IA1406|null    |null                |   0|      0.0|
|IA1406|null    |null                |   0|      0.0|
==========End Insert==========
Test Aborted for test: insertShoes()
==========Start Update==========
Test Aborted for test: updateShoes()
==========Start Search==========
Test Aborted for test: searchShoes()
==========Start Sort==========
java.lang.NullPointerException
	at com.practicalexam.student.data.Shoes.compareTo(Shoes.java:67)
	at com.practicalexam.student.data.Shoes.compareTo(Shoes.java:12)
	at java.base/java.util.ComparableTimSort.countRunAndMakeAscending(ComparableTimSort.java:320)
	at java.base/java.util.ComparableTimSort.sort(ComparableTimSort.java:188)
	at java.base/java.util.Arrays.sort(Arrays.java:1315)
	at java.base/java.util.Arrays.sort(Arrays.java:1509)
	at java.base/java.util.ArrayList.sort(ArrayList.java:1749)
	at java.base/java.util.Collections.sort(Collections.java:145)
	at com.practicalexam.student.Cabinet.sort(Cabinet.java:84)
	at com.practicalexam.student.TemplateQuestion.sort(TemplateQuestion.java:32)
	at com.practicalexam.JavaApplicationTests.sortShoes(EXAM_SE63155_Java_289652198.java:66)
	at java.base/jdk.internal.reflect.NativeMethodAccessorImpl.invoke0(Native Method)
	at java.base/jdk.internal.reflect.NativeMethodAccessorImpl.invoke(NativeMethodAccessorImpl.java:62)
	at java.base/jdk.internal.reflect.DelegatingMethodAccessorImpl.invoke(DelegatingMethodAccessorImpl.java:43)
	at java.base/java.lang.reflect.Method.invoke(Method.java:566)
	at org.junit.platform.commons.util.ReflectionUtils.invokeMethod(ReflectionUtils.java:675)
	at org.junit.jupiter.engine.execution.MethodInvocation.proceed(MethodInvocation.java:60)
	at org.junit.jupiter.engine.execution.InvocationInterceptorChain$ValidatingInvocation.proceed(InvocationInterceptorChain.java:125)
	at org.junit.jupiter.engine.extension.TimeoutExtension.intercept(TimeoutExtension.java:132)
	at org.junit.jupiter.engine.extension.TimeoutExtension.interceptTestableMethod(TimeoutExtension.java:124)
	at org.junit.jupiter.engine.extension.TimeoutExtension.interceptTestMethod(TimeoutExtension.java:74)
	at org.junit.jupiter.engine.execution.ExecutableInvoker$ReflectiveInterceptorCall.lambda$ofVoidMethod$0(ExecutableInvoker.java:115)
	at org.junit.jupiter.engine.execution.ExecutableInvoker.lambda$invoke$0(ExecutableInvoker.java:105)
	at org.junit.jupiter.engine.execution.InvocationInterceptorChain$InterceptedInvocation.proceed(InvocationInterceptorChain.java:104)
	at org.junit.jupiter.engine.execution.InvocationInterceptorChain.proceed(InvocationInterceptorChain.java:62)
	at org.junit.jupiter.engine.execution.InvocationInterceptorChain.chainAndInvoke(InvocationInterceptorChain.java:43)
	at org.junit.jupiter.engine.execution.InvocationInterceptorChain.invoke(InvocationInterceptorChain.java:35)
	at org.junit.jupiter.engine.execution.ExecutableInvoker.invoke(ExecutableInvoker.java:104)
	at org.junit.jupiter.engine.execution.ExecutableInvoker.invoke(ExecutableInvoker.java:98)
	at org.junit.jupiter.engine.descriptor.TestMethodTestDescriptor.lambda$invokeTestMethod$6(TestMethodTestDescriptor.java:202)
	at org.junit.platform.engine.support.hierarchical.ThrowableCollector.execute(ThrowableCollector.java:73)
	at org.junit.jupiter.engine.descriptor.TestMethodTestDescriptor.invokeTestMethod(TestMethodTestDescriptor.java:198)
	at org.junit.jupiter.engine.descriptor.TestMethodTestDescriptor.execute(TestMethodTestDescriptor.java:135)
	at org.junit.jupiter.engine.descriptor.TestMethodTestDescriptor.execute(TestMethodTestDescriptor.java:69)
	at org.junit.platform.engine.support.hierarchical.NodeTestTask.lambda$executeRecursively$5(NodeTestTask.java:135)
	at org.junit.platform.engine.support.hierarchical.ThrowableCollector.execute(ThrowableCollector.java:73)
	at org.junit.platform.engine.support.hierarchical.NodeTestTask.lambda$executeRecursively$7(NodeTestTask.java:125)
	at org.junit.platform.engine.support.hierarchical.Node.around(Node.java:135)
	at org.junit.platform.engine.support.hierarchical.NodeTestTask.lambda$executeRecursively$8(NodeTestTask.java:123)
	at org.junit.platform.engine.support.hierarchical.ThrowableCollector.execute(ThrowableCollector.java:73)
	at org.junit.platform.engine.support.hierarchical.NodeTestTask.executeRecursively(NodeTestTask.java:122)
	at org.junit.platform.engine.support.hierarchical.NodeTestTask.execute(NodeTestTask.java:80)
	at java.base/java.util.ArrayList.forEach(ArrayList.java:1540)
	at org.junit.platform.engine.support.hierarchical.SameThreadHierarchicalTestExecutorService.invokeAll(SameThreadHierarchicalTestExecutorService.java:38)
	at org.junit.platform.engine.support.hierarchical.NodeTestTask.lambda$executeRecursively$5(NodeTestTask.java:139)
	at org.junit.platform.engine.support.hierarchical.ThrowableCollector.execute(ThrowableCollector.java:73)
	at org.junit.platform.engine.support.hierarchical.NodeTestTask.lambda$executeRecursively$7(NodeTestTask.java:125)
	at org.junit.platform.engine.support.hierarchical.Node.around(Node.java:135)
	at org.junit.platform.engine.support.hierarchical.NodeTestTask.lambda$executeRecursively$8(NodeTestTask.java:123)
	at org.junit.platform.engine.support.hierarchical.ThrowableCollector.execute(ThrowableCollector.java:73)
	at org.junit.platform.engine.support.hierarchical.NodeTestTask.executeRecursively(NodeTestTask.java:122)
	at org.junit.platform.engine.support.hierarchical.NodeTestTask.execute(NodeTestTask.java:80)
	at java.base/java.util.ArrayList.forEach(ArrayList.java:1540)
	at org.junit.platform.engine.support.hierarchical.SameThreadHierarchicalTestExecutorService.invokeAll(SameThreadHierarchicalTestExecutorService.java:38)
	at org.junit.platform.engine.support.hierarchical.NodeTestTask.lambda$executeRecursively$5(NodeTestTask.java:139)
	at org.junit.platform.engine.support.hierarchical.ThrowableCollector.execute(ThrowableCollector.java:73)
	at org.junit.platform.engine.support.hierarchical.NodeTestTask.lambda$executeRecursively$7(NodeTestTask.java:125)
	at org.junit.platform.engine.support.hierarchical.Node.around(Node.java:135)
	at org.junit.platform.engine.support.hierarchical.NodeTestTask.lambda$executeRecursively$8(NodeTestTask.java:123)
	at org.junit.platform.engine.support.hierarchical.ThrowableCollector.execute(ThrowableCollector.java:73)
	at org.junit.platform.engine.support.hierarchical.NodeTestTask.executeRecursively(NodeTestTask.java:122)
	at org.junit.platform.engine.support.hierarchical.NodeTestTask.execute(NodeTestTask.java:80)
	at org.junit.platform.engine.support.hierarchical.SameThreadHierarchicalTestExecutorService.submit(SameThreadHierarchicalTestExecutorService.java:32)
	at org.junit.platform.engine.support.hierarchical.HierarchicalTestExecutor.execute(HierarchicalTestExecutor.java:57)
	at org.junit.platform.engine.support.hierarchical.HierarchicalTestEngine.execute(HierarchicalTestEngine.java:51)
	at org.junit.platform.launcher.core.DefaultLauncher.execute(DefaultLauncher.java:220)
	at org.junit.platform.launcher.core.DefaultLauncher.lambda$execute$6(DefaultLauncher.java:188)
	at org.junit.platform.launcher.core.DefaultLauncher.withInterceptedStreams(DefaultLauncher.java:202)
	at org.junit.platform.launcher.core.DefaultLauncher.execute(DefaultLauncher.java:181)
	at org.junit.platform.launcher.core.DefaultLauncher.execute(DefaultLauncher.java:128)
	at org.apache.maven.surefire.junitplatform.JUnitPlatformProvider.invokeAllTests(JUnitPlatformProvider.java:150)
	at org.apache.maven.surefire.junitplatform.JUnitPlatformProvider.invoke(JUnitPlatformProvider.java:124)
	at org.apache.maven.surefire.booter.ForkedBooter.invokeProviderInSameClassLoader(ForkedBooter.java:384)
	at org.apache.maven.surefire.booter.ForkedBooter.runSuitesInProcess(ForkedBooter.java:345)
	at org.apache.maven.surefire.booter.ForkedBooter.execute(ForkedBooter.java:126)
	at org.apache.maven.surefire.booter.ForkedBooter.main(ForkedBooter.java:418)
Test Successful for test: sortShoes()
==========Start Remove==========
Test Aborted for test: removeShoes()
E:\CN9\FU_Submission_Webservice\submission\PracticalExams\Practical_Java_SE1269_20200424\Server\src\test\java\com\practicalexam
E:\CN9\FU_Submission_Webservice\submission\PracticalExams\Practical_Java_SE1269_20200424\Server\src\test\java\com\practicalexam
[ERROR] Tests run: 5, Failures: 1, Errors: 3, Skipped: 0, Time elapsed: 18.683 s <<< FAILURE! - in com.practicalexam.JavaApplicationTests
[ERROR] insertShoes  Time elapsed: 6.89 s  <<< FAILURE!
org.opentest4j.AssertionFailedError: expected: <true> but was: <false>
	at com.practicalexam.JavaApplicationTests.insertShoes(EXAM_SE63155_Java_289652198.java:31)

[ERROR] updateShoes  Time elapsed: 0.007 s  <<< ERROR!
java.lang.NullPointerException
	at com.practicalexam.JavaApplicationTests.updateShoes(EXAM_SE63155_Java_289652198.java:41)

[ERROR] searchShoes  Time elapsed: 0.007 s  <<< ERROR!
java.lang.NullPointerException
	at com.practicalexam.JavaApplicationTests.searchShoes(EXAM_SE63155_Java_289652198.java:53)

[ERROR] removeShoes  Time elapsed: 0.011 s  <<< ERROR!
java.lang.NullPointerException
	at com.practicalexam.JavaApplicationTests.removeShoes(EXAM_SE63155_Java_289652198.java:83)

2020-04-24 23:03:59.236  INFO 14688 --- [extShutdownHook] o.s.s.concurrent.ThreadPoolTaskExecutor  : Shutting down ExecutorService 'applicationTaskExecutor'
[INFO] 
[INFO] Results:
[INFO] 
[ERROR] Failures: 
[ERROR]   JavaApplicationTests.insertShoes:31 expected: <true> but was: <false>
[ERROR] Errors: 
[ERROR]   JavaApplicationTests.removeShoes:83 � NullPointer
[ERROR]   JavaApplicationTests.searchShoes:53 � NullPointer
[ERROR]   JavaApplicationTests.updateShoes:41 � NullPointer
[INFO] 
[ERROR] Tests run: 5, Failures: 1, Errors: 3, Skipped: 0
[INFO] 
[INFO] ------------------------------------------------------------------------
[INFO] BUILD FAILURE
[INFO] ------------------------------------------------------------------------
[INFO] Total time:  51.652 s
[INFO] Finished at: 2020-04-24T23:03:59+07:00
[INFO] ------------------------------------------------------------------------
[ERROR] Failed to execute goal org.apache.maven.plugins:maven-surefire-plugin:2.22.2:test (default-test) on project java: There are test failures.
[ERROR] 
[ERROR] Please refer to E:\CN9\FU_Submission_Webservice\submission\PracticalExams\Practical_Java_SE1269_20200424\Server\target\surefire-reports for the individual test results.
[ERROR] Please refer to dump files (if any exist) [date].dump, [date]-jvmRun[N].dump and [date].dumpstream.
[ERROR] -> [Help 1]
[ERROR] 
[ERROR] To see the full stack trace of the errors, re-run Maven with the -e switch.
[ERROR] Re-run Maven using the -X switch to enable full debug logging.
[ERROR] 
[ERROR] For more information about the errors and possible solutions, please read the following articles:
[ERROR] [Help 1] http://cwiki.apache.org/confluence/display/MAVEN/MojoFailureException
--------------------------------------------------------
SE63155
--------------------------------------------------------
[INFO] Scanning for projects...
[INFO] 
[INFO] -----------------------< com.fpt.practical:java >-----------------------
[INFO] Building java 0.0.1-SNAPSHOT
[INFO] --------------------------------[ jar ]---------------------------------
[INFO] 
[INFO] --- maven-clean-plugin:3.1.0:clean (default-clean) @ java ---
[INFO] Deleting E:\CN9\FU_Submission_Webservice\submission\PracticalExams\Practical_Java_SE1269_20200424\Server\target
[INFO] 
[INFO] --- maven-resources-plugin:3.1.0:resources (default-resources) @ java ---
[INFO] Using 'UTF-8' encoding to copy filtered resources.
[INFO] Copying 1 resource
[INFO] Copying 0 resource
[INFO] 
[INFO] --- maven-compiler-plugin:3.8.1:compile (default-compile) @ java ---
[INFO] Changes detected - recompiling the module!
[INFO] Compiling 8 source files to E:\CN9\FU_Submission_Webservice\submission\PracticalExams\Practical_Java_SE1269_20200424\Server\target\classes
[INFO] 
[INFO] --- maven-resources-plugin:3.1.0:testResources (default-testResources) @ java ---
[INFO] Using 'UTF-8' encoding to copy filtered resources.
[INFO] skip non existing resourceDirectory E:\CN9\FU_Submission_Webservice\submission\PracticalExams\Practical_Java_SE1269_20200424\Server\src\test\resources
[INFO] 
[INFO] --- maven-compiler-plugin:3.8.1:testCompile (default-testCompile) @ java ---
[INFO] Changes detected - recompiling the module!
[INFO] Compiling 3 source files to E:\CN9\FU_Submission_Webservice\submission\PracticalExams\Practical_Java_SE1269_20200424\Server\target\test-classes
[INFO] 
[INFO] --- maven-surefire-plugin:2.22.2:test (default-test) @ java ---
[INFO] 
[INFO] -------------------------------------------------------
[INFO]  T E S T S
[INFO] -------------------------------------------------------
[INFO] Running com.practicalexam.JavaApplicationTests
11:20:16.564 [main] DEBUG org.springframework.test.context.BootstrapUtils - Instantiating CacheAwareContextLoaderDelegate from class [org.springframework.test.context.cache.DefaultCacheAwareContextLoaderDelegate]
11:20:16.637 [main] DEBUG org.springframework.test.context.BootstrapUtils - Instantiating BootstrapContext using constructor [public org.springframework.test.context.support.DefaultBootstrapContext(java.lang.Class,org.springframework.test.context.CacheAwareContextLoaderDelegate)]
11:20:16.799 [main] DEBUG org.springframework.test.context.BootstrapUtils - Instantiating TestContextBootstrapper for test class [com.practicalexam.JavaApplicationTests] from class [org.springframework.boot.test.context.SpringBootTestContextBootstrapper]
11:20:16.835 [main] INFO org.springframework.boot.test.context.SpringBootTestContextBootstrapper - Neither @ContextConfiguration nor @ContextHierarchy found for test class [com.practicalexam.JavaApplicationTests], using SpringBootContextLoader
11:20:16.845 [main] DEBUG org.springframework.test.context.support.AbstractContextLoader - Did not detect default resource location for test class [com.practicalexam.JavaApplicationTests]: class path resource [com/practicalexam/JavaApplicationTests-context.xml] does not exist
11:20:16.847 [main] DEBUG org.springframework.test.context.support.AbstractContextLoader - Did not detect default resource location for test class [com.practicalexam.JavaApplicationTests]: class path resource [com/practicalexam/JavaApplicationTestsContext.groovy] does not exist
11:20:16.848 [main] INFO org.springframework.test.context.support.AbstractContextLoader - Could not detect default resource locations for test class [com.practicalexam.JavaApplicationTests]: no resource found for suffixes {-context.xml, Context.groovy}.
11:20:16.850 [main] INFO org.springframework.test.context.support.AnnotationConfigContextLoaderUtils - Could not detect default configuration classes for test class [com.practicalexam.JavaApplicationTests]: JavaApplicationTests does not declare any static, non-private, non-final, nested classes annotated with @Configuration.
11:20:16.934 [main] DEBUG org.springframework.test.context.support.ActiveProfilesUtils - Could not find an 'annotation declaring class' for annotation type [org.springframework.test.context.ActiveProfiles] and class [com.practicalexam.JavaApplicationTests]
11:20:17.161 [main] DEBUG org.springframework.context.annotation.ClassPathScanningCandidateComponentProvider - Identified candidate component class: file [E:\CN9\FU_Submission_Webservice\submission\PracticalExams\Practical_Java_SE1269_20200424\Server\target\classes\com\practicalexam\JavaApplication.class]
11:20:17.166 [main] INFO org.springframework.boot.test.context.SpringBootTestContextBootstrapper - Found @SpringBootConfiguration com.practicalexam.JavaApplication for test class com.practicalexam.JavaApplicationTests
11:20:17.625 [main] DEBUG org.springframework.boot.test.context.SpringBootTestContextBootstrapper - @TestExecutionListeners is not present for class [com.practicalexam.JavaApplicationTests]: using defaults.
11:20:17.626 [main] INFO org.springframework.boot.test.context.SpringBootTestContextBootstrapper - Loaded default TestExecutionListener class names from location [META-INF/spring.factories]: [org.springframework.boot.test.mock.mockito.MockitoTestExecutionListener, org.springframework.boot.test.mock.mockito.ResetMocksTestExecutionListener, org.springframework.boot.test.autoconfigure.restdocs.RestDocsTestExecutionListener, org.springframework.boot.test.autoconfigure.web.client.MockRestServiceServerResetTestExecutionListener, org.springframework.boot.test.autoconfigure.web.servlet.MockMvcPrintOnlyOnFailureTestExecutionListener, org.springframework.boot.test.autoconfigure.web.servlet.WebDriverTestExecutionListener, org.springframework.test.context.web.ServletTestExecutionListener, org.springframework.test.context.support.DirtiesContextBeforeModesTestExecutionListener, org.springframework.test.context.support.DependencyInjectionTestExecutionListener, org.springframework.test.context.support.DirtiesContextTestExecutionListener, org.springframework.test.context.transaction.TransactionalTestExecutionListener, org.springframework.test.context.jdbc.SqlScriptsTestExecutionListener, org.springframework.test.context.event.EventPublishingTestExecutionListener]
11:20:17.650 [main] DEBUG org.springframework.boot.test.context.SpringBootTestContextBootstrapper - Skipping candidate TestExecutionListener [org.springframework.test.context.transaction.TransactionalTestExecutionListener] due to a missing dependency. Specify custom listener classes or make the default listener classes and their required dependencies available. Offending class: [org/springframework/transaction/interceptor/TransactionAttributeSource]
11:20:17.652 [main] DEBUG org.springframework.boot.test.context.SpringBootTestContextBootstrapper - Skipping candidate TestExecutionListener [org.springframework.test.context.jdbc.SqlScriptsTestExecutionListener] due to a missing dependency. Specify custom listener classes or make the default listener classes and their required dependencies available. Offending class: [org/springframework/transaction/interceptor/TransactionAttribute]
11:20:17.653 [main] INFO org.springframework.boot.test.context.SpringBootTestContextBootstrapper - Using TestExecutionListeners: [org.springframework.test.context.web.ServletTestExecutionListener@10fde30a, org.springframework.test.context.support.DirtiesContextBeforeModesTestExecutionListener@f27ea3, org.springframework.boot.test.mock.mockito.MockitoTestExecutionListener@1ce61929, org.springframework.boot.test.autoconfigure.SpringBootDependencyInjectionTestExecutionListener@346939bf, org.springframework.test.context.support.DirtiesContextTestExecutionListener@4bf3798b, org.springframework.test.context.event.EventPublishingTestExecutionListener@58670130, org.springframework.boot.test.mock.mockito.ResetMocksTestExecutionListener@74e47444, org.springframework.boot.test.autoconfigure.restdocs.RestDocsTestExecutionListener@9bd0fa6, org.springframework.boot.test.autoconfigure.web.client.MockRestServiceServerResetTestExecutionListener@59d2103b, org.springframework.boot.test.autoconfigure.web.servlet.MockMvcPrintOnlyOnFailureTestExecutionListener@39dcf4b0, org.springframework.boot.test.autoconfigure.web.servlet.WebDriverTestExecutionListener@6e4de19b]
11:20:17.671 [main] DEBUG org.springframework.test.context.support.AbstractDirtiesContextTestExecutionListener - Before test class: context [DefaultTestContext@7c7d3c46 testClass = JavaApplicationTests, testInstance = [null], testMethod = [null], testException = [null], mergedContextConfiguration = [WebMergedContextConfiguration@24fb6a80 testClass = JavaApplicationTests, locations = '{}', classes = '{class com.practicalexam.JavaApplication}', contextInitializerClasses = '[]', activeProfiles = '{}', propertySourceLocations = '{}', propertySourceProperties = '{org.springframework.boot.test.context.SpringBootTestContextBootstrapper=true}', contextCustomizers = set[org.springframework.boot.test.context.filter.ExcludeFilterContextCustomizer@177bea38, org.springframework.boot.test.json.DuplicateJsonObjectContextCustomizerFactory$DuplicateJsonObjectContextCustomizer@2631f68c, org.springframework.boot.test.mock.mockito.MockitoContextCustomizer@0, org.springframework.boot.test.web.client.TestRestTemplateContextCustomizer@2a62b5bc, org.springframework.boot.test.autoconfigure.properties.PropertyMappingContextCustomizer@0, org.springframework.boot.test.autoconfigure.web.servlet.WebDriverContextCustomizerFactory$Customizer@5a18cd76], resourceBasePath = 'src/main/webapp', contextLoader = 'org.springframework.boot.test.context.SpringBootContextLoader', parent = [null]], attributes = map['org.springframework.test.context.web.ServletTestExecutionListener.activateListener' -> true]], class annotated with @DirtiesContext [false] with mode [null].
11:20:17.759 [main] DEBUG org.springframework.test.context.support.TestPropertySourceUtils - Adding inlined properties to environment: {spring.jmx.enabled=false, org.springframework.boot.test.context.SpringBootTestContextBootstrapper=true, server.port=-1}

  .   ____          _            __ _ _
 /\\ / ___'_ __ _ _(_)_ __  __ _ \ \ \ \
( ( )\___ | '_ | '_| | '_ \/ _` | \ \ \ \
 \\/  ___)| |_)| | | | | || (_| |  ) ) ) )
  '  |____| .__|_| |_|_| |_\__, | / / / /
 =========|_|==============|___/=/_/_/_/
 :: Spring Boot ::        (v2.2.4.RELEASE)

2020-04-25 11:20:18.674  INFO 9020 --- [           main] com.practicalexam.JavaApplicationTests   : Starting JavaApplicationTests on THUCNHSE63155 with PID 9020 (started by HP in E:\CN9\FU_Submission_Webservice\submission\PracticalExams\Practical_Java_SE1269_20200424\Server)
2020-04-25 11:20:18.679  INFO 9020 --- [           main] com.practicalexam.JavaApplicationTests   : No active profile set, falling back to default profiles: default
2020-04-25 11:20:21.541  INFO 9020 --- [           main] trationDelegate$BeanPostProcessorChecker : Bean 'org.springframework.ws.config.annotation.DelegatingWsConfiguration' of type [org.springframework.ws.config.annotation.DelegatingWsConfiguration$$EnhancerBySpringCGLIB$$fa48ac00] is not eligible for getting processed by all BeanPostProcessors (for example: not eligible for auto-proxying)
2020-04-25 11:20:21.781  INFO 9020 --- [           main] .w.s.a.s.AnnotationActionEndpointMapping : Supporting [WS-Addressing August 2004, WS-Addressing 1.0]
2020-04-25 11:20:23.670  INFO 9020 --- [           main] o.s.s.concurrent.ThreadPoolTaskExecutor  : Initializing ExecutorService 'applicationTaskExecutor'
2020-04-25 11:20:24.638  INFO 9020 --- [           main] com.practicalexam.JavaApplicationTests   : Started JavaApplicationTests in 6.855 seconds (JVM running for 13.247)
==========Start Insert==========
|IA1406|codeAdd |modelAdd            |  10|   1000.0|
|IA1406|codeAdd2|modelAdd            |  10|   1000.0|
==========End Insert==========
Test Successful for test: insertShoes()
==========Start Update==========
|IA1406|codeAdd |modelAdd            |  10|   1000.0|
|IA1406|codeAdd2|modelUpdate         |  11|   1001.0|
==========End Update==========
Test Successful for test: updateShoes()
==========Start Search==========
|IA1406|codeAdd |modelAdd            |  10|   1000.0|
==========End Search==========
Test Successful for test: searchShoes()
==========Start Sort==========
|IA1406|codeAdd |modelAdd            |  10|   1000.0|
|IA1406|codeAdd2|modelUpdate         |  11|   1001.0|
|IA1406|codeSort|zmodelSort          |  14|   1004.0|
==========End Sort==========
Test Successful for test: sortShoes()
==========Start Remove==========
|IA1406|codeAdd |modelAdd            |  10|   1000.0|
|IA1406|codeAdd2|modelUpdate         |  11|   1001.0|
|IA1406|codeSort|zmodelSort          |  14|   1004.0|
==========End Remove==========
Test Successful for test: removeShoes()
E:\CN9\FU_Submission_Webservice\submission\PracticalExams\Practical_Java_SE1269_20200424\Server\src\test\java\com\practicalexam
E:\CN9\FU_Submission_Webservice\submission\PracticalExams\Practical_Java_SE1269_20200424\Server\src\test\java\com\practicalexam
[INFO] Tests run: 5, Failures: 0, Errors: 0, Skipped: 0, Time elapsed: 34.728 s - in com.practicalexam.JavaApplicationTests
2020-04-25 11:20:51.053  INFO 9020 --- [extShutdownHook] o.s.s.concurrent.ThreadPoolTaskExecutor  : Shutting down ExecutorService 'applicationTaskExecutor'
[INFO] 
[INFO] Results:
[INFO] 
[INFO] Tests run: 5, Failures: 0, Errors: 0, Skipped: 0
[INFO] 
[INFO] 
[INFO] --- maven-jar-plugin:3.1.2:jar (default-jar) @ java ---
[INFO] Building jar: E:\CN9\FU_Submission_Webservice\submission\PracticalExams\Practical_Java_SE1269_20200424\Server\target\java-0.0.1-SNAPSHOT.jar
[INFO] 
[INFO] --- spring-boot-maven-plugin:2.2.4.RELEASE:repackage (repackage) @ java ---
[INFO] Replacing main artifact with repackaged archive
[INFO] ------------------------------------------------------------------------
[INFO] BUILD SUCCESS
[INFO] ------------------------------------------------------------------------
[INFO] Total time:  01:03 min
[INFO] Finished at: 2020-04-25T11:20:54+07:00
[INFO] ------------------------------------------------------------------------
--------------------------------------------------------
SE63155
--------------------------------------------------------
[INFO] Scanning for projects...
[INFO] 
[INFO] -----------------------< com.fpt.practical:java >-----------------------
[INFO] Building java 0.0.1-SNAPSHOT
[INFO] --------------------------------[ jar ]---------------------------------
[INFO] 
[INFO] --- maven-clean-plugin:3.1.0:clean (default-clean) @ java ---
[INFO] Deleting E:\CN9\FU_Submission_Webservice\submission\PracticalExams\Practical_Java_SE1269_20200424\Server\target
[INFO] 
[INFO] --- maven-resources-plugin:3.1.0:resources (default-resources) @ java ---
[INFO] Using 'UTF-8' encoding to copy filtered resources.
[INFO] Copying 1 resource
[INFO] Copying 0 resource
[INFO] 
[INFO] --- maven-compiler-plugin:3.8.1:compile (default-compile) @ java ---
[INFO] Changes detected - recompiling the module!
[INFO] Compiling 8 source files to E:\CN9\FU_Submission_Webservice\submission\PracticalExams\Practical_Java_SE1269_20200424\Server\target\classes
[INFO] 
[INFO] --- maven-resources-plugin:3.1.0:testResources (default-testResources) @ java ---
[INFO] Using 'UTF-8' encoding to copy filtered resources.
[INFO] skip non existing resourceDirectory E:\CN9\FU_Submission_Webservice\submission\PracticalExams\Practical_Java_SE1269_20200424\Server\src\test\resources
[INFO] 
[INFO] --- maven-compiler-plugin:3.8.1:testCompile (default-testCompile) @ java ---
[INFO] Changes detected - recompiling the module!
[INFO] Compiling 3 source files to E:\CN9\FU_Submission_Webservice\submission\PracticalExams\Practical_Java_SE1269_20200424\Server\target\test-classes
[INFO] 
[INFO] --- maven-surefire-plugin:2.22.2:test (default-test) @ java ---
[INFO] 
[INFO] -------------------------------------------------------
[INFO]  T E S T S
[INFO] -------------------------------------------------------
[INFO] Running com.practicalexam.JavaApplicationTests
11:24:24.270 [main] DEBUG org.springframework.test.context.BootstrapUtils - Instantiating CacheAwareContextLoaderDelegate from class [org.springframework.test.context.cache.DefaultCacheAwareContextLoaderDelegate]
11:24:24.287 [main] DEBUG org.springframework.test.context.BootstrapUtils - Instantiating BootstrapContext using constructor [public org.springframework.test.context.support.DefaultBootstrapContext(java.lang.Class,org.springframework.test.context.CacheAwareContextLoaderDelegate)]
11:24:24.333 [main] DEBUG org.springframework.test.context.BootstrapUtils - Instantiating TestContextBootstrapper for test class [com.practicalexam.JavaApplicationTests] from class [org.springframework.boot.test.context.SpringBootTestContextBootstrapper]
11:24:24.361 [main] INFO org.springframework.boot.test.context.SpringBootTestContextBootstrapper - Neither @ContextConfiguration nor @ContextHierarchy found for test class [com.practicalexam.JavaApplicationTests], using SpringBootContextLoader
11:24:24.368 [main] DEBUG org.springframework.test.context.support.AbstractContextLoader - Did not detect default resource location for test class [com.practicalexam.JavaApplicationTests]: class path resource [com/practicalexam/JavaApplicationTests-context.xml] does not exist
11:24:24.369 [main] DEBUG org.springframework.test.context.support.AbstractContextLoader - Did not detect default resource location for test class [com.practicalexam.JavaApplicationTests]: class path resource [com/practicalexam/JavaApplicationTestsContext.groovy] does not exist
11:24:24.371 [main] INFO org.springframework.test.context.support.AbstractContextLoader - Could not detect default resource locations for test class [com.practicalexam.JavaApplicationTests]: no resource found for suffixes {-context.xml, Context.groovy}.
11:24:24.372 [main] INFO org.springframework.test.context.support.AnnotationConfigContextLoaderUtils - Could not detect default configuration classes for test class [com.practicalexam.JavaApplicationTests]: JavaApplicationTests does not declare any static, non-private, non-final, nested classes annotated with @Configuration.
11:24:24.428 [main] DEBUG org.springframework.test.context.support.ActiveProfilesUtils - Could not find an 'annotation declaring class' for annotation type [org.springframework.test.context.ActiveProfiles] and class [com.practicalexam.JavaApplicationTests]
11:24:24.512 [main] DEBUG org.springframework.context.annotation.ClassPathScanningCandidateComponentProvider - Identified candidate component class: file [E:\CN9\FU_Submission_Webservice\submission\PracticalExams\Practical_Java_SE1269_20200424\Server\target\classes\com\practicalexam\JavaApplication.class]
11:24:24.513 [main] INFO org.springframework.boot.test.context.SpringBootTestContextBootstrapper - Found @SpringBootConfiguration com.practicalexam.JavaApplication for test class com.practicalexam.JavaApplicationTests
11:24:24.649 [main] DEBUG org.springframework.boot.test.context.SpringBootTestContextBootstrapper - @TestExecutionListeners is not present for class [com.practicalexam.JavaApplicationTests]: using defaults.
11:24:24.650 [main] INFO org.springframework.boot.test.context.SpringBootTestContextBootstrapper - Loaded default TestExecutionListener class names from location [META-INF/spring.factories]: [org.springframework.boot.test.mock.mockito.MockitoTestExecutionListener, org.springframework.boot.test.mock.mockito.ResetMocksTestExecutionListener, org.springframework.boot.test.autoconfigure.restdocs.RestDocsTestExecutionListener, org.springframework.boot.test.autoconfigure.web.client.MockRestServiceServerResetTestExecutionListener, org.springframework.boot.test.autoconfigure.web.servlet.MockMvcPrintOnlyOnFailureTestExecutionListener, org.springframework.boot.test.autoconfigure.web.servlet.WebDriverTestExecutionListener, org.springframework.test.context.web.ServletTestExecutionListener, org.springframework.test.context.support.DirtiesContextBeforeModesTestExecutionListener, org.springframework.test.context.support.DependencyInjectionTestExecutionListener, org.springframework.test.context.support.DirtiesContextTestExecutionListener, org.springframework.test.context.transaction.TransactionalTestExecutionListener, org.springframework.test.context.jdbc.SqlScriptsTestExecutionListener, org.springframework.test.context.event.EventPublishingTestExecutionListener]
11:24:24.662 [main] DEBUG org.springframework.boot.test.context.SpringBootTestContextBootstrapper - Skipping candidate TestExecutionListener [org.springframework.test.context.transaction.TransactionalTestExecutionListener] due to a missing dependency. Specify custom listener classes or make the default listener classes and their required dependencies available. Offending class: [org/springframework/transaction/interceptor/TransactionAttributeSource]
11:24:24.663 [main] DEBUG org.springframework.boot.test.context.SpringBootTestContextBootstrapper - Skipping candidate TestExecutionListener [org.springframework.test.context.jdbc.SqlScriptsTestExecutionListener] due to a missing dependency. Specify custom listener classes or make the default listener classes and their required dependencies available. Offending class: [org/springframework/transaction/interceptor/TransactionAttribute]
11:24:24.664 [main] INFO org.springframework.boot.test.context.SpringBootTestContextBootstrapper - Using TestExecutionListeners: [org.springframework.test.context.web.ServletTestExecutionListener@10fde30a, org.springframework.test.context.support.DirtiesContextBeforeModesTestExecutionListener@f27ea3, org.springframework.boot.test.mock.mockito.MockitoTestExecutionListener@1ce61929, org.springframework.boot.test.autoconfigure.SpringBootDependencyInjectionTestExecutionListener@346939bf, org.springframework.test.context.support.DirtiesContextTestExecutionListener@4bf3798b, org.springframework.test.context.event.EventPublishingTestExecutionListener@58670130, org.springframework.boot.test.mock.mockito.ResetMocksTestExecutionListener@74e47444, org.springframework.boot.test.autoconfigure.restdocs.RestDocsTestExecutionListener@9bd0fa6, org.springframework.boot.test.autoconfigure.web.client.MockRestServiceServerResetTestExecutionListener@59d2103b, org.springframework.boot.test.autoconfigure.web.servlet.MockMvcPrintOnlyOnFailureTestExecutionListener@39dcf4b0, org.springframework.boot.test.autoconfigure.web.servlet.WebDriverTestExecutionListener@6e4de19b]
11:24:24.669 [main] DEBUG org.springframework.test.context.support.AbstractDirtiesContextTestExecutionListener - Before test class: context [DefaultTestContext@7c7d3c46 testClass = JavaApplicationTests, testInstance = [null], testMethod = [null], testException = [null], mergedContextConfiguration = [WebMergedContextConfiguration@24fb6a80 testClass = JavaApplicationTests, locations = '{}', classes = '{class com.practicalexam.JavaApplication}', contextInitializerClasses = '[]', activeProfiles = '{}', propertySourceLocations = '{}', propertySourceProperties = '{org.springframework.boot.test.context.SpringBootTestContextBootstrapper=true}', contextCustomizers = set[org.springframework.boot.test.context.filter.ExcludeFilterContextCustomizer@177bea38, org.springframework.boot.test.json.DuplicateJsonObjectContextCustomizerFactory$DuplicateJsonObjectContextCustomizer@2631f68c, org.springframework.boot.test.mock.mockito.MockitoContextCustomizer@0, org.springframework.boot.test.web.client.TestRestTemplateContextCustomizer@2a62b5bc, org.springframework.boot.test.autoconfigure.properties.PropertyMappingContextCustomizer@0, org.springframework.boot.test.autoconfigure.web.servlet.WebDriverContextCustomizerFactory$Customizer@5a18cd76], resourceBasePath = 'src/main/webapp', contextLoader = 'org.springframework.boot.test.context.SpringBootContextLoader', parent = [null]], attributes = map['org.springframework.test.context.web.ServletTestExecutionListener.activateListener' -> true]], class annotated with @DirtiesContext [false] with mode [null].
11:24:24.706 [main] DEBUG org.springframework.test.context.support.TestPropertySourceUtils - Adding inlined properties to environment: {spring.jmx.enabled=false, org.springframework.boot.test.context.SpringBootTestContextBootstrapper=true, server.port=-1}

  .   ____          _            __ _ _
 /\\ / ___'_ __ _ _(_)_ __  __ _ \ \ \ \
( ( )\___ | '_ | '_| | '_ \/ _` | \ \ \ \
 \\/  ___)| |_)| | | | | || (_| |  ) ) ) )
  '  |____| .__|_| |_|_| |_\__, | / / / /
 =========|_|==============|___/=/_/_/_/
 :: Spring Boot ::        (v2.2.4.RELEASE)

2020-04-25 11:24:25.242  INFO 16816 --- [           main] com.practicalexam.JavaApplicationTests   : Starting JavaApplicationTests on THUCNHSE63155 with PID 16816 (started by HP in E:\CN9\FU_Submission_Webservice\submission\PracticalExams\Practical_Java_SE1269_20200424\Server)
2020-04-25 11:24:25.246  INFO 16816 --- [           main] com.practicalexam.JavaApplicationTests   : No active profile set, falling back to default profiles: default
2020-04-25 11:24:26.684  INFO 16816 --- [           main] trationDelegate$BeanPostProcessorChecker : Bean 'org.springframework.ws.config.annotation.DelegatingWsConfiguration' of type [org.springframework.ws.config.annotation.DelegatingWsConfiguration$$EnhancerBySpringCGLIB$$82f6d47a] is not eligible for getting processed by all BeanPostProcessors (for example: not eligible for auto-proxying)
2020-04-25 11:24:26.813  INFO 16816 --- [           main] .w.s.a.s.AnnotationActionEndpointMapping : Supporting [WS-Addressing August 2004, WS-Addressing 1.0]
2020-04-25 11:24:27.490  INFO 16816 --- [           main] o.s.s.concurrent.ThreadPoolTaskExecutor  : Initializing ExecutorService 'applicationTaskExecutor'
2020-04-25 11:24:28.089  INFO 16816 --- [           main] com.practicalexam.JavaApplicationTests   : Started JavaApplicationTests in 3.365 seconds (JVM running for 5.238)
==========Start Insert==========
|IA1406|codeAdd |modelAdd            |  10|   1000.0|
|IA1406|codeAdd2|modelAdd            |  10|   1000.0|
==========End Insert==========
Test Successful for test: insertShoes()
==========Start Update==========
|IA1406|codeAdd |modelAdd            |  10|   1000.0|
|IA1406|codeAdd2|modelUpdate         |  11|   1001.0|
==========End Update==========
Test Successful for test: updateShoes()
==========Start Search==========
|IA1406|codeAdd |modelAdd            |  10|   1000.0|
==========End Search==========
Test Successful for test: searchShoes()
==========Start Sort==========
|IA1406|codeAdd |modelAdd            |  10|   1000.0|
|IA1406|codeAdd2|modelUpdate         |  11|   1001.0|
|IA1406|codeSort|zmodelSort          |  14|   1004.0|
==========End Sort==========
Test Successful for test: sortShoes()
==========Start Remove==========
|IA1406|codeAdd |modelAdd            |  10|   1000.0|
|IA1406|codeAdd2|modelUpdate         |  11|   1001.0|
|IA1406|codeSort|zmodelSort          |  14|   1004.0|
==========End Remove==========
Test Successful for test: removeShoes()
E:\CN9\FU_Submission_Webservice\submission\PracticalExams\Practical_Java_SE1269_20200424\Server\src\test\java\com\practicalexam
E:\CN9\FU_Submission_Webservice\submission\PracticalExams\Practical_Java_SE1269_20200424\Server\src\test\java\com\practicalexam
[INFO] Tests run: 5, Failures: 0, Errors: 0, Skipped: 0, Time elapsed: 29.55 s - in com.practicalexam.JavaApplicationTests
2020-04-25 11:24:53.779  INFO 16816 --- [extShutdownHook] o.s.s.concurrent.ThreadPoolTaskExecutor  : Shutting down ExecutorService 'applicationTaskExecutor'
[INFO] 
[INFO] Results:
[INFO] 
[INFO] Tests run: 5, Failures: 0, Errors: 0, Skipped: 0
[INFO] 
[INFO] 
[INFO] --- maven-jar-plugin:3.1.2:jar (default-jar) @ java ---
[INFO] Building jar: E:\CN9\FU_Submission_Webservice\submission\PracticalExams\Practical_Java_SE1269_20200424\Server\target\java-0.0.1-SNAPSHOT.jar
[INFO] 
[INFO] --- spring-boot-maven-plugin:2.2.4.RELEASE:repackage (repackage) @ java ---
[INFO] Replacing main artifact with repackaged archive
[INFO] ------------------------------------------------------------------------
[INFO] BUILD SUCCESS
[INFO] ------------------------------------------------------------------------
[INFO] Total time:  39.136 s
[INFO] Finished at: 2020-04-25T11:24:55+07:00
[INFO] ------------------------------------------------------------------------
--------------------------------------------------------
SE63155
--------------------------------------------------------
[INFO] Scanning for projects...
[INFO] 
[INFO] -----------------------< com.fpt.practical:java >-----------------------
[INFO] Building java 0.0.1-SNAPSHOT
[INFO] --------------------------------[ jar ]---------------------------------
[INFO] 
[INFO] --- maven-clean-plugin:3.1.0:clean (default-clean) @ java ---
[INFO] Deleting E:\CN9\FU_Submission_Webservice\submission\PracticalExams\Practical_Java_SE1269_20200424\Server\target
[INFO] 
[INFO] --- maven-resources-plugin:3.1.0:resources (default-resources) @ java ---
[INFO] Using 'UTF-8' encoding to copy filtered resources.
[INFO] Copying 1 resource
[INFO] Copying 0 resource
[INFO] 
[INFO] --- maven-compiler-plugin:3.8.1:compile (default-compile) @ java ---
[INFO] Changes detected - recompiling the module!
[INFO] Compiling 8 source files to E:\CN9\FU_Submission_Webservice\submission\PracticalExams\Practical_Java_SE1269_20200424\Server\target\classes
[INFO] 
[INFO] --- maven-resources-plugin:3.1.0:testResources (default-testResources) @ java ---
[INFO] Using 'UTF-8' encoding to copy filtered resources.
[INFO] skip non existing resourceDirectory E:\CN9\FU_Submission_Webservice\submission\PracticalExams\Practical_Java_SE1269_20200424\Server\src\test\resources
[INFO] 
[INFO] --- maven-compiler-plugin:3.8.1:testCompile (default-testCompile) @ java ---
[INFO] Changes detected - recompiling the module!
[INFO] Compiling 3 source files to E:\CN9\FU_Submission_Webservice\submission\PracticalExams\Practical_Java_SE1269_20200424\Server\target\test-classes
[INFO] -------------------------------------------------------------
[ERROR] COMPILATION ERROR : 
[INFO] -------------------------------------------------------------
[ERROR] /E:/CN9/FU_Submission_Webservice/submission/PracticalExams/Practical_Java_SE1269_20200424/Server/src/test/java/com/practicalexam/TestResultLoggerExtension.java:[22,8] duplicate class: server.TestResultLoggerExtension
[ERROR] /E:/CN9/FU_Submission_Webservice/submission/PracticalExams/Practical_Java_SE1269_20200424/Server/src/test/java/com/practicalexam/EXAM_SE63155_Java_289652198.java:[16,13] cannot access com.practicalexam.TestResultLoggerExtension
  bad source file: E:\CN9\FU_Submission_Webservice\submission\PracticalExams\Practical_Java_SE1269_20200424\Server\src\test\java\com\practicalexam\TestResultLoggerExtension.java
    file does not contain class com.practicalexam.TestResultLoggerExtension
    Please remove or make sure it appears in the correct subdirectory of the sourcepath.
[ERROR] /E:/CN9/FU_Submission_Webservice/submission/PracticalExams/Practical_Java_SE1269_20200424/Server/src/test/java/com/practicalexam/TestResultLoggerExtension.java:[38,35] cannot find symbol
  symbol:   variable TestwebApplicationTests
  location: class server.TestResultLoggerExtension
[INFO] 3 errors 
[INFO] -------------------------------------------------------------
[INFO] ------------------------------------------------------------------------
[INFO] BUILD FAILURE
[INFO] ------------------------------------------------------------------------
[INFO] Total time:  6.082 s
[INFO] Finished at: 2020-04-25T11:27:25+07:00
[INFO] ------------------------------------------------------------------------
[ERROR] Failed to execute goal org.apache.maven.plugins:maven-compiler-plugin:3.8.1:testCompile (default-testCompile) on project java: Compilation failure: Compilation failure: 
[ERROR] /E:/CN9/FU_Submission_Webservice/submission/PracticalExams/Practical_Java_SE1269_20200424/Server/src/test/java/com/practicalexam/TestResultLoggerExtension.java:[22,8] duplicate class: server.TestResultLoggerExtension
[ERROR] /E:/CN9/FU_Submission_Webservice/submission/PracticalExams/Practical_Java_SE1269_20200424/Server/src/test/java/com/practicalexam/EXAM_SE63155_Java_289652198.java:[16,13] cannot access com.practicalexam.TestResultLoggerExtension
[ERROR]   bad source file: E:\CN9\FU_Submission_Webservice\submission\PracticalExams\Practical_Java_SE1269_20200424\Server\src\test\java\com\practicalexam\TestResultLoggerExtension.java
[ERROR]     file does not contain class com.practicalexam.TestResultLoggerExtension
[ERROR]     Please remove or make sure it appears in the correct subdirectory of the sourcepath.
[ERROR] /E:/CN9/FU_Submission_Webservice/submission/PracticalExams/Practical_Java_SE1269_20200424/Server/src/test/java/com/practicalexam/TestResultLoggerExtension.java:[38,35] cannot find symbol
[ERROR]   symbol:   variable TestwebApplicationTests
[ERROR]   location: class server.TestResultLoggerExtension
[ERROR] -> [Help 1]
[ERROR] 
[ERROR] To see the full stack trace of the errors, re-run Maven with the -e switch.
[ERROR] Re-run Maven using the -X switch to enable full debug logging.
[ERROR] 
[ERROR] For more information about the errors and possible solutions, please read the following articles:
[ERROR] [Help 1] http://cwiki.apache.org/confluence/display/MAVEN/MojoFailureException
--------------------------------------------------------
SE63155
--------------------------------------------------------
[INFO] Scanning for projects...
[INFO] 
[INFO] -----------------------< com.fpt.practical:java >-----------------------
[INFO] Building java 0.0.1-SNAPSHOT
[INFO] --------------------------------[ jar ]---------------------------------
[INFO] 
[INFO] --- maven-clean-plugin:3.1.0:clean (default-clean) @ java ---
[INFO] Deleting E:\CN9\FU_Submission_Webservice\submission\PracticalExams\Practical_Java_SE1269_20200424\Server\target
[INFO] 
[INFO] --- maven-resources-plugin:3.1.0:resources (default-resources) @ java ---
[INFO] Using 'UTF-8' encoding to copy filtered resources.
[INFO] Copying 1 resource
[INFO] Copying 0 resource
[INFO] 
[INFO] --- maven-compiler-plugin:3.8.1:compile (default-compile) @ java ---
[INFO] Changes detected - recompiling the module!
[INFO] Compiling 8 source files to E:\CN9\FU_Submission_Webservice\submission\PracticalExams\Practical_Java_SE1269_20200424\Server\target\classes
[INFO] 
[INFO] --- maven-resources-plugin:3.1.0:testResources (default-testResources) @ java ---
[INFO] Using 'UTF-8' encoding to copy filtered resources.
[INFO] skip non existing resourceDirectory E:\CN9\FU_Submission_Webservice\submission\PracticalExams\Practical_Java_SE1269_20200424\Server\src\test\resources
[INFO] 
[INFO] --- maven-compiler-plugin:3.8.1:testCompile (default-testCompile) @ java ---
[INFO] Changes detected - recompiling the module!
[INFO] Compiling 3 source files to E:\CN9\FU_Submission_Webservice\submission\PracticalExams\Practical_Java_SE1269_20200424\Server\target\test-classes
[INFO] -------------------------------------------------------------
[ERROR] COMPILATION ERROR : 
[INFO] -------------------------------------------------------------
[ERROR] /E:/CN9/FU_Submission_Webservice/submission/PracticalExams/Practical_Java_SE1269_20200424/Server/src/test/java/com/practicalexam/TestResultLoggerExtension.java:[38,35] cannot find symbol
  symbol:   variable TestwebApplicationTests
  location: class com.practicalexam.TestResultLoggerExtension
[INFO] 1 error
[INFO] -------------------------------------------------------------
[INFO] ------------------------------------------------------------------------
[INFO] BUILD FAILURE
[INFO] ------------------------------------------------------------------------
[INFO] Total time:  4.842 s
[INFO] Finished at: 2020-04-25T11:28:53+07:00
[INFO] ------------------------------------------------------------------------
[ERROR] Failed to execute goal org.apache.maven.plugins:maven-compiler-plugin:3.8.1:testCompile (default-testCompile) on project java: Compilation failure
[ERROR] /E:/CN9/FU_Submission_Webservice/submission/PracticalExams/Practical_Java_SE1269_20200424/Server/src/test/java/com/practicalexam/TestResultLoggerExtension.java:[38,35] cannot find symbol
[ERROR]   symbol:   variable TestwebApplicationTests
[ERROR]   location: class com.practicalexam.TestResultLoggerExtension
[ERROR] -> [Help 1]
[ERROR] 
[ERROR] To see the full stack trace of the errors, re-run Maven with the -e switch.
[ERROR] Re-run Maven using the -X switch to enable full debug logging.
[ERROR] 
[ERROR] For more information about the errors and possible solutions, please read the following articles:
[ERROR] [Help 1] http://cwiki.apache.org/confluence/display/MAVEN/MojoFailureException
--------------------------------------------------------
SE63155
--------------------------------------------------------
[INFO] Scanning for projects...
[INFO] 
[INFO] -----------------------< com.fpt.practical:java >-----------------------
[INFO] Building java 0.0.1-SNAPSHOT
[INFO] --------------------------------[ jar ]---------------------------------
[INFO] 
[INFO] --- maven-clean-plugin:3.1.0:clean (default-clean) @ java ---
[INFO] Deleting E:\CN9\FU_Submission_Webservice\submission\PracticalExams\Practical_Java_SE1269_20200424\Server\target
[INFO] 
[INFO] --- maven-resources-plugin:3.1.0:resources (default-resources) @ java ---
[INFO] Using 'UTF-8' encoding to copy filtered resources.
[INFO] Copying 1 resource
[INFO] Copying 0 resource
[INFO] 
[INFO] --- maven-compiler-plugin:3.8.1:compile (default-compile) @ java ---
[INFO] Changes detected - recompiling the module!
[INFO] Compiling 8 source files to E:\CN9\FU_Submission_Webservice\submission\PracticalExams\Practical_Java_SE1269_20200424\Server\target\classes
[INFO] 
[INFO] --- maven-resources-plugin:3.1.0:testResources (default-testResources) @ java ---
[INFO] Using 'UTF-8' encoding to copy filtered resources.
[INFO] skip non existing resourceDirectory E:\CN9\FU_Submission_Webservice\submission\PracticalExams\Practical_Java_SE1269_20200424\Server\src\test\resources
[INFO] 
[INFO] --- maven-compiler-plugin:3.8.1:testCompile (default-testCompile) @ java ---
[INFO] Changes detected - recompiling the module!
[INFO] Compiling 3 source files to E:\CN9\FU_Submission_Webservice\submission\PracticalExams\Practical_Java_SE1269_20200424\Server\target\test-classes
[INFO] 
[INFO] --- maven-surefire-plugin:2.22.2:test (default-test) @ java ---
[INFO] 
[INFO] -------------------------------------------------------
[INFO]  T E S T S
[INFO] -------------------------------------------------------
[INFO] Running com.practicalexam.JavaApplicationTests
11:30:05.523 [main] DEBUG org.springframework.test.context.BootstrapUtils - Instantiating CacheAwareContextLoaderDelegate from class [org.springframework.test.context.cache.DefaultCacheAwareContextLoaderDelegate]
11:30:05.548 [main] DEBUG org.springframework.test.context.BootstrapUtils - Instantiating BootstrapContext using constructor [public org.springframework.test.context.support.DefaultBootstrapContext(java.lang.Class,org.springframework.test.context.CacheAwareContextLoaderDelegate)]
11:30:05.633 [main] DEBUG org.springframework.test.context.BootstrapUtils - Instantiating TestContextBootstrapper for test class [com.practicalexam.JavaApplicationTests] from class [org.springframework.boot.test.context.SpringBootTestContextBootstrapper]
11:30:05.672 [main] INFO org.springframework.boot.test.context.SpringBootTestContextBootstrapper - Neither @ContextConfiguration nor @ContextHierarchy found for test class [com.practicalexam.JavaApplicationTests], using SpringBootContextLoader
11:30:05.686 [main] DEBUG org.springframework.test.context.support.AbstractContextLoader - Did not detect default resource location for test class [com.practicalexam.JavaApplicationTests]: class path resource [com/practicalexam/JavaApplicationTests-context.xml] does not exist
11:30:05.691 [main] DEBUG org.springframework.test.context.support.AbstractContextLoader - Did not detect default resource location for test class [com.practicalexam.JavaApplicationTests]: class path resource [com/practicalexam/JavaApplicationTestsContext.groovy] does not exist
11:30:05.693 [main] INFO org.springframework.test.context.support.AbstractContextLoader - Could not detect default resource locations for test class [com.practicalexam.JavaApplicationTests]: no resource found for suffixes {-context.xml, Context.groovy}.
11:30:05.696 [main] INFO org.springframework.test.context.support.AnnotationConfigContextLoaderUtils - Could not detect default configuration classes for test class [com.practicalexam.JavaApplicationTests]: JavaApplicationTests does not declare any static, non-private, non-final, nested classes annotated with @Configuration.
11:30:05.776 [main] DEBUG org.springframework.test.context.support.ActiveProfilesUtils - Could not find an 'annotation declaring class' for annotation type [org.springframework.test.context.ActiveProfiles] and class [com.practicalexam.JavaApplicationTests]
11:30:05.862 [main] DEBUG org.springframework.context.annotation.ClassPathScanningCandidateComponentProvider - Identified candidate component class: file [E:\CN9\FU_Submission_Webservice\submission\PracticalExams\Practical_Java_SE1269_20200424\Server\target\classes\com\practicalexam\JavaApplication.class]
11:30:05.864 [main] INFO org.springframework.boot.test.context.SpringBootTestContextBootstrapper - Found @SpringBootConfiguration com.practicalexam.JavaApplication for test class com.practicalexam.JavaApplicationTests
11:30:06.068 [main] DEBUG org.springframework.boot.test.context.SpringBootTestContextBootstrapper - @TestExecutionListeners is not present for class [com.practicalexam.JavaApplicationTests]: using defaults.
11:30:06.069 [main] INFO org.springframework.boot.test.context.SpringBootTestContextBootstrapper - Loaded default TestExecutionListener class names from location [META-INF/spring.factories]: [org.springframework.boot.test.mock.mockito.MockitoTestExecutionListener, org.springframework.boot.test.mock.mockito.ResetMocksTestExecutionListener, org.springframework.boot.test.autoconfigure.restdocs.RestDocsTestExecutionListener, org.springframework.boot.test.autoconfigure.web.client.MockRestServiceServerResetTestExecutionListener, org.springframework.boot.test.autoconfigure.web.servlet.MockMvcPrintOnlyOnFailureTestExecutionListener, org.springframework.boot.test.autoconfigure.web.servlet.WebDriverTestExecutionListener, org.springframework.test.context.web.ServletTestExecutionListener, org.springframework.test.context.support.DirtiesContextBeforeModesTestExecutionListener, org.springframework.test.context.support.DependencyInjectionTestExecutionListener, org.springframework.test.context.support.DirtiesContextTestExecutionListener, org.springframework.test.context.transaction.TransactionalTestExecutionListener, org.springframework.test.context.jdbc.SqlScriptsTestExecutionListener, org.springframework.test.context.event.EventPublishingTestExecutionListener]
11:30:06.094 [main] DEBUG org.springframework.boot.test.context.SpringBootTestContextBootstrapper - Skipping candidate TestExecutionListener [org.springframework.test.context.transaction.TransactionalTestExecutionListener] due to a missing dependency. Specify custom listener classes or make the default listener classes and their required dependencies available. Offending class: [org/springframework/transaction/interceptor/TransactionAttributeSource]
11:30:06.096 [main] DEBUG org.springframework.boot.test.context.SpringBootTestContextBootstrapper - Skipping candidate TestExecutionListener [org.springframework.test.context.jdbc.SqlScriptsTestExecutionListener] due to a missing dependency. Specify custom listener classes or make the default listener classes and their required dependencies available. Offending class: [org/springframework/transaction/interceptor/TransactionAttribute]
11:30:06.097 [main] INFO org.springframework.boot.test.context.SpringBootTestContextBootstrapper - Using TestExecutionListeners: [org.springframework.test.context.web.ServletTestExecutionListener@3383649e, org.springframework.test.context.support.DirtiesContextBeforeModesTestExecutionListener@10fde30a, org.springframework.boot.test.mock.mockito.MockitoTestExecutionListener@f27ea3, org.springframework.boot.test.autoconfigure.SpringBootDependencyInjectionTestExecutionListener@1ce61929, org.springframework.test.context.support.DirtiesContextTestExecutionListener@346939bf, org.springframework.test.context.event.EventPublishingTestExecutionListener@4bf3798b, org.springframework.boot.test.mock.mockito.ResetMocksTestExecutionListener@58670130, org.springframework.boot.test.autoconfigure.restdocs.RestDocsTestExecutionListener@74e47444, org.springframework.boot.test.autoconfigure.web.client.MockRestServiceServerResetTestExecutionListener@9bd0fa6, org.springframework.boot.test.autoconfigure.web.servlet.MockMvcPrintOnlyOnFailureTestExecutionListener@59d2103b, org.springframework.boot.test.autoconfigure.web.servlet.WebDriverTestExecutionListener@39dcf4b0]
11:30:06.106 [main] DEBUG org.springframework.test.context.support.AbstractDirtiesContextTestExecutionListener - Before test class: context [DefaultTestContext@18245eb0 testClass = JavaApplicationTests, testInstance = [null], testMethod = [null], testException = [null], mergedContextConfiguration = [WebMergedContextConfiguration@7c7d3c46 testClass = JavaApplicationTests, locations = '{}', classes = '{class com.practicalexam.JavaApplication}', contextInitializerClasses = '[]', activeProfiles = '{}', propertySourceLocations = '{}', propertySourceProperties = '{org.springframework.boot.test.context.SpringBootTestContextBootstrapper=true}', contextCustomizers = set[org.springframework.boot.test.context.filter.ExcludeFilterContextCustomizer@ee86bcb, org.springframework.boot.test.json.DuplicateJsonObjectContextCustomizerFactory$DuplicateJsonObjectContextCustomizer@6bca7e0d, org.springframework.boot.test.mock.mockito.MockitoContextCustomizer@0, org.springframework.boot.test.web.client.TestRestTemplateContextCustomizer@648c94da, org.springframework.boot.test.autoconfigure.properties.PropertyMappingContextCustomizer@0, org.springframework.boot.test.autoconfigure.web.servlet.WebDriverContextCustomizerFactory$Customizer@289710d9], resourceBasePath = 'src/main/webapp', contextLoader = 'org.springframework.boot.test.context.SpringBootContextLoader', parent = [null]], attributes = map['org.springframework.test.context.web.ServletTestExecutionListener.activateListener' -> true]], class annotated with @DirtiesContext [false] with mode [null].
11:30:06.163 [main] DEBUG org.springframework.test.context.support.TestPropertySourceUtils - Adding inlined properties to environment: {spring.jmx.enabled=false, org.springframework.boot.test.context.SpringBootTestContextBootstrapper=true, server.port=-1}

  .   ____          _            __ _ _
 /\\ / ___'_ __ _ _(_)_ __  __ _ \ \ \ \
( ( )\___ | '_ | '_| | '_ \/ _` | \ \ \ \
 \\/  ___)| |_)| | | | | || (_| |  ) ) ) )
  '  |____| .__|_| |_|_| |_\__, | / / / /
 =========|_|==============|___/=/_/_/_/
 :: Spring Boot ::        (v2.2.4.RELEASE)

2020-04-25 11:30:06.652  INFO 220 --- [           main] com.practicalexam.JavaApplicationTests   : Starting JavaApplicationTests on THUCNHSE63155 with PID 220 (started by HP in E:\CN9\FU_Submission_Webservice\submission\PracticalExams\Practical_Java_SE1269_20200424\Server)
2020-04-25 11:30:06.656  INFO 220 --- [           main] com.practicalexam.JavaApplicationTests   : No active profile set, falling back to default profiles: default
2020-04-25 11:30:08.228  INFO 220 --- [           main] trationDelegate$BeanPostProcessorChecker : Bean 'org.springframework.ws.config.annotation.DelegatingWsConfiguration' of type [org.springframework.ws.config.annotation.DelegatingWsConfiguration$$EnhancerBySpringCGLIB$$31c9ba88] is not eligible for getting processed by all BeanPostProcessors (for example: not eligible for auto-proxying)
2020-04-25 11:30:08.407  INFO 220 --- [           main] .w.s.a.s.AnnotationActionEndpointMapping : Supporting [WS-Addressing August 2004, WS-Addressing 1.0]
2020-04-25 11:30:09.213  INFO 220 --- [           main] o.s.s.concurrent.ThreadPoolTaskExecutor  : Initializing ExecutorService 'applicationTaskExecutor'
2020-04-25 11:30:09.673  INFO 220 --- [           main] com.practicalexam.JavaApplicationTests   : Started JavaApplicationTests in 3.491 seconds (JVM running for 5.935)
==========Start Insert==========
|IA1406|codeAdd |modelAdd            |  10|   1000.0|
|IA1406|codeAdd2|modelAdd            |  10|   1000.0|
==========End Insert==========
Test Successful for test: insertShoes()
==========Start Update==========
|IA1406|codeAdd |modelAdd            |  10|   1000.0|
|IA1406|codeAdd2|modelUpdate         |  11|   1001.0|
==========End Update==========
Test Successful for test: updateShoes()
==========Start Search==========
|IA1406|codeAdd |modelAdd            |  10|   1000.0|
==========End Search==========
Test Successful for test: searchShoes()
==========Start Sort==========
|IA1406|codeAdd |modelAdd            |  10|   1000.0|
|IA1406|codeAdd2|modelUpdate         |  11|   1001.0|
|IA1406|codeSort|zmodelSort          |  14|   1004.0|
==========End Sort==========
Test Successful for test: sortShoes()
==========Start Remove==========
|IA1406|codeAdd |modelAdd            |  10|   1000.0|
|IA1406|codeAdd2|modelUpdate         |  11|   1001.0|
|IA1406|codeSort|zmodelSort          |  14|   1004.0|
==========End Remove==========
Test Successful for test: removeShoes()
E:\CN9\FU_Submission_Webservice\submission\PracticalExams\Practical_Java_SE1269_20200424\Server\src\test\java\server
[ERROR] Tests run: 6, Failures: 0, Errors: 1, Skipped: 0, Time elapsed: 29.974 s <<< FAILURE! - in com.practicalexam.JavaApplicationTests
[ERROR] com.practicalexam.JavaApplicationTests  Time elapsed: 5.055 s  <<< ERROR!
java.lang.NullPointerException

2020-04-25 11:30:35.429  INFO 220 --- [extShutdownHook] o.s.s.concurrent.ThreadPoolTaskExecutor  : Shutting down ExecutorService 'applicationTaskExecutor'
[INFO] 
[INFO] Results:
[INFO] 
[ERROR] Errors: 
[ERROR]   JavaApplicationTests � NullPointer
[INFO] 
[ERROR] Tests run: 6, Failures: 0, Errors: 1, Skipped: 0
[INFO] 
[INFO] ------------------------------------------------------------------------
[INFO] BUILD FAILURE
[INFO] ------------------------------------------------------------------------
[INFO] Total time:  39.390 s
[INFO] Finished at: 2020-04-25T11:30:35+07:00
[INFO] ------------------------------------------------------------------------
[ERROR] Failed to execute goal org.apache.maven.plugins:maven-surefire-plugin:2.22.2:test (default-test) on project java: There are test failures.
[ERROR] 
[ERROR] Please refer to E:\CN9\FU_Submission_Webservice\submission\PracticalExams\Practical_Java_SE1269_20200424\Server\target\surefire-reports for the individual test results.
[ERROR] Please refer to dump files (if any exist) [date].dump, [date]-jvmRun[N].dump and [date].dumpstream.
[ERROR] -> [Help 1]
[ERROR] 
[ERROR] To see the full stack trace of the errors, re-run Maven with the -e switch.
[ERROR] Re-run Maven using the -X switch to enable full debug logging.
[ERROR] 
[ERROR] For more information about the errors and possible solutions, please read the following articles:
[ERROR] [Help 1] http://cwiki.apache.org/confluence/display/MAVEN/MojoFailureException
--------------------------------------------------------
SE63155
--------------------------------------------------------
[INFO] Scanning for projects...
[INFO] 
[INFO] -----------------------< com.fpt.practical:java >-----------------------
[INFO] Building java 0.0.1-SNAPSHOT
[INFO] --------------------------------[ jar ]---------------------------------
[INFO] 
[INFO] --- maven-clean-plugin:3.1.0:clean (default-clean) @ java ---
[INFO] Deleting E:\CN9\FU_Submission_Webservice\submission\PracticalExams\Practical_Java_SE1269_20200424\Server\target
[INFO] 
[INFO] --- maven-resources-plugin:3.1.0:resources (default-resources) @ java ---
[INFO] Using 'UTF-8' encoding to copy filtered resources.
[INFO] Copying 1 resource
[INFO] Copying 0 resource
[INFO] 
[INFO] --- maven-compiler-plugin:3.8.1:compile (default-compile) @ java ---
[INFO] Changes detected - recompiling the module!
[INFO] Compiling 8 source files to E:\CN9\FU_Submission_Webservice\submission\PracticalExams\Practical_Java_SE1269_20200424\Server\target\classes
[INFO] 
[INFO] --- maven-resources-plugin:3.1.0:testResources (default-testResources) @ java ---
[INFO] Using 'UTF-8' encoding to copy filtered resources.
[INFO] skip non existing resourceDirectory E:\CN9\FU_Submission_Webservice\submission\PracticalExams\Practical_Java_SE1269_20200424\Server\src\test\resources
[INFO] 
[INFO] --- maven-compiler-plugin:3.8.1:testCompile (default-testCompile) @ java ---
[INFO] Changes detected - recompiling the module!
[INFO] Compiling 3 source files to E:\CN9\FU_Submission_Webservice\submission\PracticalExams\Practical_Java_SE1269_20200424\Server\target\test-classes
[INFO] -------------------------------------------------------------
[ERROR] COMPILATION ERROR : 
[INFO] -------------------------------------------------------------
[ERROR] /E:/CN9/FU_Submission_Webservice/submission/PracticalExams/Practical_Java_SE1269_20200424/Server/src/test/java/com/practicalexam/TestResultLoggerExtension.java:[71,23] non-static variable PROJECT_DIR cannot be referenced from a static context
[ERROR] /E:/CN9/FU_Submission_Webservice/submission/PracticalExams/Practical_Java_SE1269_20200424/Server/src/test/java/com/practicalexam/TestResultLoggerExtension.java:[71,78] non-static variable TXT_RESULT_NAME cannot be referenced from a static context
[ERROR] /E:/CN9/FU_Submission_Webservice/submission/PracticalExams/Practical_Java_SE1269_20200424/Server/src/test/java/com/practicalexam/TestResultLoggerExtension.java:[80,24] non-static variable objectMapper cannot be referenced from a static context
[ERROR] /E:/CN9/FU_Submission_Webservice/submission/PracticalExams/Practical_Java_SE1269_20200424/Server/src/test/java/com/practicalexam/TestResultLoggerExtension.java:[207,23] non-static variable PATH_JAVA_FOLDER_TEST cannot be referenced from a static context
[ERROR] /E:/CN9/FU_Submission_Webservice/submission/PracticalExams/Practical_Java_SE1269_20200424/Server/src/test/java/com/practicalexam/TestResultLoggerExtension.java:[214,32] non-static variable PREFIX_TEST cannot be referenced from a static context
[INFO] 5 errors 
[INFO] -------------------------------------------------------------
[INFO] ------------------------------------------------------------------------
[INFO] BUILD FAILURE
[INFO] ------------------------------------------------------------------------
[INFO] Total time:  7.124 s
[INFO] Finished at: 2020-04-25T11:38:42+07:00
[INFO] ------------------------------------------------------------------------
[ERROR] Failed to execute goal org.apache.maven.plugins:maven-compiler-plugin:3.8.1:testCompile (default-testCompile) on project java: Compilation failure: Compilation failure: 
[ERROR] /E:/CN9/FU_Submission_Webservice/submission/PracticalExams/Practical_Java_SE1269_20200424/Server/src/test/java/com/practicalexam/TestResultLoggerExtension.java:[71,23] non-static variable PROJECT_DIR cannot be referenced from a static context
[ERROR] /E:/CN9/FU_Submission_Webservice/submission/PracticalExams/Practical_Java_SE1269_20200424/Server/src/test/java/com/practicalexam/TestResultLoggerExtension.java:[71,78] non-static variable TXT_RESULT_NAME cannot be referenced from a static context
[ERROR] /E:/CN9/FU_Submission_Webservice/submission/PracticalExams/Practical_Java_SE1269_20200424/Server/src/test/java/com/practicalexam/TestResultLoggerExtension.java:[80,24] non-static variable objectMapper cannot be referenced from a static context
[ERROR] /E:/CN9/FU_Submission_Webservice/submission/PracticalExams/Practical_Java_SE1269_20200424/Server/src/test/java/com/practicalexam/TestResultLoggerExtension.java:[207,23] non-static variable PATH_JAVA_FOLDER_TEST cannot be referenced from a static context
[ERROR] /E:/CN9/FU_Submission_Webservice/submission/PracticalExams/Practical_Java_SE1269_20200424/Server/src/test/java/com/practicalexam/TestResultLoggerExtension.java:[214,32] non-static variable PREFIX_TEST cannot be referenced from a static context
[ERROR] -> [Help 1]
[ERROR] 
[ERROR] To see the full stack trace of the errors, re-run Maven with the -e switch.
[ERROR] Re-run Maven using the -X switch to enable full debug logging.
[ERROR] 
[ERROR] For more information about the errors and possible solutions, please read the following articles:
[ERROR] [Help 1] http://cwiki.apache.org/confluence/display/MAVEN/MojoFailureException
--------------------------------------------------------
SE63155
--------------------------------------------------------
[INFO] Scanning for projects...
[INFO] 
[INFO] -----------------------< com.fpt.practical:java >-----------------------
[INFO] Building java 0.0.1-SNAPSHOT
[INFO] --------------------------------[ jar ]---------------------------------
[INFO] 
[INFO] --- maven-clean-plugin:3.1.0:clean (default-clean) @ java ---
[INFO] Deleting E:\CN9\FU_Submission_Webservice\submission\PracticalExams\Practical_Java_SE1269_20200424\Server\target
[INFO] 
[INFO] --- maven-resources-plugin:3.1.0:resources (default-resources) @ java ---
[INFO] Using 'UTF-8' encoding to copy filtered resources.
[INFO] Copying 1 resource
[INFO] Copying 0 resource
[INFO] 
[INFO] --- maven-compiler-plugin:3.8.1:compile (default-compile) @ java ---
[INFO] Changes detected - recompiling the module!
[INFO] Compiling 8 source files to E:\CN9\FU_Submission_Webservice\submission\PracticalExams\Practical_Java_SE1269_20200424\Server\target\classes
[INFO] 
[INFO] --- maven-resources-plugin:3.1.0:testResources (default-testResources) @ java ---
[INFO] Using 'UTF-8' encoding to copy filtered resources.
[INFO] skip non existing resourceDirectory E:\CN9\FU_Submission_Webservice\submission\PracticalExams\Practical_Java_SE1269_20200424\Server\src\test\resources
[INFO] 
[INFO] --- maven-compiler-plugin:3.8.1:testCompile (default-testCompile) @ java ---
[INFO] Changes detected - recompiling the module!
[INFO] Compiling 3 source files to E:\CN9\FU_Submission_Webservice\submission\PracticalExams\Practical_Java_SE1269_20200424\Server\target\test-classes
[INFO] -------------------------------------------------------------
[ERROR] COMPILATION ERROR : 
[INFO] -------------------------------------------------------------
[ERROR] /E:/CN9/FU_Submission_Webservice/submission/PracticalExams/Practical_Java_SE1269_20200424/Server/src/test/java/com/practicalexam/TestResultLoggerExtension.java:[80,24] non-static variable objectMapper cannot be referenced from a static context
[INFO] 1 error
[INFO] -------------------------------------------------------------
[INFO] ------------------------------------------------------------------------
[INFO] BUILD FAILURE
[INFO] ------------------------------------------------------------------------
[INFO] Total time:  6.819 s
[INFO] Finished at: 2020-04-25T11:41:19+07:00
[INFO] ------------------------------------------------------------------------
[ERROR] Failed to execute goal org.apache.maven.plugins:maven-compiler-plugin:3.8.1:testCompile (default-testCompile) on project java: Compilation failure
[ERROR] /E:/CN9/FU_Submission_Webservice/submission/PracticalExams/Practical_Java_SE1269_20200424/Server/src/test/java/com/practicalexam/TestResultLoggerExtension.java:[80,24] non-static variable objectMapper cannot be referenced from a static context
[ERROR] -> [Help 1]
[ERROR] 
[ERROR] To see the full stack trace of the errors, re-run Maven with the -e switch.
[ERROR] Re-run Maven using the -X switch to enable full debug logging.
[ERROR] 
[ERROR] For more information about the errors and possible solutions, please read the following articles:
[ERROR] [Help 1] http://cwiki.apache.org/confluence/display/MAVEN/MojoFailureException
--------------------------------------------------------
SE63155
--------------------------------------------------------
[INFO] Scanning for projects...
[INFO] 
[INFO] -----------------------< com.fpt.practical:java >-----------------------
[INFO] Building java 0.0.1-SNAPSHOT
[INFO] --------------------------------[ jar ]---------------------------------
[INFO] 
[INFO] --- maven-clean-plugin:3.1.0:clean (default-clean) @ java ---
[INFO] Deleting E:\CN9\FU_Submission_Webservice\submission\PracticalExams\Practical_Java_SE1269_20200424\Server\target
[INFO] 
[INFO] --- maven-resources-plugin:3.1.0:resources (default-resources) @ java ---
[INFO] Using 'UTF-8' encoding to copy filtered resources.
[INFO] Copying 1 resource
[INFO] Copying 0 resource
[INFO] 
[INFO] --- maven-compiler-plugin:3.8.1:compile (default-compile) @ java ---
[INFO] Changes detected - recompiling the module!
[INFO] Compiling 8 source files to E:\CN9\FU_Submission_Webservice\submission\PracticalExams\Practical_Java_SE1269_20200424\Server\target\classes
[INFO] 
[INFO] --- maven-resources-plugin:3.1.0:testResources (default-testResources) @ java ---
[INFO] Using 'UTF-8' encoding to copy filtered resources.
[INFO] skip non existing resourceDirectory E:\CN9\FU_Submission_Webservice\submission\PracticalExams\Practical_Java_SE1269_20200424\Server\src\test\resources
[INFO] 
[INFO] --- maven-compiler-plugin:3.8.1:testCompile (default-testCompile) @ java ---
[INFO] Changes detected - recompiling the module!
[INFO] Compiling 3 source files to E:\CN9\FU_Submission_Webservice\submission\PracticalExams\Practical_Java_SE1269_20200424\Server\target\test-classes
[INFO] 
[INFO] --- maven-surefire-plugin:2.22.2:test (default-test) @ java ---
[INFO] 
[INFO] -------------------------------------------------------
[INFO]  T E S T S
[INFO] -------------------------------------------------------
[INFO] Running com.practicalexam.JavaApplicationTests
11:42:03.886 [main] DEBUG org.springframework.test.context.BootstrapUtils - Instantiating CacheAwareContextLoaderDelegate from class [org.springframework.test.context.cache.DefaultCacheAwareContextLoaderDelegate]
11:42:03.917 [main] DEBUG org.springframework.test.context.BootstrapUtils - Instantiating BootstrapContext using constructor [public org.springframework.test.context.support.DefaultBootstrapContext(java.lang.Class,org.springframework.test.context.CacheAwareContextLoaderDelegate)]
11:42:03.972 [main] DEBUG org.springframework.test.context.BootstrapUtils - Instantiating TestContextBootstrapper for test class [com.practicalexam.JavaApplicationTests] from class [org.springframework.boot.test.context.SpringBootTestContextBootstrapper]
11:42:04.007 [main] INFO org.springframework.boot.test.context.SpringBootTestContextBootstrapper - Neither @ContextConfiguration nor @ContextHierarchy found for test class [com.practicalexam.JavaApplicationTests], using SpringBootContextLoader
11:42:04.018 [main] DEBUG org.springframework.test.context.support.AbstractContextLoader - Did not detect default resource location for test class [com.practicalexam.JavaApplicationTests]: class path resource [com/practicalexam/JavaApplicationTests-context.xml] does not exist
11:42:04.019 [main] DEBUG org.springframework.test.context.support.AbstractContextLoader - Did not detect default resource location for test class [com.practicalexam.JavaApplicationTests]: class path resource [com/practicalexam/JavaApplicationTestsContext.groovy] does not exist
11:42:04.021 [main] INFO org.springframework.test.context.support.AbstractContextLoader - Could not detect default resource locations for test class [com.practicalexam.JavaApplicationTests]: no resource found for suffixes {-context.xml, Context.groovy}.
11:42:04.023 [main] INFO org.springframework.test.context.support.AnnotationConfigContextLoaderUtils - Could not detect default configuration classes for test class [com.practicalexam.JavaApplicationTests]: JavaApplicationTests does not declare any static, non-private, non-final, nested classes annotated with @Configuration.
11:42:04.091 [main] DEBUG org.springframework.test.context.support.ActiveProfilesUtils - Could not find an 'annotation declaring class' for annotation type [org.springframework.test.context.ActiveProfiles] and class [com.practicalexam.JavaApplicationTests]
11:42:04.179 [main] DEBUG org.springframework.context.annotation.ClassPathScanningCandidateComponentProvider - Identified candidate component class: file [E:\CN9\FU_Submission_Webservice\submission\PracticalExams\Practical_Java_SE1269_20200424\Server\target\classes\com\practicalexam\JavaApplication.class]
11:42:04.180 [main] INFO org.springframework.boot.test.context.SpringBootTestContextBootstrapper - Found @SpringBootConfiguration com.practicalexam.JavaApplication for test class com.practicalexam.JavaApplicationTests
11:42:04.343 [main] DEBUG org.springframework.boot.test.context.SpringBootTestContextBootstrapper - @TestExecutionListeners is not present for class [com.practicalexam.JavaApplicationTests]: using defaults.
11:42:04.344 [main] INFO org.springframework.boot.test.context.SpringBootTestContextBootstrapper - Loaded default TestExecutionListener class names from location [META-INF/spring.factories]: [org.springframework.boot.test.mock.mockito.MockitoTestExecutionListener, org.springframework.boot.test.mock.mockito.ResetMocksTestExecutionListener, org.springframework.boot.test.autoconfigure.restdocs.RestDocsTestExecutionListener, org.springframework.boot.test.autoconfigure.web.client.MockRestServiceServerResetTestExecutionListener, org.springframework.boot.test.autoconfigure.web.servlet.MockMvcPrintOnlyOnFailureTestExecutionListener, org.springframework.boot.test.autoconfigure.web.servlet.WebDriverTestExecutionListener, org.springframework.test.context.web.ServletTestExecutionListener, org.springframework.test.context.support.DirtiesContextBeforeModesTestExecutionListener, org.springframework.test.context.support.DependencyInjectionTestExecutionListener, org.springframework.test.context.support.DirtiesContextTestExecutionListener, org.springframework.test.context.transaction.TransactionalTestExecutionListener, org.springframework.test.context.jdbc.SqlScriptsTestExecutionListener, org.springframework.test.context.event.EventPublishingTestExecutionListener]
11:42:04.364 [main] DEBUG org.springframework.boot.test.context.SpringBootTestContextBootstrapper - Skipping candidate TestExecutionListener [org.springframework.test.context.transaction.TransactionalTestExecutionListener] due to a missing dependency. Specify custom listener classes or make the default listener classes and their required dependencies available. Offending class: [org/springframework/transaction/interceptor/TransactionAttributeSource]
11:42:04.366 [main] DEBUG org.springframework.boot.test.context.SpringBootTestContextBootstrapper - Skipping candidate TestExecutionListener [org.springframework.test.context.jdbc.SqlScriptsTestExecutionListener] due to a missing dependency. Specify custom listener classes or make the default listener classes and their required dependencies available. Offending class: [org/springframework/transaction/interceptor/TransactionAttribute]
11:42:04.367 [main] INFO org.springframework.boot.test.context.SpringBootTestContextBootstrapper - Using TestExecutionListeners: [org.springframework.test.context.web.ServletTestExecutionListener@3383649e, org.springframework.test.context.support.DirtiesContextBeforeModesTestExecutionListener@10fde30a, org.springframework.boot.test.mock.mockito.MockitoTestExecutionListener@f27ea3, org.springframework.boot.test.autoconfigure.SpringBootDependencyInjectionTestExecutionListener@1ce61929, org.springframework.test.context.support.DirtiesContextTestExecutionListener@346939bf, org.springframework.test.context.event.EventPublishingTestExecutionListener@4bf3798b, org.springframework.boot.test.mock.mockito.ResetMocksTestExecutionListener@58670130, org.springframework.boot.test.autoconfigure.restdocs.RestDocsTestExecutionListener@74e47444, org.springframework.boot.test.autoconfigure.web.client.MockRestServiceServerResetTestExecutionListener@9bd0fa6, org.springframework.boot.test.autoconfigure.web.servlet.MockMvcPrintOnlyOnFailureTestExecutionListener@59d2103b, org.springframework.boot.test.autoconfigure.web.servlet.WebDriverTestExecutionListener@39dcf4b0]
11:42:04.376 [main] DEBUG org.springframework.test.context.support.AbstractDirtiesContextTestExecutionListener - Before test class: context [DefaultTestContext@18245eb0 testClass = JavaApplicationTests, testInstance = [null], testMethod = [null], testException = [null], mergedContextConfiguration = [WebMergedContextConfiguration@7c7d3c46 testClass = JavaApplicationTests, locations = '{}', classes = '{class com.practicalexam.JavaApplication}', contextInitializerClasses = '[]', activeProfiles = '{}', propertySourceLocations = '{}', propertySourceProperties = '{org.springframework.boot.test.context.SpringBootTestContextBootstrapper=true}', contextCustomizers = set[org.springframework.boot.test.context.filter.ExcludeFilterContextCustomizer@ee86bcb, org.springframework.boot.test.json.DuplicateJsonObjectContextCustomizerFactory$DuplicateJsonObjectContextCustomizer@6bca7e0d, org.springframework.boot.test.mock.mockito.MockitoContextCustomizer@0, org.springframework.boot.test.web.client.TestRestTemplateContextCustomizer@648c94da, org.springframework.boot.test.autoconfigure.properties.PropertyMappingContextCustomizer@0, org.springframework.boot.test.autoconfigure.web.servlet.WebDriverContextCustomizerFactory$Customizer@289710d9], resourceBasePath = 'src/main/webapp', contextLoader = 'org.springframework.boot.test.context.SpringBootContextLoader', parent = [null]], attributes = map['org.springframework.test.context.web.ServletTestExecutionListener.activateListener' -> true]], class annotated with @DirtiesContext [false] with mode [null].
11:42:04.440 [main] DEBUG org.springframework.test.context.support.TestPropertySourceUtils - Adding inlined properties to environment: {spring.jmx.enabled=false, org.springframework.boot.test.context.SpringBootTestContextBootstrapper=true, server.port=-1}

  .   ____          _            __ _ _
 /\\ / ___'_ __ _ _(_)_ __  __ _ \ \ \ \
( ( )\___ | '_ | '_| | '_ \/ _` | \ \ \ \
 \\/  ___)| |_)| | | | | || (_| |  ) ) ) )
  '  |____| .__|_| |_|_| |_\__, | / / / /
 =========|_|==============|___/=/_/_/_/
 :: Spring Boot ::        (v2.2.4.RELEASE)

2020-04-25 11:42:04.921  INFO 17652 --- [           main] com.practicalexam.JavaApplicationTests   : Starting JavaApplicationTests on THUCNHSE63155 with PID 17652 (started by HP in E:\CN9\FU_Submission_Webservice\submission\PracticalExams\Practical_Java_SE1269_20200424\Server)
2020-04-25 11:42:04.923  INFO 17652 --- [           main] com.practicalexam.JavaApplicationTests   : No active profile set, falling back to default profiles: default
2020-04-25 11:42:06.430  INFO 17652 --- [           main] trationDelegate$BeanPostProcessorChecker : Bean 'org.springframework.ws.config.annotation.DelegatingWsConfiguration' of type [org.springframework.ws.config.annotation.DelegatingWsConfiguration$$EnhancerBySpringCGLIB$$9305137b] is not eligible for getting processed by all BeanPostProcessors (for example: not eligible for auto-proxying)
2020-04-25 11:42:06.547  INFO 17652 --- [           main] .w.s.a.s.AnnotationActionEndpointMapping : Supporting [WS-Addressing August 2004, WS-Addressing 1.0]
2020-04-25 11:42:07.406  INFO 17652 --- [           main] o.s.s.concurrent.ThreadPoolTaskExecutor  : Initializing ExecutorService 'applicationTaskExecutor'
2020-04-25 11:42:07.885  INFO 17652 --- [           main] com.practicalexam.JavaApplicationTests   : Started JavaApplicationTests in 3.427 seconds (JVM running for 5.283)
==========Start Insert==========
|IA1406|codeAdd |modelAdd            |  10|   1000.0|
|IA1406|codeAdd2|modelAdd            |  10|   1000.0|
==========End Insert==========
Test Successful for test: insertShoes()
==========Start Update==========
|IA1406|codeAdd |modelAdd            |  10|   1000.0|
|IA1406|codeAdd2|modelUpdate         |  11|   1001.0|
==========End Update==========
Test Successful for test: updateShoes()
==========Start Search==========
|IA1406|codeAdd |modelAdd            |  10|   1000.0|
==========End Search==========
Test Successful for test: searchShoes()
==========Start Sort==========
|IA1406|codeAdd |modelAdd            |  10|   1000.0|
|IA1406|codeAdd2|modelUpdate         |  11|   1001.0|
|IA1406|codeSort|zmodelSort          |  14|   1004.0|
==========End Sort==========
Test Successful for test: sortShoes()
==========Start Remove==========
|IA1406|codeAdd |modelAdd            |  10|   1000.0|
|IA1406|codeAdd2|modelUpdate         |  11|   1001.0|
|IA1406|codeSort|zmodelSort          |  14|   1004.0|
==========End Remove==========
Test Successful for test: removeShoes()
E:\CN9\FU_Submission_Webservice\submission\PracticalExams\Practical_Java_SE1269_20200424\Server\src\test\java\com\practicalexam
E:\CN9\FU_Submission_Webservice\submission\PracticalExams\Practical_Java_SE1269_20200424\Server\src\test\java\com\practicalexam
java.lang.ArrayIndexOutOfBoundsException: Index 1 out of bounds for length 1
	at com.practicalexam.TestResultLoggerExtension.setResult(TestResultLoggerExtension.java:178)
	at com.practicalexam.TestResultLoggerExtension.afterAll(TestResultLoggerExtension.java:120)
	at org.junit.jupiter.engine.descriptor.ClassBasedTestDescriptor.lambda$invokeAfterAllCallbacks$13(ClassBasedTestDescriptor.java:421)
	at org.junit.platform.engine.support.hierarchical.ThrowableCollector.execute(ThrowableCollector.java:73)
	at org.junit.jupiter.engine.descriptor.ClassBasedTestDescriptor.lambda$invokeAfterAllCallbacks$14(ClassBasedTestDescriptor.java:421)
	at java.base/java.util.ArrayList.forEach(ArrayList.java:1540)
	at org.junit.jupiter.engine.descriptor.ClassBasedTestDescriptor.invokeAfterAllCallbacks(ClassBasedTestDescriptor.java:421)
	at org.junit.jupiter.engine.descriptor.ClassBasedTestDescriptor.after(ClassBasedTestDescriptor.java:213)
	at org.junit.jupiter.engine.descriptor.ClassBasedTestDescriptor.after(ClassBasedTestDescriptor.java:77)
	at org.junit.platform.engine.support.hierarchical.NodeTestTask.lambda$executeRecursively$6(NodeTestTask.java:145)
	at org.junit.platform.engine.support.hierarchical.ThrowableCollector.execute(ThrowableCollector.java:73)
	at org.junit.platform.engine.support.hierarchical.NodeTestTask.lambda$executeRecursively$7(NodeTestTask.java:145)
	at org.junit.platform.engine.support.hierarchical.Node.around(Node.java:135)
	at org.junit.platform.engine.support.hierarchical.NodeTestTask.lambda$executeRecursively$8(NodeTestTask.java:123)
	at org.junit.platform.engine.support.hierarchical.ThrowableCollector.execute(ThrowableCollector.java:73)
	at org.junit.platform.engine.support.hierarchical.NodeTestTask.executeRecursively(NodeTestTask.java:122)
	at org.junit.platform.engine.support.hierarchical.NodeTestTask.execute(NodeTestTask.java:80)
	at java.base/java.util.ArrayList.forEach(ArrayList.java:1540)
	at org.junit.platform.engine.support.hierarchical.SameThreadHierarchicalTestExecutorService.invokeAll(SameThreadHierarchicalTestExecutorService.java:38)
	at org.junit.platform.engine.support.hierarchical.NodeTestTask.lambda$executeRecursively$5(NodeTestTask.java:139)
	at org.junit.platform.engine.support.hierarchical.ThrowableCollector.execute(ThrowableCollector.java:73)
	at org.junit.platform.engine.support.hierarchical.NodeTestTask.lambda$executeRecursively$7(NodeTestTask.java:125)
	at org.junit.platform.engine.support.hierarchical.Node.around(Node.java:135)
	at org.junit.platform.engine.support.hierarchical.NodeTestTask.lambda$executeRecursively$8(NodeTestTask.java:123)
	at org.junit.platform.engine.support.hierarchical.ThrowableCollector.execute(ThrowableCollector.java:73)
	at org.junit.platform.engine.support.hierarchical.NodeTestTask.executeRecursively(NodeTestTask.java:122)
	at org.junit.platform.engine.support.hierarchical.NodeTestTask.execute(NodeTestTask.java:80)
	at org.junit.platform.engine.support.hierarchical.SameThreadHierarchicalTestExecutorService.submit(SameThreadHierarchicalTestExecutorService.java:32)
	at org.junit.platform.engine.support.hierarchical.HierarchicalTestExecutor.execute(HierarchicalTestExecutor.java:57)
	at org.junit.platform.engine.support.hierarchical.HierarchicalTestEngine.execute(HierarchicalTestEngine.java:51)
	at org.junit.platform.launcher.core.DefaultLauncher.execute(DefaultLauncher.java:220)
	at org.junit.platform.launcher.core.DefaultLauncher.lambda$execute$6(DefaultLauncher.java:188)
	at org.junit.platform.launcher.core.DefaultLauncher.withInterceptedStreams(DefaultLauncher.java:202)
	at org.junit.platform.launcher.core.DefaultLauncher.execute(DefaultLauncher.java:181)
	at org.junit.platform.launcher.core.DefaultLauncher.execute(DefaultLauncher.java:128)
	at org.apache.maven.surefire.junitplatform.JUnitPlatformProvider.invokeAllTests(JUnitPlatformProvider.java:150)
	at org.apache.maven.surefire.junitplatform.JUnitPlatformProvider.invoke(JUnitPlatformProvider.java:124)
	at org.apache.maven.surefire.booter.ForkedBooter.invokeProviderInSameClassLoader(ForkedBooter.java:384)
	at org.apache.maven.surefire.booter.ForkedBooter.runSuitesInProcess(ForkedBooter.java:345)
	at org.apache.maven.surefire.booter.ForkedBooter.execute(ForkedBooter.java:126)
	at org.apache.maven.surefire.booter.ForkedBooter.main(ForkedBooter.java:418)
[INFO] Tests run: 5, Failures: 0, Errors: 0, Skipped: 0, Time elapsed: 30.005 s - in com.practicalexam.JavaApplicationTests
2020-04-25 11:42:33.856  INFO 17652 --- [extShutdownHook] o.s.s.concurrent.ThreadPoolTaskExecutor  : Shutting down ExecutorService 'applicationTaskExecutor'
[INFO] 
[INFO] Results:
[INFO] 
[INFO] Tests run: 5, Failures: 0, Errors: 0, Skipped: 0
[INFO] 
[INFO] 
[INFO] --- maven-jar-plugin:3.1.2:jar (default-jar) @ java ---
[INFO] Building jar: E:\CN9\FU_Submission_Webservice\submission\PracticalExams\Practical_Java_SE1269_20200424\Server\target\java-0.0.1-SNAPSHOT.jar
[INFO] 
[INFO] --- spring-boot-maven-plugin:2.2.4.RELEASE:repackage (repackage) @ java ---
[INFO] Replacing main artifact with repackaged archive
[INFO] ------------------------------------------------------------------------
[INFO] BUILD SUCCESS
[INFO] ------------------------------------------------------------------------
[INFO] Total time:  41.640 s
[INFO] Finished at: 2020-04-25T11:42:37+07:00
[INFO] ------------------------------------------------------------------------
--------------------------------------------------------
SE63155
--------------------------------------------------------
[INFO] Scanning for projects...
[INFO] 
[INFO] -----------------------< com.fpt.practical:java >-----------------------
[INFO] Building java 0.0.1-SNAPSHOT
[INFO] --------------------------------[ jar ]---------------------------------
[INFO] 
[INFO] --- maven-clean-plugin:3.1.0:clean (default-clean) @ java ---
[INFO] Deleting E:\CN9\FU_Submission_Webservice\submission\PracticalExams\Practical_Java_SE1269_20200424\Server\target
[INFO] 
[INFO] --- maven-resources-plugin:3.1.0:resources (default-resources) @ java ---
[INFO] Using 'UTF-8' encoding to copy filtered resources.
[INFO] Copying 1 resource
[INFO] Copying 0 resource
[INFO] 
[INFO] --- maven-compiler-plugin:3.8.1:compile (default-compile) @ java ---
[INFO] Changes detected - recompiling the module!
[INFO] Compiling 8 source files to E:\CN9\FU_Submission_Webservice\submission\PracticalExams\Practical_Java_SE1269_20200424\Server\target\classes
[INFO] 
[INFO] --- maven-resources-plugin:3.1.0:testResources (default-testResources) @ java ---
[INFO] Using 'UTF-8' encoding to copy filtered resources.
[INFO] skip non existing resourceDirectory E:\CN9\FU_Submission_Webservice\submission\PracticalExams\Practical_Java_SE1269_20200424\Server\src\test\resources
[INFO] 
[INFO] --- maven-compiler-plugin:3.8.1:testCompile (default-testCompile) @ java ---
[INFO] Changes detected - recompiling the module!
[INFO] Compiling 3 source files to E:\CN9\FU_Submission_Webservice\submission\PracticalExams\Practical_Java_SE1269_20200424\Server\target\test-classes
[INFO] 
[INFO] --- maven-surefire-plugin:2.22.2:test (default-test) @ java ---
[INFO] 
[INFO] -------------------------------------------------------
[INFO]  T E S T S
[INFO] -------------------------------------------------------
[INFO] Running com.practicalexam.JavaApplicationTests
11:43:53.566 [main] DEBUG org.springframework.test.context.BootstrapUtils - Instantiating CacheAwareContextLoaderDelegate from class [org.springframework.test.context.cache.DefaultCacheAwareContextLoaderDelegate]
11:43:53.592 [main] DEBUG org.springframework.test.context.BootstrapUtils - Instantiating BootstrapContext using constructor [public org.springframework.test.context.support.DefaultBootstrapContext(java.lang.Class,org.springframework.test.context.CacheAwareContextLoaderDelegate)]
11:43:53.644 [main] DEBUG org.springframework.test.context.BootstrapUtils - Instantiating TestContextBootstrapper for test class [com.practicalexam.JavaApplicationTests] from class [org.springframework.boot.test.context.SpringBootTestContextBootstrapper]
11:43:53.677 [main] INFO org.springframework.boot.test.context.SpringBootTestContextBootstrapper - Neither @ContextConfiguration nor @ContextHierarchy found for test class [com.practicalexam.JavaApplicationTests], using SpringBootContextLoader
11:43:53.685 [main] DEBUG org.springframework.test.context.support.AbstractContextLoader - Did not detect default resource location for test class [com.practicalexam.JavaApplicationTests]: class path resource [com/practicalexam/JavaApplicationTests-context.xml] does not exist
11:43:53.687 [main] DEBUG org.springframework.test.context.support.AbstractContextLoader - Did not detect default resource location for test class [com.practicalexam.JavaApplicationTests]: class path resource [com/practicalexam/JavaApplicationTestsContext.groovy] does not exist
11:43:53.689 [main] INFO org.springframework.test.context.support.AbstractContextLoader - Could not detect default resource locations for test class [com.practicalexam.JavaApplicationTests]: no resource found for suffixes {-context.xml, Context.groovy}.
11:43:53.691 [main] INFO org.springframework.test.context.support.AnnotationConfigContextLoaderUtils - Could not detect default configuration classes for test class [com.practicalexam.JavaApplicationTests]: JavaApplicationTests does not declare any static, non-private, non-final, nested classes annotated with @Configuration.
11:43:53.748 [main] DEBUG org.springframework.test.context.support.ActiveProfilesUtils - Could not find an 'annotation declaring class' for annotation type [org.springframework.test.context.ActiveProfiles] and class [com.practicalexam.JavaApplicationTests]
11:43:53.884 [main] DEBUG org.springframework.context.annotation.ClassPathScanningCandidateComponentProvider - Identified candidate component class: file [E:\CN9\FU_Submission_Webservice\submission\PracticalExams\Practical_Java_SE1269_20200424\Server\target\classes\com\practicalexam\JavaApplication.class]
11:43:53.886 [main] INFO org.springframework.boot.test.context.SpringBootTestContextBootstrapper - Found @SpringBootConfiguration com.practicalexam.JavaApplication for test class com.practicalexam.JavaApplicationTests
11:43:54.142 [main] DEBUG org.springframework.boot.test.context.SpringBootTestContextBootstrapper - @TestExecutionListeners is not present for class [com.practicalexam.JavaApplicationTests]: using defaults.
11:43:54.143 [main] INFO org.springframework.boot.test.context.SpringBootTestContextBootstrapper - Loaded default TestExecutionListener class names from location [META-INF/spring.factories]: [org.springframework.boot.test.mock.mockito.MockitoTestExecutionListener, org.springframework.boot.test.mock.mockito.ResetMocksTestExecutionListener, org.springframework.boot.test.autoconfigure.restdocs.RestDocsTestExecutionListener, org.springframework.boot.test.autoconfigure.web.client.MockRestServiceServerResetTestExecutionListener, org.springframework.boot.test.autoconfigure.web.servlet.MockMvcPrintOnlyOnFailureTestExecutionListener, org.springframework.boot.test.autoconfigure.web.servlet.WebDriverTestExecutionListener, org.springframework.test.context.web.ServletTestExecutionListener, org.springframework.test.context.support.DirtiesContextBeforeModesTestExecutionListener, org.springframework.test.context.support.DependencyInjectionTestExecutionListener, org.springframework.test.context.support.DirtiesContextTestExecutionListener, org.springframework.test.context.transaction.TransactionalTestExecutionListener, org.springframework.test.context.jdbc.SqlScriptsTestExecutionListener, org.springframework.test.context.event.EventPublishingTestExecutionListener]
11:43:54.155 [main] DEBUG org.springframework.boot.test.context.SpringBootTestContextBootstrapper - Skipping candidate TestExecutionListener [org.springframework.test.context.transaction.TransactionalTestExecutionListener] due to a missing dependency. Specify custom listener classes or make the default listener classes and their required dependencies available. Offending class: [org/springframework/transaction/interceptor/TransactionAttributeSource]
11:43:54.156 [main] DEBUG org.springframework.boot.test.context.SpringBootTestContextBootstrapper - Skipping candidate TestExecutionListener [org.springframework.test.context.jdbc.SqlScriptsTestExecutionListener] due to a missing dependency. Specify custom listener classes or make the default listener classes and their required dependencies available. Offending class: [org/springframework/transaction/interceptor/TransactionAttribute]
11:43:54.156 [main] INFO org.springframework.boot.test.context.SpringBootTestContextBootstrapper - Using TestExecutionListeners: [org.springframework.test.context.web.ServletTestExecutionListener@3383649e, org.springframework.test.context.support.DirtiesContextBeforeModesTestExecutionListener@10fde30a, org.springframework.boot.test.mock.mockito.MockitoTestExecutionListener@f27ea3, org.springframework.boot.test.autoconfigure.SpringBootDependencyInjectionTestExecutionListener@1ce61929, org.springframework.test.context.support.DirtiesContextTestExecutionListener@346939bf, org.springframework.test.context.event.EventPublishingTestExecutionListener@4bf3798b, org.springframework.boot.test.mock.mockito.ResetMocksTestExecutionListener@58670130, org.springframework.boot.test.autoconfigure.restdocs.RestDocsTestExecutionListener@74e47444, org.springframework.boot.test.autoconfigure.web.client.MockRestServiceServerResetTestExecutionListener@9bd0fa6, org.springframework.boot.test.autoconfigure.web.servlet.MockMvcPrintOnlyOnFailureTestExecutionListener@59d2103b, org.springframework.boot.test.autoconfigure.web.servlet.WebDriverTestExecutionListener@39dcf4b0]
11:43:54.161 [main] DEBUG org.springframework.test.context.support.AbstractDirtiesContextTestExecutionListener - Before test class: context [DefaultTestContext@18245eb0 testClass = JavaApplicationTests, testInstance = [null], testMethod = [null], testException = [null], mergedContextConfiguration = [WebMergedContextConfiguration@7c7d3c46 testClass = JavaApplicationTests, locations = '{}', classes = '{class com.practicalexam.JavaApplication}', contextInitializerClasses = '[]', activeProfiles = '{}', propertySourceLocations = '{}', propertySourceProperties = '{org.springframework.boot.test.context.SpringBootTestContextBootstrapper=true}', contextCustomizers = set[org.springframework.boot.test.context.filter.ExcludeFilterContextCustomizer@ee86bcb, org.springframework.boot.test.json.DuplicateJsonObjectContextCustomizerFactory$DuplicateJsonObjectContextCustomizer@6bca7e0d, org.springframework.boot.test.mock.mockito.MockitoContextCustomizer@0, org.springframework.boot.test.web.client.TestRestTemplateContextCustomizer@648c94da, org.springframework.boot.test.autoconfigure.properties.PropertyMappingContextCustomizer@0, org.springframework.boot.test.autoconfigure.web.servlet.WebDriverContextCustomizerFactory$Customizer@289710d9], resourceBasePath = 'src/main/webapp', contextLoader = 'org.springframework.boot.test.context.SpringBootContextLoader', parent = [null]], attributes = map['org.springframework.test.context.web.ServletTestExecutionListener.activateListener' -> true]], class annotated with @DirtiesContext [false] with mode [null].
11:43:54.199 [main] DEBUG org.springframework.test.context.support.TestPropertySourceUtils - Adding inlined properties to environment: {spring.jmx.enabled=false, org.springframework.boot.test.context.SpringBootTestContextBootstrapper=true, server.port=-1}

  .   ____          _            __ _ _
 /\\ / ___'_ __ _ _(_)_ __  __ _ \ \ \ \
( ( )\___ | '_ | '_| | '_ \/ _` | \ \ \ \
 \\/  ___)| |_)| | | | | || (_| |  ) ) ) )
  '  |____| .__|_| |_|_| |_\__, | / / / /
 =========|_|==============|___/=/_/_/_/
 :: Spring Boot ::        (v2.2.4.RELEASE)

2020-04-25 11:43:54.739  INFO 7492 --- [           main] com.practicalexam.JavaApplicationTests   : Starting JavaApplicationTests on THUCNHSE63155 with PID 7492 (started by HP in E:\CN9\FU_Submission_Webservice\submission\PracticalExams\Practical_Java_SE1269_20200424\Server)
2020-04-25 11:43:54.765  INFO 7492 --- [           main] com.practicalexam.JavaApplicationTests   : No active profile set, falling back to default profiles: default
2020-04-25 11:43:56.663  INFO 7492 --- [           main] trationDelegate$BeanPostProcessorChecker : Bean 'org.springframework.ws.config.annotation.DelegatingWsConfiguration' of type [org.springframework.ws.config.annotation.DelegatingWsConfiguration$$EnhancerBySpringCGLIB$$a1b081ad] is not eligible for getting processed by all BeanPostProcessors (for example: not eligible for auto-proxying)
2020-04-25 11:43:56.851  INFO 7492 --- [           main] .w.s.a.s.AnnotationActionEndpointMapping : Supporting [WS-Addressing August 2004, WS-Addressing 1.0]
2020-04-25 11:43:58.121  INFO 7492 --- [           main] o.s.s.concurrent.ThreadPoolTaskExecutor  : Initializing ExecutorService 'applicationTaskExecutor'
2020-04-25 11:43:59.064  INFO 7492 --- [           main] com.practicalexam.JavaApplicationTests   : Started JavaApplicationTests in 4.851 seconds (JVM running for 7.258)
==========Start Insert==========
|IA1406|codeAdd |modelAdd            |  10|   1000.0|
|IA1406|codeAdd2|modelAdd            |  10|   1000.0|
==========End Insert==========
Test Successful for test: insertShoes()
==========Start Update==========
|IA1406|codeAdd |modelAdd            |  10|   1000.0|
|IA1406|codeAdd2|modelUpdate         |  11|   1001.0|
==========End Update==========
Test Successful for test: updateShoes()
==========Start Search==========
|IA1406|codeAdd |modelAdd            |  10|   1000.0|
==========End Search==========
Test Successful for test: searchShoes()
==========Start Sort==========
|IA1406|codeAdd |modelAdd            |  10|   1000.0|
|IA1406|codeAdd2|modelUpdate         |  11|   1001.0|
|IA1406|codeSort|zmodelSort          |  14|   1004.0|
==========End Sort==========
Test Successful for test: sortShoes()
==========Start Remove==========
|IA1406|codeAdd |modelAdd            |  10|   1000.0|
|IA1406|codeAdd2|modelUpdate         |  11|   1001.0|
|IA1406|codeSort|zmodelSort          |  14|   1004.0|
==========End Remove==========
Test Successful for test: removeShoes()
E:\CN9\FU_Submission_Webservice\submission\PracticalExams\Practical_Java_SE1269_20200424\Server\src\test\java\com\practicalexam
E:\CN9\FU_Submission_Webservice\submission\PracticalExams\Practical_Java_SE1269_20200424\Server\src\test\java\com\practicalexam
java.lang.ArrayIndexOutOfBoundsException: Index 1 out of bounds for length 1
	at com.practicalexam.TestResultLoggerExtension.setResult(TestResultLoggerExtension.java:178)
	at com.practicalexam.TestResultLoggerExtension.afterAll(TestResultLoggerExtension.java:120)
	at org.junit.jupiter.engine.descriptor.ClassBasedTestDescriptor.lambda$invokeAfterAllCallbacks$13(ClassBasedTestDescriptor.java:421)
	at org.junit.platform.engine.support.hierarchical.ThrowableCollector.execute(ThrowableCollector.java:73)
	at org.junit.jupiter.engine.descriptor.ClassBasedTestDescriptor.lambda$invokeAfterAllCallbacks$14(ClassBasedTestDescriptor.java:421)
	at java.base/java.util.ArrayList.forEach(ArrayList.java:1540)
	at org.junit.jupiter.engine.descriptor.ClassBasedTestDescriptor.invokeAfterAllCallbacks(ClassBasedTestDescriptor.java:421)
	at org.junit.jupiter.engine.descriptor.ClassBasedTestDescriptor.after(ClassBasedTestDescriptor.java:213)
	at org.junit.jupiter.engine.descriptor.ClassBasedTestDescriptor.after(ClassBasedTestDescriptor.java:77)
	at org.junit.platform.engine.support.hierarchical.NodeTestTask.lambda$executeRecursively$6(NodeTestTask.java:145)
	at org.junit.platform.engine.support.hierarchical.ThrowableCollector.execute(ThrowableCollector.java:73)
	at org.junit.platform.engine.support.hierarchical.NodeTestTask.lambda$executeRecursively$7(NodeTestTask.java:145)
	at org.junit.platform.engine.support.hierarchical.Node.around(Node.java:135)
	at org.junit.platform.engine.support.hierarchical.NodeTestTask.lambda$executeRecursively$8(NodeTestTask.java:123)
	at org.junit.platform.engine.support.hierarchical.ThrowableCollector.execute(ThrowableCollector.java:73)
	at org.junit.platform.engine.support.hierarchical.NodeTestTask.executeRecursively(NodeTestTask.java:122)
	at org.junit.platform.engine.support.hierarchical.NodeTestTask.execute(NodeTestTask.java:80)
	at java.base/java.util.ArrayList.forEach(ArrayList.java:1540)
	at org.junit.platform.engine.support.hierarchical.SameThreadHierarchicalTestExecutorService.invokeAll(SameThreadHierarchicalTestExecutorService.java:38)
	at org.junit.platform.engine.support.hierarchical.NodeTestTask.lambda$executeRecursively$5(NodeTestTask.java:139)
	at org.junit.platform.engine.support.hierarchical.ThrowableCollector.execute(ThrowableCollector.java:73)
	at org.junit.platform.engine.support.hierarchical.NodeTestTask.lambda$executeRecursively$7(NodeTestTask.java:125)
	at org.junit.platform.engine.support.hierarchical.Node.around(Node.java:135)
	at org.junit.platform.engine.support.hierarchical.NodeTestTask.lambda$executeRecursively$8(NodeTestTask.java:123)
	at org.junit.platform.engine.support.hierarchical.ThrowableCollector.execute(ThrowableCollector.java:73)
	at org.junit.platform.engine.support.hierarchical.NodeTestTask.executeRecursively(NodeTestTask.java:122)
	at org.junit.platform.engine.support.hierarchical.NodeTestTask.execute(NodeTestTask.java:80)
	at org.junit.platform.engine.support.hierarchical.SameThreadHierarchicalTestExecutorService.submit(SameThreadHierarchicalTestExecutorService.java:32)
	at org.junit.platform.engine.support.hierarchical.HierarchicalTestExecutor.execute(HierarchicalTestExecutor.java:57)
	at org.junit.platform.engine.support.hierarchical.HierarchicalTestEngine.execute(HierarchicalTestEngine.java:51)
	at org.junit.platform.launcher.core.DefaultLauncher.execute(DefaultLauncher.java:220)
	at org.junit.platform.launcher.core.DefaultLauncher.lambda$execute$6(DefaultLauncher.java:188)
	at org.junit.platform.launcher.core.DefaultLauncher.withInterceptedStreams(DefaultLauncher.java:202)
	at org.junit.platform.launcher.core.DefaultLauncher.execute(DefaultLauncher.java:181)
	at org.junit.platform.launcher.core.DefaultLauncher.execute(DefaultLauncher.java:128)
	at org.apache.maven.surefire.junitplatform.JUnitPlatformProvider.invokeAllTests(JUnitPlatformProvider.java:150)
	at org.apache.maven.surefire.junitplatform.JUnitPlatformProvider.invoke(JUnitPlatformProvider.java:124)
	at org.apache.maven.surefire.booter.ForkedBooter.invokeProviderInSameClassLoader(ForkedBooter.java:384)
	at org.apache.maven.surefire.booter.ForkedBooter.runSuitesInProcess(ForkedBooter.java:345)
	at org.apache.maven.surefire.booter.ForkedBooter.execute(ForkedBooter.java:126)
	at org.apache.maven.surefire.booter.ForkedBooter.main(ForkedBooter.java:418)
[INFO] Tests run: 5, Failures: 0, Errors: 0, Skipped: 0, Time elapsed: 31.41 s - in com.practicalexam.JavaApplicationTests
2020-04-25 11:44:24.906  INFO 7492 --- [extShutdownHook] o.s.s.concurrent.ThreadPoolTaskExecutor  : Shutting down ExecutorService 'applicationTaskExecutor'
[INFO] 
[INFO] Results:
[INFO] 
[INFO] Tests run: 5, Failures: 0, Errors: 0, Skipped: 0
[INFO] 
[INFO] 
[INFO] --- maven-jar-plugin:3.1.2:jar (default-jar) @ java ---
[INFO] Building jar: E:\CN9\FU_Submission_Webservice\submission\PracticalExams\Practical_Java_SE1269_20200424\Server\target\java-0.0.1-SNAPSHOT.jar
[INFO] 
[INFO] --- spring-boot-maven-plugin:2.2.4.RELEASE:repackage (repackage) @ java ---
[INFO] Replacing main artifact with repackaged archive
[INFO] ------------------------------------------------------------------------
[INFO] BUILD SUCCESS
[INFO] ------------------------------------------------------------------------
[INFO] Total time:  49.356 s
[INFO] Finished at: 2020-04-25T11:44:27+07:00
[INFO] ------------------------------------------------------------------------
--------------------------------------------------------
SE63155
--------------------------------------------------------
[INFO] Scanning for projects...
[INFO] 
[INFO] -----------------------< com.fpt.practical:java >-----------------------
[INFO] Building java 0.0.1-SNAPSHOT
[INFO] --------------------------------[ jar ]---------------------------------
[INFO] 
[INFO] --- maven-clean-plugin:3.1.0:clean (default-clean) @ java ---
[INFO] Deleting E:\CN9\FU_Submission_Webservice\submission\PracticalExams\Practical_Java_SE1269_20200424\Server\target
[INFO] 
[INFO] --- maven-resources-plugin:3.1.0:resources (default-resources) @ java ---
[INFO] Using 'UTF-8' encoding to copy filtered resources.
[INFO] Copying 1 resource
[INFO] Copying 0 resource
[INFO] 
[INFO] --- maven-compiler-plugin:3.8.1:compile (default-compile) @ java ---
[INFO] Changes detected - recompiling the module!
[INFO] Compiling 8 source files to E:\CN9\FU_Submission_Webservice\submission\PracticalExams\Practical_Java_SE1269_20200424\Server\target\classes
[INFO] 
[INFO] --- maven-resources-plugin:3.1.0:testResources (default-testResources) @ java ---
[INFO] Using 'UTF-8' encoding to copy filtered resources.
[INFO] skip non existing resourceDirectory E:\CN9\FU_Submission_Webservice\submission\PracticalExams\Practical_Java_SE1269_20200424\Server\src\test\resources
[INFO] 
[INFO] --- maven-compiler-plugin:3.8.1:testCompile (default-testCompile) @ java ---
[INFO] Changes detected - recompiling the module!
[INFO] Compiling 3 source files to E:\CN9\FU_Submission_Webservice\submission\PracticalExams\Practical_Java_SE1269_20200424\Server\target\test-classes
[INFO] 
[INFO] --- maven-surefire-plugin:2.22.2:test (default-test) @ java ---
[INFO] 
[INFO] -------------------------------------------------------
[INFO]  T E S T S
[INFO] -------------------------------------------------------
[INFO] Running com.practicalexam.JavaApplicationTests
11:47:06.921 [main] DEBUG org.springframework.test.context.BootstrapUtils - Instantiating CacheAwareContextLoaderDelegate from class [org.springframework.test.context.cache.DefaultCacheAwareContextLoaderDelegate]
11:47:06.940 [main] DEBUG org.springframework.test.context.BootstrapUtils - Instantiating BootstrapContext using constructor [public org.springframework.test.context.support.DefaultBootstrapContext(java.lang.Class,org.springframework.test.context.CacheAwareContextLoaderDelegate)]
11:47:06.984 [main] DEBUG org.springframework.test.context.BootstrapUtils - Instantiating TestContextBootstrapper for test class [com.practicalexam.JavaApplicationTests] from class [org.springframework.boot.test.context.SpringBootTestContextBootstrapper]
11:47:07.012 [main] INFO org.springframework.boot.test.context.SpringBootTestContextBootstrapper - Neither @ContextConfiguration nor @ContextHierarchy found for test class [com.practicalexam.JavaApplicationTests], using SpringBootContextLoader
11:47:07.020 [main] DEBUG org.springframework.test.context.support.AbstractContextLoader - Did not detect default resource location for test class [com.practicalexam.JavaApplicationTests]: class path resource [com/practicalexam/JavaApplicationTests-context.xml] does not exist
11:47:07.021 [main] DEBUG org.springframework.test.context.support.AbstractContextLoader - Did not detect default resource location for test class [com.practicalexam.JavaApplicationTests]: class path resource [com/practicalexam/JavaApplicationTestsContext.groovy] does not exist
11:47:07.022 [main] INFO org.springframework.test.context.support.AbstractContextLoader - Could not detect default resource locations for test class [com.practicalexam.JavaApplicationTests]: no resource found for suffixes {-context.xml, Context.groovy}.
11:47:07.023 [main] INFO org.springframework.test.context.support.AnnotationConfigContextLoaderUtils - Could not detect default configuration classes for test class [com.practicalexam.JavaApplicationTests]: JavaApplicationTests does not declare any static, non-private, non-final, nested classes annotated with @Configuration.
11:47:07.095 [main] DEBUG org.springframework.test.context.support.ActiveProfilesUtils - Could not find an 'annotation declaring class' for annotation type [org.springframework.test.context.ActiveProfiles] and class [com.practicalexam.JavaApplicationTests]
11:47:07.223 [main] DEBUG org.springframework.context.annotation.ClassPathScanningCandidateComponentProvider - Identified candidate component class: file [E:\CN9\FU_Submission_Webservice\submission\PracticalExams\Practical_Java_SE1269_20200424\Server\target\classes\com\practicalexam\JavaApplication.class]
11:47:07.225 [main] INFO org.springframework.boot.test.context.SpringBootTestContextBootstrapper - Found @SpringBootConfiguration com.practicalexam.JavaApplication for test class com.practicalexam.JavaApplicationTests
11:47:07.405 [main] DEBUG org.springframework.boot.test.context.SpringBootTestContextBootstrapper - @TestExecutionListeners is not present for class [com.practicalexam.JavaApplicationTests]: using defaults.
11:47:07.406 [main] INFO org.springframework.boot.test.context.SpringBootTestContextBootstrapper - Loaded default TestExecutionListener class names from location [META-INF/spring.factories]: [org.springframework.boot.test.mock.mockito.MockitoTestExecutionListener, org.springframework.boot.test.mock.mockito.ResetMocksTestExecutionListener, org.springframework.boot.test.autoconfigure.restdocs.RestDocsTestExecutionListener, org.springframework.boot.test.autoconfigure.web.client.MockRestServiceServerResetTestExecutionListener, org.springframework.boot.test.autoconfigure.web.servlet.MockMvcPrintOnlyOnFailureTestExecutionListener, org.springframework.boot.test.autoconfigure.web.servlet.WebDriverTestExecutionListener, org.springframework.test.context.web.ServletTestExecutionListener, org.springframework.test.context.support.DirtiesContextBeforeModesTestExecutionListener, org.springframework.test.context.support.DependencyInjectionTestExecutionListener, org.springframework.test.context.support.DirtiesContextTestExecutionListener, org.springframework.test.context.transaction.TransactionalTestExecutionListener, org.springframework.test.context.jdbc.SqlScriptsTestExecutionListener, org.springframework.test.context.event.EventPublishingTestExecutionListener]
11:47:07.419 [main] DEBUG org.springframework.boot.test.context.SpringBootTestContextBootstrapper - Skipping candidate TestExecutionListener [org.springframework.test.context.transaction.TransactionalTestExecutionListener] due to a missing dependency. Specify custom listener classes or make the default listener classes and their required dependencies available. Offending class: [org/springframework/transaction/interceptor/TransactionAttributeSource]
11:47:07.420 [main] DEBUG org.springframework.boot.test.context.SpringBootTestContextBootstrapper - Skipping candidate TestExecutionListener [org.springframework.test.context.jdbc.SqlScriptsTestExecutionListener] due to a missing dependency. Specify custom listener classes or make the default listener classes and their required dependencies available. Offending class: [org/springframework/transaction/interceptor/TransactionAttribute]
11:47:07.421 [main] INFO org.springframework.boot.test.context.SpringBootTestContextBootstrapper - Using TestExecutionListeners: [org.springframework.test.context.web.ServletTestExecutionListener@3383649e, org.springframework.test.context.support.DirtiesContextBeforeModesTestExecutionListener@10fde30a, org.springframework.boot.test.mock.mockito.MockitoTestExecutionListener@f27ea3, org.springframework.boot.test.autoconfigure.SpringBootDependencyInjectionTestExecutionListener@1ce61929, org.springframework.test.context.support.DirtiesContextTestExecutionListener@346939bf, org.springframework.test.context.event.EventPublishingTestExecutionListener@4bf3798b, org.springframework.boot.test.mock.mockito.ResetMocksTestExecutionListener@58670130, org.springframework.boot.test.autoconfigure.restdocs.RestDocsTestExecutionListener@74e47444, org.springframework.boot.test.autoconfigure.web.client.MockRestServiceServerResetTestExecutionListener@9bd0fa6, org.springframework.boot.test.autoconfigure.web.servlet.MockMvcPrintOnlyOnFailureTestExecutionListener@59d2103b, org.springframework.boot.test.autoconfigure.web.servlet.WebDriverTestExecutionListener@39dcf4b0]
11:47:07.425 [main] DEBUG org.springframework.test.context.support.AbstractDirtiesContextTestExecutionListener - Before test class: context [DefaultTestContext@18245eb0 testClass = JavaApplicationTests, testInstance = [null], testMethod = [null], testException = [null], mergedContextConfiguration = [WebMergedContextConfiguration@7c7d3c46 testClass = JavaApplicationTests, locations = '{}', classes = '{class com.practicalexam.JavaApplication}', contextInitializerClasses = '[]', activeProfiles = '{}', propertySourceLocations = '{}', propertySourceProperties = '{org.springframework.boot.test.context.SpringBootTestContextBootstrapper=true}', contextCustomizers = set[org.springframework.boot.test.context.filter.ExcludeFilterContextCustomizer@ee86bcb, org.springframework.boot.test.json.DuplicateJsonObjectContextCustomizerFactory$DuplicateJsonObjectContextCustomizer@6bca7e0d, org.springframework.boot.test.mock.mockito.MockitoContextCustomizer@0, org.springframework.boot.test.web.client.TestRestTemplateContextCustomizer@648c94da, org.springframework.boot.test.autoconfigure.properties.PropertyMappingContextCustomizer@0, org.springframework.boot.test.autoconfigure.web.servlet.WebDriverContextCustomizerFactory$Customizer@289710d9], resourceBasePath = 'src/main/webapp', contextLoader = 'org.springframework.boot.test.context.SpringBootContextLoader', parent = [null]], attributes = map['org.springframework.test.context.web.ServletTestExecutionListener.activateListener' -> true]], class annotated with @DirtiesContext [false] with mode [null].
11:47:07.465 [main] DEBUG org.springframework.test.context.support.TestPropertySourceUtils - Adding inlined properties to environment: {spring.jmx.enabled=false, org.springframework.boot.test.context.SpringBootTestContextBootstrapper=true, server.port=-1}

  .   ____          _            __ _ _
 /\\ / ___'_ __ _ _(_)_ __  __ _ \ \ \ \
( ( )\___ | '_ | '_| | '_ \/ _` | \ \ \ \
 \\/  ___)| |_)| | | | | || (_| |  ) ) ) )
  '  |____| .__|_| |_|_| |_\__, | / / / /
 =========|_|==============|___/=/_/_/_/
 :: Spring Boot ::        (v2.2.4.RELEASE)

2020-04-25 11:47:07.931  INFO 12720 --- [           main] com.practicalexam.JavaApplicationTests   : Starting JavaApplicationTests on THUCNHSE63155 with PID 12720 (started by HP in E:\CN9\FU_Submission_Webservice\submission\PracticalExams\Practical_Java_SE1269_20200424\Server)
2020-04-25 11:47:07.934  INFO 12720 --- [           main] com.practicalexam.JavaApplicationTests   : No active profile set, falling back to default profiles: default
2020-04-25 11:47:09.702  INFO 12720 --- [           main] trationDelegate$BeanPostProcessorChecker : Bean 'org.springframework.ws.config.annotation.DelegatingWsConfiguration' of type [org.springframework.ws.config.annotation.DelegatingWsConfiguration$$EnhancerBySpringCGLIB$$a1b081ad] is not eligible for getting processed by all BeanPostProcessors (for example: not eligible for auto-proxying)
2020-04-25 11:47:09.861  INFO 12720 --- [           main] .w.s.a.s.AnnotationActionEndpointMapping : Supporting [WS-Addressing August 2004, WS-Addressing 1.0]
2020-04-25 11:47:11.079  INFO 12720 --- [           main] o.s.s.concurrent.ThreadPoolTaskExecutor  : Initializing ExecutorService 'applicationTaskExecutor'
2020-04-25 11:47:11.672  INFO 12720 --- [           main] com.practicalexam.JavaApplicationTests   : Started JavaApplicationTests in 4.189 seconds (JVM running for 6.311)
==========Start Insert==========
|IA1406|codeAdd |modelAdd            |  10|   1000.0|
|IA1406|codeAdd2|modelAdd            |  10|   1000.0|
==========End Insert==========
Test Successful for test: insertShoes()
==========Start Update==========
|IA1406|codeAdd |modelAdd            |  10|   1000.0|
|IA1406|codeAdd2|modelUpdate         |  11|   1001.0|
==========End Update==========
Test Successful for test: updateShoes()
==========Start Search==========
|IA1406|codeAdd |modelAdd            |  10|   1000.0|
==========End Search==========
Test Successful for test: searchShoes()
==========Start Sort==========
|IA1406|codeAdd |modelAdd            |  10|   1000.0|
|IA1406|codeAdd2|modelUpdate         |  11|   1001.0|
|IA1406|codeSort|zmodelSort          |  14|   1004.0|
==========End Sort==========
Test Successful for test: sortShoes()
==========Start Remove==========
|IA1406|codeAdd |modelAdd            |  10|   1000.0|
|IA1406|codeAdd2|modelUpdate         |  11|   1001.0|
|IA1406|codeSort|zmodelSort          |  14|   1004.0|
==========End Remove==========
Test Successful for test: removeShoes()
E:\CN9\FU_Submission_Webservice\submission\PracticalExams\Practical_Java_SE1269_20200424\Server\src\test\java\com\practicalexam
E:\CN9\FU_Submission_Webservice\submission\PracticalExams\Practical_Java_SE1269_20200424\Server\src\test\java\com\practicalexam
java.lang.ArrayIndexOutOfBoundsException: Index 1 out of bounds for length 1
	at com.practicalexam.TestResultLoggerExtension.setResult(TestResultLoggerExtension.java:179)
	at com.practicalexam.TestResultLoggerExtension.afterAll(TestResultLoggerExtension.java:120)
	at org.junit.jupiter.engine.descriptor.ClassBasedTestDescriptor.lambda$invokeAfterAllCallbacks$13(ClassBasedTestDescriptor.java:421)
	at org.junit.platform.engine.support.hierarchical.ThrowableCollector.execute(ThrowableCollector.java:73)
	at org.junit.jupiter.engine.descriptor.ClassBasedTestDescriptor.lambda$invokeAfterAllCallbacks$14(ClassBasedTestDescriptor.java:421)
	at java.base/java.util.ArrayList.forEach(ArrayList.java:1540)
	at org.junit.jupiter.engine.descriptor.ClassBasedTestDescriptor.invokeAfterAllCallbacks(ClassBasedTestDescriptor.java:421)
	at org.junit.jupiter.engine.descriptor.ClassBasedTestDescriptor.after(ClassBasedTestDescriptor.java:213)
	at org.junit.jupiter.engine.descriptor.ClassBasedTestDescriptor.after(ClassBasedTestDescriptor.java:77)
	at org.junit.platform.engine.support.hierarchical.NodeTestTask.lambda$executeRecursively$6(NodeTestTask.java:145)
	at org.junit.platform.engine.support.hierarchical.ThrowableCollector.execute(ThrowableCollector.java:73)
	at org.junit.platform.engine.support.hierarchical.NodeTestTask.lambda$executeRecursively$7(NodeTestTask.java:145)
	at org.junit.platform.engine.support.hierarchical.Node.around(Node.java:135)
	at org.junit.platform.engine.support.hierarchical.NodeTestTask.lambda$executeRecursively$8(NodeTestTask.java:123)
	at org.junit.platform.engine.support.hierarchical.ThrowableCollector.execute(ThrowableCollector.java:73)
	at org.junit.platform.engine.support.hierarchical.NodeTestTask.executeRecursively(NodeTestTask.java:122)
	at org.junit.platform.engine.support.hierarchical.NodeTestTask.execute(NodeTestTask.java:80)
	at java.base/java.util.ArrayList.forEach(ArrayList.java:1540)
	at org.junit.platform.engine.support.hierarchical.SameThreadHierarchicalTestExecutorService.invokeAll(SameThreadHierarchicalTestExecutorService.java:38)
	at org.junit.platform.engine.support.hierarchical.NodeTestTask.lambda$executeRecursively$5(NodeTestTask.java:139)
	at org.junit.platform.engine.support.hierarchical.ThrowableCollector.execute(ThrowableCollector.java:73)
	at org.junit.platform.engine.support.hierarchical.NodeTestTask.lambda$executeRecursively$7(NodeTestTask.java:125)
	at org.junit.platform.engine.support.hierarchical.Node.around(Node.java:135)
	at org.junit.platform.engine.support.hierarchical.NodeTestTask.lambda$executeRecursively$8(NodeTestTask.java:123)
	at org.junit.platform.engine.support.hierarchical.ThrowableCollector.execute(ThrowableCollector.java:73)
	at org.junit.platform.engine.support.hierarchical.NodeTestTask.executeRecursively(NodeTestTask.java:122)
	at org.junit.platform.engine.support.hierarchical.NodeTestTask.execute(NodeTestTask.java:80)
	at org.junit.platform.engine.support.hierarchical.SameThreadHierarchicalTestExecutorService.submit(SameThreadHierarchicalTestExecutorService.java:32)
	at org.junit.platform.engine.support.hierarchical.HierarchicalTestExecutor.execute(HierarchicalTestExecutor.java:57)
	at org.junit.platform.engine.support.hierarchical.HierarchicalTestEngine.execute(HierarchicalTestEngine.java:51)
	at org.junit.platform.launcher.core.DefaultLauncher.execute(DefaultLauncher.java:220)
	at org.junit.platform.launcher.core.DefaultLauncher.lambda$execute$6(DefaultLauncher.java:188)
	at org.junit.platform.launcher.core.DefaultLauncher.withInterceptedStreams(DefaultLauncher.java:202)
	at org.junit.platform.launcher.core.DefaultLauncher.execute(DefaultLauncher.java:181)
	at org.junit.platform.launcher.core.DefaultLauncher.execute(DefaultLauncher.java:128)
	at org.apache.maven.surefire.junitplatform.JUnitPlatformProvider.invokeAllTests(JUnitPlatformProvider.java:150)
	at org.apache.maven.surefire.junitplatform.JUnitPlatformProvider.invoke(JUnitPlatformProvider.java:124)
	at org.apache.maven.surefire.booter.ForkedBooter.invokeProviderInSameClassLoader(ForkedBooter.java:384)
	at org.apache.maven.surefire.booter.ForkedBooter.runSuitesInProcess(ForkedBooter.java:345)
	at org.apache.maven.surefire.booter.ForkedBooter.execute(ForkedBooter.java:126)
	at org.apache.maven.surefire.booter.ForkedBooter.main(ForkedBooter.java:418)
{"studentCode":"SE63155","listQuestions":{},"totalPoint":"0.0","submitTime":null,"evaluateTime":"2020-04-25 11:47:37","codingConvention":null,"result":"0/5","errorMsg":null}
[INFO] Tests run: 5, Failures: 0, Errors: 0, Skipped: 0, Time elapsed: 30.725 s - in com.practicalexam.JavaApplicationTests
2020-04-25 11:47:37.626  INFO 12720 --- [extShutdownHook] o.s.s.concurrent.ThreadPoolTaskExecutor  : Shutting down ExecutorService 'applicationTaskExecutor'
[INFO] 
[INFO] Results:
[INFO] 
[INFO] Tests run: 5, Failures: 0, Errors: 0, Skipped: 0
[INFO] 
[INFO] 
[INFO] --- maven-jar-plugin:3.1.2:jar (default-jar) @ java ---
[INFO] Building jar: E:\CN9\FU_Submission_Webservice\submission\PracticalExams\Practical_Java_SE1269_20200424\Server\target\java-0.0.1-SNAPSHOT.jar
[INFO] 
[INFO] --- spring-boot-maven-plugin:2.2.4.RELEASE:repackage (repackage) @ java ---
[INFO] Replacing main artifact with repackaged archive
[INFO] ------------------------------------------------------------------------
[INFO] BUILD SUCCESS
[INFO] ------------------------------------------------------------------------
[INFO] Total time:  42.131 s
[INFO] Finished at: 2020-04-25T11:47:40+07:00
[INFO] ------------------------------------------------------------------------
--------------------------------------------------------
SE63155
--------------------------------------------------------
[INFO] Scanning for projects...
[INFO] 
[INFO] -----------------------< com.fpt.practical:java >-----------------------
[INFO] Building java 0.0.1-SNAPSHOT
[INFO] --------------------------------[ jar ]---------------------------------
[INFO] 
[INFO] --- maven-clean-plugin:3.1.0:clean (default-clean) @ java ---
[INFO] Deleting E:\CN9\FU_Submission_Webservice\submission\PracticalExams\Practical_Java_SE1269_20200424\Server\target
[INFO] 
[INFO] --- maven-resources-plugin:3.1.0:resources (default-resources) @ java ---
[INFO] Using 'UTF-8' encoding to copy filtered resources.
[INFO] Copying 1 resource
[INFO] Copying 0 resource
[INFO] 
[INFO] --- maven-compiler-plugin:3.8.1:compile (default-compile) @ java ---
[INFO] Changes detected - recompiling the module!
[INFO] Compiling 8 source files to E:\CN9\FU_Submission_Webservice\submission\PracticalExams\Practical_Java_SE1269_20200424\Server\target\classes
[INFO] 
[INFO] --- maven-resources-plugin:3.1.0:testResources (default-testResources) @ java ---
[INFO] Using 'UTF-8' encoding to copy filtered resources.
[INFO] skip non existing resourceDirectory E:\CN9\FU_Submission_Webservice\submission\PracticalExams\Practical_Java_SE1269_20200424\Server\src\test\resources
[INFO] 
[INFO] --- maven-compiler-plugin:3.8.1:testCompile (default-testCompile) @ java ---
[INFO] Changes detected - recompiling the module!
[INFO] Compiling 3 source files to E:\CN9\FU_Submission_Webservice\submission\PracticalExams\Practical_Java_SE1269_20200424\Server\target\test-classes
[INFO] 
[INFO] --- maven-surefire-plugin:2.22.2:test (default-test) @ java ---
[INFO] 
[INFO] -------------------------------------------------------
[INFO]  T E S T S
[INFO] -------------------------------------------------------
[INFO] Running com.practicalexam.JavaApplicationTests
11:49:31.498 [main] DEBUG org.springframework.test.context.BootstrapUtils - Instantiating CacheAwareContextLoaderDelegate from class [org.springframework.test.context.cache.DefaultCacheAwareContextLoaderDelegate]
11:49:31.520 [main] DEBUG org.springframework.test.context.BootstrapUtils - Instantiating BootstrapContext using constructor [public org.springframework.test.context.support.DefaultBootstrapContext(java.lang.Class,org.springframework.test.context.CacheAwareContextLoaderDelegate)]
11:49:31.592 [main] DEBUG org.springframework.test.context.BootstrapUtils - Instantiating TestContextBootstrapper for test class [com.practicalexam.JavaApplicationTests] from class [org.springframework.boot.test.context.SpringBootTestContextBootstrapper]
11:49:31.628 [main] INFO org.springframework.boot.test.context.SpringBootTestContextBootstrapper - Neither @ContextConfiguration nor @ContextHierarchy found for test class [com.practicalexam.JavaApplicationTests], using SpringBootContextLoader
11:49:31.638 [main] DEBUG org.springframework.test.context.support.AbstractContextLoader - Did not detect default resource location for test class [com.practicalexam.JavaApplicationTests]: class path resource [com/practicalexam/JavaApplicationTests-context.xml] does not exist
11:49:31.639 [main] DEBUG org.springframework.test.context.support.AbstractContextLoader - Did not detect default resource location for test class [com.practicalexam.JavaApplicationTests]: class path resource [com/practicalexam/JavaApplicationTestsContext.groovy] does not exist
11:49:31.640 [main] INFO org.springframework.test.context.support.AbstractContextLoader - Could not detect default resource locations for test class [com.practicalexam.JavaApplicationTests]: no resource found for suffixes {-context.xml, Context.groovy}.
11:49:31.643 [main] INFO org.springframework.test.context.support.AnnotationConfigContextLoaderUtils - Could not detect default configuration classes for test class [com.practicalexam.JavaApplicationTests]: JavaApplicationTests does not declare any static, non-private, non-final, nested classes annotated with @Configuration.
11:49:31.706 [main] DEBUG org.springframework.test.context.support.ActiveProfilesUtils - Could not find an 'annotation declaring class' for annotation type [org.springframework.test.context.ActiveProfiles] and class [com.practicalexam.JavaApplicationTests]
11:49:31.810 [main] DEBUG org.springframework.context.annotation.ClassPathScanningCandidateComponentProvider - Identified candidate component class: file [E:\CN9\FU_Submission_Webservice\submission\PracticalExams\Practical_Java_SE1269_20200424\Server\target\classes\com\practicalexam\JavaApplication.class]
11:49:31.812 [main] INFO org.springframework.boot.test.context.SpringBootTestContextBootstrapper - Found @SpringBootConfiguration com.practicalexam.JavaApplication for test class com.practicalexam.JavaApplicationTests
11:49:32.000 [main] DEBUG org.springframework.boot.test.context.SpringBootTestContextBootstrapper - @TestExecutionListeners is not present for class [com.practicalexam.JavaApplicationTests]: using defaults.
11:49:32.001 [main] INFO org.springframework.boot.test.context.SpringBootTestContextBootstrapper - Loaded default TestExecutionListener class names from location [META-INF/spring.factories]: [org.springframework.boot.test.mock.mockito.MockitoTestExecutionListener, org.springframework.boot.test.mock.mockito.ResetMocksTestExecutionListener, org.springframework.boot.test.autoconfigure.restdocs.RestDocsTestExecutionListener, org.springframework.boot.test.autoconfigure.web.client.MockRestServiceServerResetTestExecutionListener, org.springframework.boot.test.autoconfigure.web.servlet.MockMvcPrintOnlyOnFailureTestExecutionListener, org.springframework.boot.test.autoconfigure.web.servlet.WebDriverTestExecutionListener, org.springframework.test.context.web.ServletTestExecutionListener, org.springframework.test.context.support.DirtiesContextBeforeModesTestExecutionListener, org.springframework.test.context.support.DependencyInjectionTestExecutionListener, org.springframework.test.context.support.DirtiesContextTestExecutionListener, org.springframework.test.context.transaction.TransactionalTestExecutionListener, org.springframework.test.context.jdbc.SqlScriptsTestExecutionListener, org.springframework.test.context.event.EventPublishingTestExecutionListener]
11:49:32.013 [main] DEBUG org.springframework.boot.test.context.SpringBootTestContextBootstrapper - Skipping candidate TestExecutionListener [org.springframework.test.context.transaction.TransactionalTestExecutionListener] due to a missing dependency. Specify custom listener classes or make the default listener classes and their required dependencies available. Offending class: [org/springframework/transaction/interceptor/TransactionAttributeSource]
11:49:32.014 [main] DEBUG org.springframework.boot.test.context.SpringBootTestContextBootstrapper - Skipping candidate TestExecutionListener [org.springframework.test.context.jdbc.SqlScriptsTestExecutionListener] due to a missing dependency. Specify custom listener classes or make the default listener classes and their required dependencies available. Offending class: [org/springframework/transaction/interceptor/TransactionAttribute]
11:49:32.014 [main] INFO org.springframework.boot.test.context.SpringBootTestContextBootstrapper - Using TestExecutionListeners: [org.springframework.test.context.web.ServletTestExecutionListener@3383649e, org.springframework.test.context.support.DirtiesContextBeforeModesTestExecutionListener@10fde30a, org.springframework.boot.test.mock.mockito.MockitoTestExecutionListener@f27ea3, org.springframework.boot.test.autoconfigure.SpringBootDependencyInjectionTestExecutionListener@1ce61929, org.springframework.test.context.support.DirtiesContextTestExecutionListener@346939bf, org.springframework.test.context.event.EventPublishingTestExecutionListener@4bf3798b, org.springframework.boot.test.mock.mockito.ResetMocksTestExecutionListener@58670130, org.springframework.boot.test.autoconfigure.restdocs.RestDocsTestExecutionListener@74e47444, org.springframework.boot.test.autoconfigure.web.client.MockRestServiceServerResetTestExecutionListener@9bd0fa6, org.springframework.boot.test.autoconfigure.web.servlet.MockMvcPrintOnlyOnFailureTestExecutionListener@59d2103b, org.springframework.boot.test.autoconfigure.web.servlet.WebDriverTestExecutionListener@39dcf4b0]
11:49:32.019 [main] DEBUG org.springframework.test.context.support.AbstractDirtiesContextTestExecutionListener - Before test class: context [DefaultTestContext@18245eb0 testClass = JavaApplicationTests, testInstance = [null], testMethod = [null], testException = [null], mergedContextConfiguration = [WebMergedContextConfiguration@7c7d3c46 testClass = JavaApplicationTests, locations = '{}', classes = '{class com.practicalexam.JavaApplication}', contextInitializerClasses = '[]', activeProfiles = '{}', propertySourceLocations = '{}', propertySourceProperties = '{org.springframework.boot.test.context.SpringBootTestContextBootstrapper=true}', contextCustomizers = set[org.springframework.boot.test.context.filter.ExcludeFilterContextCustomizer@ee86bcb, org.springframework.boot.test.json.DuplicateJsonObjectContextCustomizerFactory$DuplicateJsonObjectContextCustomizer@6bca7e0d, org.springframework.boot.test.mock.mockito.MockitoContextCustomizer@0, org.springframework.boot.test.web.client.TestRestTemplateContextCustomizer@648c94da, org.springframework.boot.test.autoconfigure.properties.PropertyMappingContextCustomizer@0, org.springframework.boot.test.autoconfigure.web.servlet.WebDriverContextCustomizerFactory$Customizer@289710d9], resourceBasePath = 'src/main/webapp', contextLoader = 'org.springframework.boot.test.context.SpringBootContextLoader', parent = [null]], attributes = map['org.springframework.test.context.web.ServletTestExecutionListener.activateListener' -> true]], class annotated with @DirtiesContext [false] with mode [null].
11:49:32.056 [main] DEBUG org.springframework.test.context.support.TestPropertySourceUtils - Adding inlined properties to environment: {spring.jmx.enabled=false, org.springframework.boot.test.context.SpringBootTestContextBootstrapper=true, server.port=-1}

  .   ____          _            __ _ _
 /\\ / ___'_ __ _ _(_)_ __  __ _ \ \ \ \
( ( )\___ | '_ | '_| | '_ \/ _` | \ \ \ \
 \\/  ___)| |_)| | | | | || (_| |  ) ) ) )
  '  |____| .__|_| |_|_| |_\__, | / / / /
 =========|_|==============|___/=/_/_/_/
 :: Spring Boot ::        (v2.2.4.RELEASE)

2020-04-25 11:49:32.789  INFO 15636 --- [           main] com.practicalexam.JavaApplicationTests   : Starting JavaApplicationTests on THUCNHSE63155 with PID 15636 (started by HP in E:\CN9\FU_Submission_Webservice\submission\PracticalExams\Practical_Java_SE1269_20200424\Server)
2020-04-25 11:49:32.791  INFO 15636 --- [           main] com.practicalexam.JavaApplicationTests   : No active profile set, falling back to default profiles: default
2020-04-25 11:49:34.467  INFO 15636 --- [           main] trationDelegate$BeanPostProcessorChecker : Bean 'org.springframework.ws.config.annotation.DelegatingWsConfiguration' of type [org.springframework.ws.config.annotation.DelegatingWsConfiguration$$EnhancerBySpringCGLIB$$a5166153] is not eligible for getting processed by all BeanPostProcessors (for example: not eligible for auto-proxying)
2020-04-25 11:49:34.606  INFO 15636 --- [           main] .w.s.a.s.AnnotationActionEndpointMapping : Supporting [WS-Addressing August 2004, WS-Addressing 1.0]
2020-04-25 11:49:35.562  INFO 15636 --- [           main] o.s.s.concurrent.ThreadPoolTaskExecutor  : Initializing ExecutorService 'applicationTaskExecutor'
2020-04-25 11:49:38.229  INFO 15636 --- [           main] com.practicalexam.JavaApplicationTests   : Started JavaApplicationTests in 6.158 seconds (JVM running for 8.062)
==========Start Insert==========
|IA1406|codeAdd |modelAdd            |  10|   1000.0|
|IA1406|codeAdd2|modelAdd            |  10|   1000.0|
==========End Insert==========
Test Successful for test: insertShoes()
==========Start Update==========
|IA1406|codeAdd |modelAdd            |  10|   1000.0|
|IA1406|codeAdd2|modelUpdate         |  11|   1001.0|
==========End Update==========
Test Successful for test: updateShoes()
==========Start Search==========
|IA1406|codeAdd |modelAdd            |  10|   1000.0|
==========End Search==========
Test Successful for test: searchShoes()
==========Start Sort==========
|IA1406|codeAdd |modelAdd            |  10|   1000.0|
|IA1406|codeAdd2|modelUpdate         |  11|   1001.0|
|IA1406|codeSort|zmodelSort          |  14|   1004.0|
==========End Sort==========
Test Successful for test: sortShoes()
==========Start Remove==========
|IA1406|codeAdd |modelAdd            |  10|   1000.0|
|IA1406|codeAdd2|modelUpdate         |  11|   1001.0|
|IA1406|codeSort|zmodelSort          |  14|   1004.0|
==========End Remove==========
Test Successful for test: removeShoes()
E:\CN9\FU_Submission_Webservice\submission\PracticalExams\Practical_Java_SE1269_20200424\Server\src\test\java\com\practicalexam
E:\CN9\FU_Submission_Webservice\submission\PracticalExams\Practical_Java_SE1269_20200424\Server\src\test\java\com\practicalexam
insertShoes()
java.lang.ArrayIndexOutOfBoundsException: Index 1 out of bounds for length 1
	at com.practicalexam.TestResultLoggerExtension.setResult(TestResultLoggerExtension.java:180)
	at com.practicalexam.TestResultLoggerExtension.afterAll(TestResultLoggerExtension.java:120)
	at org.junit.jupiter.engine.descriptor.ClassBasedTestDescriptor.lambda$invokeAfterAllCallbacks$13(ClassBasedTestDescriptor.java:421)
	at org.junit.platform.engine.support.hierarchical.ThrowableCollector.execute(ThrowableCollector.java:73)
	at org.junit.jupiter.engine.descriptor.ClassBasedTestDescriptor.lambda$invokeAfterAllCallbacks$14(ClassBasedTestDescriptor.java:421)
	at java.base/java.util.ArrayList.forEach(ArrayList.java:1540)
	at org.junit.jupiter.engine.descriptor.ClassBasedTestDescriptor.invokeAfterAllCallbacks(ClassBasedTestDescriptor.java:421)
	at org.junit.jupiter.engine.descriptor.ClassBasedTestDescriptor.after(ClassBasedTestDescriptor.java:213)
	at org.junit.jupiter.engine.descriptor.ClassBasedTestDescriptor.after(ClassBasedTestDescriptor.java:77)
	at org.junit.platform.engine.support.hierarchical.NodeTestTask.lambda$executeRecursively$6(NodeTestTask.java:145)
	at org.junit.platform.engine.support.hierarchical.ThrowableCollector.execute(ThrowableCollector.java:73)
	at org.junit.platform.engine.support.hierarchical.NodeTestTask.lambda$executeRecursively$7(NodeTestTask.java:145)
	at org.junit.platform.engine.support.hierarchical.Node.around(Node.java:135)
	at org.junit.platform.engine.support.hierarchical.NodeTestTask.lambda$executeRecursively$8(NodeTestTask.java:123)
	at org.junit.platform.engine.support.hierarchical.ThrowableCollector.execute(ThrowableCollector.java:73)
	at org.junit.platform.engine.support.hierarchical.NodeTestTask.executeRecursively(NodeTestTask.java:122)
	at org.junit.platform.engine.support.hierarchical.NodeTestTask.execute(NodeTestTask.java:80)
	at java.base/java.util.ArrayList.forEach(ArrayList.java:1540)
	at org.junit.platform.engine.support.hierarchical.SameThreadHierarchicalTestExecutorService.invokeAll(SameThreadHierarchicalTestExecutorService.java:38)
	at org.junit.platform.engine.support.hierarchical.NodeTestTask.lambda$executeRecursively$5(NodeTestTask.java:139)
	at org.junit.platform.engine.support.hierarchical.ThrowableCollector.execute(ThrowableCollector.java:73)
	at org.junit.platform.engine.support.hierarchical.NodeTestTask.lambda$executeRecursively$7(NodeTestTask.java:125)
	at org.junit.platform.engine.support.hierarchical.Node.around(Node.java:135)
	at org.junit.platform.engine.support.hierarchical.NodeTestTask.lambda$executeRecursively$8(NodeTestTask.java:123)
	at org.junit.platform.engine.support.hierarchical.ThrowableCollector.execute(ThrowableCollector.java:73)
	at org.junit.platform.engine.support.hierarchical.NodeTestTask.executeRecursively(NodeTestTask.java:122)
	at org.junit.platform.engine.support.hierarchical.NodeTestTask.execute(NodeTestTask.java:80)
	at org.junit.platform.engine.support.hierarchical.SameThreadHierarchicalTestExecutorService.submit(SameThreadHierarchicalTestExecutorService.java:32)
	at org.junit.platform.engine.support.hierarchical.HierarchicalTestExecutor.execute(HierarchicalTestExecutor.java:57)
	at org.junit.platform.engine.support.hierarchical.HierarchicalTestEngine.execute(HierarchicalTestEngine.java:51)
	at org.junit.platform.launcher.core.DefaultLauncher.execute(DefaultLauncher.java:220)
	at org.junit.platform.launcher.core.DefaultLauncher.lambda$execute$6(DefaultLauncher.java:188)
	at org.junit.platform.launcher.core.DefaultLauncher.withInterceptedStreams(DefaultLauncher.java:202)
	at org.junit.platform.launcher.core.DefaultLauncher.execute(DefaultLauncher.java:181)
	at org.junit.platform.launcher.core.DefaultLauncher.execute(DefaultLauncher.java:128)
	at org.apache.maven.surefire.junitplatform.JUnitPlatformProvider.invokeAllTests(JUnitPlatformProvider.java:150)
	at org.apache.maven.surefire.junitplatform.JUnitPlatformProvider.invoke(JUnitPlatformProvider.java:124)
	at org.apache.maven.surefire.booter.ForkedBooter.invokeProviderInSameClassLoader(ForkedBooter.java:384)
	at org.apache.maven.surefire.booter.ForkedBooter.runSuitesInProcess(ForkedBooter.java:345)
	at org.apache.maven.surefire.booter.ForkedBooter.execute(ForkedBooter.java:126)
	at org.apache.maven.surefire.booter.ForkedBooter.main(ForkedBooter.java:418)
{"studentCode":"SE63155","listQuestions":{},"totalPoint":"0.0","submitTime":null,"evaluateTime":"2020-04-25 11:50:04","codingConvention":null,"result":"0/5","errorMsg":null}
[INFO] Tests run: 5, Failures: 0, Errors: 0, Skipped: 0, Time elapsed: 33.364 s - in com.practicalexam.JavaApplicationTests
2020-04-25 11:50:04.795  INFO 15636 --- [extShutdownHook] o.s.s.concurrent.ThreadPoolTaskExecutor  : Shutting down ExecutorService 'applicationTaskExecutor'
[INFO] 
[INFO] Results:
[INFO] 
[INFO] Tests run: 5, Failures: 0, Errors: 0, Skipped: 0
[INFO] 
[INFO] 
[INFO] --- maven-jar-plugin:3.1.2:jar (default-jar) @ java ---
[INFO] Building jar: E:\CN9\FU_Submission_Webservice\submission\PracticalExams\Practical_Java_SE1269_20200424\Server\target\java-0.0.1-SNAPSHOT.jar
[INFO] 
[INFO] --- spring-boot-maven-plugin:2.2.4.RELEASE:repackage (repackage) @ java ---
[INFO] Replacing main artifact with repackaged archive
[INFO] ------------------------------------------------------------------------
[INFO] BUILD SUCCESS
[INFO] ------------------------------------------------------------------------
[INFO] Total time:  44.924 s
[INFO] Finished at: 2020-04-25T11:50:08+07:00
[INFO] ------------------------------------------------------------------------
--------------------------------------------------------
SE63155
--------------------------------------------------------
[INFO] Scanning for projects...
[INFO] 
[INFO] -----------------------< com.fpt.practical:java >-----------------------
[INFO] Building java 0.0.1-SNAPSHOT
[INFO] --------------------------------[ jar ]---------------------------------
[INFO] 
[INFO] --- maven-clean-plugin:3.1.0:clean (default-clean) @ java ---
[INFO] Deleting E:\CN9\FU_Submission_Webservice\submission\PracticalExams\Practical_Java_SE1269_20200424\Server\target
[INFO] 
[INFO] --- maven-resources-plugin:3.1.0:resources (default-resources) @ java ---
[INFO] Using 'UTF-8' encoding to copy filtered resources.
[INFO] Copying 1 resource
[INFO] Copying 0 resource
[INFO] 
[INFO] --- maven-compiler-plugin:3.8.1:compile (default-compile) @ java ---
[INFO] Changes detected - recompiling the module!
[INFO] Compiling 8 source files to E:\CN9\FU_Submission_Webservice\submission\PracticalExams\Practical_Java_SE1269_20200424\Server\target\classes
[INFO] 
[INFO] --- maven-resources-plugin:3.1.0:testResources (default-testResources) @ java ---
[INFO] Using 'UTF-8' encoding to copy filtered resources.
[INFO] skip non existing resourceDirectory E:\CN9\FU_Submission_Webservice\submission\PracticalExams\Practical_Java_SE1269_20200424\Server\src\test\resources
[INFO] 
[INFO] --- maven-compiler-plugin:3.8.1:testCompile (default-testCompile) @ java ---
[INFO] Changes detected - recompiling the module!
[INFO] Compiling 3 source files to E:\CN9\FU_Submission_Webservice\submission\PracticalExams\Practical_Java_SE1269_20200424\Server\target\test-classes
[INFO] 
[INFO] --- maven-surefire-plugin:2.22.2:test (default-test) @ java ---
[INFO] 
[INFO] -------------------------------------------------------
[INFO]  T E S T S
[INFO] -------------------------------------------------------
[INFO] Running com.practicalexam.JavaApplicationTests
11:52:52.410 [main] DEBUG org.springframework.test.context.BootstrapUtils - Instantiating CacheAwareContextLoaderDelegate from class [org.springframework.test.context.cache.DefaultCacheAwareContextLoaderDelegate]
11:52:52.431 [main] DEBUG org.springframework.test.context.BootstrapUtils - Instantiating BootstrapContext using constructor [public org.springframework.test.context.support.DefaultBootstrapContext(java.lang.Class,org.springframework.test.context.CacheAwareContextLoaderDelegate)]
11:52:52.484 [main] DEBUG org.springframework.test.context.BootstrapUtils - Instantiating TestContextBootstrapper for test class [com.practicalexam.JavaApplicationTests] from class [org.springframework.boot.test.context.SpringBootTestContextBootstrapper]
11:52:52.510 [main] INFO org.springframework.boot.test.context.SpringBootTestContextBootstrapper - Neither @ContextConfiguration nor @ContextHierarchy found for test class [com.practicalexam.JavaApplicationTests], using SpringBootContextLoader
11:52:52.517 [main] DEBUG org.springframework.test.context.support.AbstractContextLoader - Did not detect default resource location for test class [com.practicalexam.JavaApplicationTests]: class path resource [com/practicalexam/JavaApplicationTests-context.xml] does not exist
11:52:52.518 [main] DEBUG org.springframework.test.context.support.AbstractContextLoader - Did not detect default resource location for test class [com.practicalexam.JavaApplicationTests]: class path resource [com/practicalexam/JavaApplicationTestsContext.groovy] does not exist
11:52:52.519 [main] INFO org.springframework.test.context.support.AbstractContextLoader - Could not detect default resource locations for test class [com.practicalexam.JavaApplicationTests]: no resource found for suffixes {-context.xml, Context.groovy}.
11:52:52.520 [main] INFO org.springframework.test.context.support.AnnotationConfigContextLoaderUtils - Could not detect default configuration classes for test class [com.practicalexam.JavaApplicationTests]: JavaApplicationTests does not declare any static, non-private, non-final, nested classes annotated with @Configuration.
11:52:52.579 [main] DEBUG org.springframework.test.context.support.ActiveProfilesUtils - Could not find an 'annotation declaring class' for annotation type [org.springframework.test.context.ActiveProfiles] and class [com.practicalexam.JavaApplicationTests]
11:52:52.695 [main] DEBUG org.springframework.context.annotation.ClassPathScanningCandidateComponentProvider - Identified candidate component class: file [E:\CN9\FU_Submission_Webservice\submission\PracticalExams\Practical_Java_SE1269_20200424\Server\target\classes\com\practicalexam\JavaApplication.class]
11:52:52.697 [main] INFO org.springframework.boot.test.context.SpringBootTestContextBootstrapper - Found @SpringBootConfiguration com.practicalexam.JavaApplication for test class com.practicalexam.JavaApplicationTests
11:52:52.949 [main] DEBUG org.springframework.boot.test.context.SpringBootTestContextBootstrapper - @TestExecutionListeners is not present for class [com.practicalexam.JavaApplicationTests]: using defaults.
11:52:52.950 [main] INFO org.springframework.boot.test.context.SpringBootTestContextBootstrapper - Loaded default TestExecutionListener class names from location [META-INF/spring.factories]: [org.springframework.boot.test.mock.mockito.MockitoTestExecutionListener, org.springframework.boot.test.mock.mockito.ResetMocksTestExecutionListener, org.springframework.boot.test.autoconfigure.restdocs.RestDocsTestExecutionListener, org.springframework.boot.test.autoconfigure.web.client.MockRestServiceServerResetTestExecutionListener, org.springframework.boot.test.autoconfigure.web.servlet.MockMvcPrintOnlyOnFailureTestExecutionListener, org.springframework.boot.test.autoconfigure.web.servlet.WebDriverTestExecutionListener, org.springframework.test.context.web.ServletTestExecutionListener, org.springframework.test.context.support.DirtiesContextBeforeModesTestExecutionListener, org.springframework.test.context.support.DependencyInjectionTestExecutionListener, org.springframework.test.context.support.DirtiesContextTestExecutionListener, org.springframework.test.context.transaction.TransactionalTestExecutionListener, org.springframework.test.context.jdbc.SqlScriptsTestExecutionListener, org.springframework.test.context.event.EventPublishingTestExecutionListener]
11:52:52.968 [main] DEBUG org.springframework.boot.test.context.SpringBootTestContextBootstrapper - Skipping candidate TestExecutionListener [org.springframework.test.context.transaction.TransactionalTestExecutionListener] due to a missing dependency. Specify custom listener classes or make the default listener classes and their required dependencies available. Offending class: [org/springframework/transaction/interceptor/TransactionAttributeSource]
11:52:52.969 [main] DEBUG org.springframework.boot.test.context.SpringBootTestContextBootstrapper - Skipping candidate TestExecutionListener [org.springframework.test.context.jdbc.SqlScriptsTestExecutionListener] due to a missing dependency. Specify custom listener classes or make the default listener classes and their required dependencies available. Offending class: [org/springframework/transaction/interceptor/TransactionAttribute]
11:52:52.970 [main] INFO org.springframework.boot.test.context.SpringBootTestContextBootstrapper - Using TestExecutionListeners: [org.springframework.test.context.web.ServletTestExecutionListener@3383649e, org.springframework.test.context.support.DirtiesContextBeforeModesTestExecutionListener@10fde30a, org.springframework.boot.test.mock.mockito.MockitoTestExecutionListener@f27ea3, org.springframework.boot.test.autoconfigure.SpringBootDependencyInjectionTestExecutionListener@1ce61929, org.springframework.test.context.support.DirtiesContextTestExecutionListener@346939bf, org.springframework.test.context.event.EventPublishingTestExecutionListener@4bf3798b, org.springframework.boot.test.mock.mockito.ResetMocksTestExecutionListener@58670130, org.springframework.boot.test.autoconfigure.restdocs.RestDocsTestExecutionListener@74e47444, org.springframework.boot.test.autoconfigure.web.client.MockRestServiceServerResetTestExecutionListener@9bd0fa6, org.springframework.boot.test.autoconfigure.web.servlet.MockMvcPrintOnlyOnFailureTestExecutionListener@59d2103b, org.springframework.boot.test.autoconfigure.web.servlet.WebDriverTestExecutionListener@39dcf4b0]
11:52:52.974 [main] DEBUG org.springframework.test.context.support.AbstractDirtiesContextTestExecutionListener - Before test class: context [DefaultTestContext@18245eb0 testClass = JavaApplicationTests, testInstance = [null], testMethod = [null], testException = [null], mergedContextConfiguration = [WebMergedContextConfiguration@7c7d3c46 testClass = JavaApplicationTests, locations = '{}', classes = '{class com.practicalexam.JavaApplication}', contextInitializerClasses = '[]', activeProfiles = '{}', propertySourceLocations = '{}', propertySourceProperties = '{org.springframework.boot.test.context.SpringBootTestContextBootstrapper=true}', contextCustomizers = set[org.springframework.boot.test.context.filter.ExcludeFilterContextCustomizer@ee86bcb, org.springframework.boot.test.json.DuplicateJsonObjectContextCustomizerFactory$DuplicateJsonObjectContextCustomizer@6bca7e0d, org.springframework.boot.test.mock.mockito.MockitoContextCustomizer@0, org.springframework.boot.test.web.client.TestRestTemplateContextCustomizer@648c94da, org.springframework.boot.test.autoconfigure.properties.PropertyMappingContextCustomizer@0, org.springframework.boot.test.autoconfigure.web.servlet.WebDriverContextCustomizerFactory$Customizer@289710d9], resourceBasePath = 'src/main/webapp', contextLoader = 'org.springframework.boot.test.context.SpringBootContextLoader', parent = [null]], attributes = map['org.springframework.test.context.web.ServletTestExecutionListener.activateListener' -> true]], class annotated with @DirtiesContext [false] with mode [null].
11:52:53.017 [main] DEBUG org.springframework.test.context.support.TestPropertySourceUtils - Adding inlined properties to environment: {spring.jmx.enabled=false, org.springframework.boot.test.context.SpringBootTestContextBootstrapper=true, server.port=-1}

  .   ____          _            __ _ _
 /\\ / ___'_ __ _ _(_)_ __  __ _ \ \ \ \
( ( )\___ | '_ | '_| | '_ \/ _` | \ \ \ \
 \\/  ___)| |_)| | | | | || (_| |  ) ) ) )
  '  |____| .__|_| |_|_| |_\__, | / / / /
 =========|_|==============|___/=/_/_/_/
 :: Spring Boot ::        (v2.2.4.RELEASE)

2020-04-25 11:52:53.569  INFO 13592 --- [           main] com.practicalexam.JavaApplicationTests   : Starting JavaApplicationTests on THUCNHSE63155 with PID 13592 (started by HP in E:\CN9\FU_Submission_Webservice\submission\PracticalExams\Practical_Java_SE1269_20200424\Server)
2020-04-25 11:52:53.572  INFO 13592 --- [           main] com.practicalexam.JavaApplicationTests   : No active profile set, falling back to default profiles: default
2020-04-25 11:52:55.817  INFO 13592 --- [           main] trationDelegate$BeanPostProcessorChecker : Bean 'org.springframework.ws.config.annotation.DelegatingWsConfiguration' of type [org.springframework.ws.config.annotation.DelegatingWsConfiguration$$EnhancerBySpringCGLIB$$31c9ba88] is not eligible for getting processed by all BeanPostProcessors (for example: not eligible for auto-proxying)
2020-04-25 11:52:56.032  INFO 13592 --- [           main] .w.s.a.s.AnnotationActionEndpointMapping : Supporting [WS-Addressing August 2004, WS-Addressing 1.0]
2020-04-25 11:52:57.033  INFO 13592 --- [           main] o.s.s.concurrent.ThreadPoolTaskExecutor  : Initializing ExecutorService 'applicationTaskExecutor'
2020-04-25 11:52:57.818  INFO 13592 --- [           main] com.practicalexam.JavaApplicationTests   : Started JavaApplicationTests in 4.784 seconds (JVM running for 6.967)
==========Start Insert==========
|IA1406|codeAdd |modelAdd            |  10|   1000.0|
|IA1406|codeAdd2|modelAdd            |  10|   1000.0|
==========End Insert==========
Test Successful for test: insertShoes()
==========Start Update==========
|IA1406|codeAdd |modelAdd            |  10|   1000.0|
|IA1406|codeAdd2|modelUpdate         |  11|   1001.0|
==========End Update==========
Test Successful for test: updateShoes()
==========Start Search==========
|IA1406|codeAdd |modelAdd            |  10|   1000.0|
==========End Search==========
Test Successful for test: searchShoes()
==========Start Sort==========
|IA1406|codeAdd |modelAdd            |  10|   1000.0|
|IA1406|codeAdd2|modelUpdate         |  11|   1001.0|
|IA1406|codeSort|zmodelSort          |  14|   1004.0|
==========End Sort==========
Test Successful for test: sortShoes()
==========Start Remove==========
|IA1406|codeAdd |modelAdd            |  10|   1000.0|
|IA1406|codeAdd2|modelUpdate         |  11|   1001.0|
|IA1406|codeSort|zmodelSort          |  14|   1004.0|
==========End Remove==========
Test Successful for test: removeShoes()
E:\CN9\FU_Submission_Webservice\submission\PracticalExams\Practical_Java_SE1269_20200424\Server\src\test\java\com\practicalexam
E:\CN9\FU_Submission_Webservice\submission\PracticalExams\Practical_Java_SE1269_20200424\Server\src\test\java\com\practicalexam
insertShoes()-2.0
Result question: insertShoes(): 2.0
sortShoes()-1.5.0
Result question: sortShoes(): 1.5.0
searchShoes()-1.5.0
Result question: searchShoes(): 1.5.0
updateShoes()-1.5.0
Result question: updateShoes(): 1.5.0
removeShoes()-1.5.0
Result question: removeShoes(): 1.5.0
{"studentCode":"SE63155","listQuestions":{"searchShoes():Success":"1.5/1.5.0","removeShoes():Success":"1.5/1.5.0","insertShoes():Success":"2.0/2.0","updateShoes():Success":"1.5/1.5.0","sortShoes():Success":"1.5/1.5.0"},"totalPoint":"8.0","submitTime":null,"evaluateTime":"2020-04-25 11:53:23","codingConvention":null,"result":"5/5","errorMsg":null}
[INFO] Tests run: 5, Failures: 0, Errors: 0, Skipped: 0, Time elapsed: 31.707 s - in com.practicalexam.JavaApplicationTests
2020-04-25 11:53:24.022  INFO 13592 --- [extShutdownHook] o.s.s.concurrent.ThreadPoolTaskExecutor  : Shutting down ExecutorService 'applicationTaskExecutor'
[INFO] 
[INFO] Results:
[INFO] 
[INFO] Tests run: 5, Failures: 0, Errors: 0, Skipped: 0
[INFO] 
[INFO] 
[INFO] --- maven-jar-plugin:3.1.2:jar (default-jar) @ java ---
[INFO] Building jar: E:\CN9\FU_Submission_Webservice\submission\PracticalExams\Practical_Java_SE1269_20200424\Server\target\java-0.0.1-SNAPSHOT.jar
[INFO] 
[INFO] --- spring-boot-maven-plugin:2.2.4.RELEASE:repackage (repackage) @ java ---
[INFO] Replacing main artifact with repackaged archive
[INFO] ------------------------------------------------------------------------
[INFO] BUILD SUCCESS
[INFO] ------------------------------------------------------------------------
[INFO] Total time:  45.993 s
[INFO] Finished at: 2020-04-25T11:53:26+07:00
[INFO] ------------------------------------------------------------------------
--------------------------------------------------------
SE63155
--------------------------------------------------------
[INFO] Scanning for projects...
[INFO] 
[INFO] -----------------------< com.fpt.practical:java >-----------------------
[INFO] Building java 0.0.1-SNAPSHOT
[INFO] --------------------------------[ jar ]---------------------------------
[INFO] 
[INFO] --- maven-clean-plugin:3.1.0:clean (default-clean) @ java ---
[INFO] Deleting E:\CN9\FU_Submission_Webservice\submission\PracticalExams\Practical_Java_SE1269_20200424\Server\target
[INFO] 
[INFO] --- maven-resources-plugin:3.1.0:resources (default-resources) @ java ---
[INFO] Using 'UTF-8' encoding to copy filtered resources.
[INFO] Copying 1 resource
[INFO] Copying 0 resource
[INFO] 
[INFO] --- maven-compiler-plugin:3.8.1:compile (default-compile) @ java ---
[INFO] Changes detected - recompiling the module!
[INFO] Compiling 8 source files to E:\CN9\FU_Submission_Webservice\submission\PracticalExams\Practical_Java_SE1269_20200424\Server\target\classes
[INFO] 
[INFO] --- maven-resources-plugin:3.1.0:testResources (default-testResources) @ java ---
[INFO] Using 'UTF-8' encoding to copy filtered resources.
[INFO] skip non existing resourceDirectory E:\CN9\FU_Submission_Webservice\submission\PracticalExams\Practical_Java_SE1269_20200424\Server\src\test\resources
[INFO] 
[INFO] --- maven-compiler-plugin:3.8.1:testCompile (default-testCompile) @ java ---
[INFO] Changes detected - recompiling the module!
[INFO] Compiling 3 source files to E:\CN9\FU_Submission_Webservice\submission\PracticalExams\Practical_Java_SE1269_20200424\Server\target\test-classes
[INFO] 
[INFO] --- maven-surefire-plugin:2.22.2:test (default-test) @ java ---
[INFO] 
[INFO] -------------------------------------------------------
[INFO]  T E S T S
[INFO] -------------------------------------------------------
[INFO] Running com.practicalexam.JavaApplicationTests
11:55:55.980 [main] DEBUG org.springframework.test.context.BootstrapUtils - Instantiating CacheAwareContextLoaderDelegate from class [org.springframework.test.context.cache.DefaultCacheAwareContextLoaderDelegate]
11:55:56.011 [main] DEBUG org.springframework.test.context.BootstrapUtils - Instantiating BootstrapContext using constructor [public org.springframework.test.context.support.DefaultBootstrapContext(java.lang.Class,org.springframework.test.context.CacheAwareContextLoaderDelegate)]
11:55:56.112 [main] DEBUG org.springframework.test.context.BootstrapUtils - Instantiating TestContextBootstrapper for test class [com.practicalexam.JavaApplicationTests] from class [org.springframework.boot.test.context.SpringBootTestContextBootstrapper]
11:55:56.150 [main] INFO org.springframework.boot.test.context.SpringBootTestContextBootstrapper - Neither @ContextConfiguration nor @ContextHierarchy found for test class [com.practicalexam.JavaApplicationTests], using SpringBootContextLoader
11:55:56.161 [main] DEBUG org.springframework.test.context.support.AbstractContextLoader - Did not detect default resource location for test class [com.practicalexam.JavaApplicationTests]: class path resource [com/practicalexam/JavaApplicationTests-context.xml] does not exist
11:55:56.163 [main] DEBUG org.springframework.test.context.support.AbstractContextLoader - Did not detect default resource location for test class [com.practicalexam.JavaApplicationTests]: class path resource [com/practicalexam/JavaApplicationTestsContext.groovy] does not exist
11:55:56.164 [main] INFO org.springframework.test.context.support.AbstractContextLoader - Could not detect default resource locations for test class [com.practicalexam.JavaApplicationTests]: no resource found for suffixes {-context.xml, Context.groovy}.
11:55:56.167 [main] INFO org.springframework.test.context.support.AnnotationConfigContextLoaderUtils - Could not detect default configuration classes for test class [com.practicalexam.JavaApplicationTests]: JavaApplicationTests does not declare any static, non-private, non-final, nested classes annotated with @Configuration.
11:55:56.234 [main] DEBUG org.springframework.test.context.support.ActiveProfilesUtils - Could not find an 'annotation declaring class' for annotation type [org.springframework.test.context.ActiveProfiles] and class [com.practicalexam.JavaApplicationTests]
11:55:56.332 [main] DEBUG org.springframework.context.annotation.ClassPathScanningCandidateComponentProvider - Identified candidate component class: file [E:\CN9\FU_Submission_Webservice\submission\PracticalExams\Practical_Java_SE1269_20200424\Server\target\classes\com\practicalexam\JavaApplication.class]
11:55:56.334 [main] INFO org.springframework.boot.test.context.SpringBootTestContextBootstrapper - Found @SpringBootConfiguration com.practicalexam.JavaApplication for test class com.practicalexam.JavaApplicationTests
11:55:56.473 [main] DEBUG org.springframework.boot.test.context.SpringBootTestContextBootstrapper - @TestExecutionListeners is not present for class [com.practicalexam.JavaApplicationTests]: using defaults.
11:55:56.474 [main] INFO org.springframework.boot.test.context.SpringBootTestContextBootstrapper - Loaded default TestExecutionListener class names from location [META-INF/spring.factories]: [org.springframework.boot.test.mock.mockito.MockitoTestExecutionListener, org.springframework.boot.test.mock.mockito.ResetMocksTestExecutionListener, org.springframework.boot.test.autoconfigure.restdocs.RestDocsTestExecutionListener, org.springframework.boot.test.autoconfigure.web.client.MockRestServiceServerResetTestExecutionListener, org.springframework.boot.test.autoconfigure.web.servlet.MockMvcPrintOnlyOnFailureTestExecutionListener, org.springframework.boot.test.autoconfigure.web.servlet.WebDriverTestExecutionListener, org.springframework.test.context.web.ServletTestExecutionListener, org.springframework.test.context.support.DirtiesContextBeforeModesTestExecutionListener, org.springframework.test.context.support.DependencyInjectionTestExecutionListener, org.springframework.test.context.support.DirtiesContextTestExecutionListener, org.springframework.test.context.transaction.TransactionalTestExecutionListener, org.springframework.test.context.jdbc.SqlScriptsTestExecutionListener, org.springframework.test.context.event.EventPublishingTestExecutionListener]
11:55:56.488 [main] DEBUG org.springframework.boot.test.context.SpringBootTestContextBootstrapper - Skipping candidate TestExecutionListener [org.springframework.test.context.transaction.TransactionalTestExecutionListener] due to a missing dependency. Specify custom listener classes or make the default listener classes and their required dependencies available. Offending class: [org/springframework/transaction/interceptor/TransactionAttributeSource]
11:55:56.489 [main] DEBUG org.springframework.boot.test.context.SpringBootTestContextBootstrapper - Skipping candidate TestExecutionListener [org.springframework.test.context.jdbc.SqlScriptsTestExecutionListener] due to a missing dependency. Specify custom listener classes or make the default listener classes and their required dependencies available. Offending class: [org/springframework/transaction/interceptor/TransactionAttribute]
11:55:56.489 [main] INFO org.springframework.boot.test.context.SpringBootTestContextBootstrapper - Using TestExecutionListeners: [org.springframework.test.context.web.ServletTestExecutionListener@3383649e, org.springframework.test.context.support.DirtiesContextBeforeModesTestExecutionListener@10fde30a, org.springframework.boot.test.mock.mockito.MockitoTestExecutionListener@f27ea3, org.springframework.boot.test.autoconfigure.SpringBootDependencyInjectionTestExecutionListener@1ce61929, org.springframework.test.context.support.DirtiesContextTestExecutionListener@346939bf, org.springframework.test.context.event.EventPublishingTestExecutionListener@4bf3798b, org.springframework.boot.test.mock.mockito.ResetMocksTestExecutionListener@58670130, org.springframework.boot.test.autoconfigure.restdocs.RestDocsTestExecutionListener@74e47444, org.springframework.boot.test.autoconfigure.web.client.MockRestServiceServerResetTestExecutionListener@9bd0fa6, org.springframework.boot.test.autoconfigure.web.servlet.MockMvcPrintOnlyOnFailureTestExecutionListener@59d2103b, org.springframework.boot.test.autoconfigure.web.servlet.WebDriverTestExecutionListener@39dcf4b0]
11:55:56.494 [main] DEBUG org.springframework.test.context.support.AbstractDirtiesContextTestExecutionListener - Before test class: context [DefaultTestContext@18245eb0 testClass = JavaApplicationTests, testInstance = [null], testMethod = [null], testException = [null], mergedContextConfiguration = [WebMergedContextConfiguration@7c7d3c46 testClass = JavaApplicationTests, locations = '{}', classes = '{class com.practicalexam.JavaApplication}', contextInitializerClasses = '[]', activeProfiles = '{}', propertySourceLocations = '{}', propertySourceProperties = '{org.springframework.boot.test.context.SpringBootTestContextBootstrapper=true}', contextCustomizers = set[org.springframework.boot.test.context.filter.ExcludeFilterContextCustomizer@ee86bcb, org.springframework.boot.test.json.DuplicateJsonObjectContextCustomizerFactory$DuplicateJsonObjectContextCustomizer@6bca7e0d, org.springframework.boot.test.mock.mockito.MockitoContextCustomizer@0, org.springframework.boot.test.web.client.TestRestTemplateContextCustomizer@648c94da, org.springframework.boot.test.autoconfigure.properties.PropertyMappingContextCustomizer@0, org.springframework.boot.test.autoconfigure.web.servlet.WebDriverContextCustomizerFactory$Customizer@289710d9], resourceBasePath = 'src/main/webapp', contextLoader = 'org.springframework.boot.test.context.SpringBootContextLoader', parent = [null]], attributes = map['org.springframework.test.context.web.ServletTestExecutionListener.activateListener' -> true]], class annotated with @DirtiesContext [false] with mode [null].
11:55:56.530 [main] DEBUG org.springframework.test.context.support.TestPropertySourceUtils - Adding inlined properties to environment: {spring.jmx.enabled=false, org.springframework.boot.test.context.SpringBootTestContextBootstrapper=true, server.port=-1}

  .   ____          _            __ _ _
 /\\ / ___'_ __ _ _(_)_ __  __ _ \ \ \ \
( ( )\___ | '_ | '_| | '_ \/ _` | \ \ \ \
 \\/  ___)| |_)| | | | | || (_| |  ) ) ) )
  '  |____| .__|_| |_|_| |_\__, | / / / /
 =========|_|==============|___/=/_/_/_/
 :: Spring Boot ::        (v2.2.4.RELEASE)

2020-04-25 11:55:57.066  INFO 18528 --- [           main] com.practicalexam.JavaApplicationTests   : Starting JavaApplicationTests on THUCNHSE63155 with PID 18528 (started by HP in E:\CN9\FU_Submission_Webservice\submission\PracticalExams\Practical_Java_SE1269_20200424\Server)
2020-04-25 11:55:57.070  INFO 18528 --- [           main] com.practicalexam.JavaApplicationTests   : No active profile set, falling back to default profiles: default
2020-04-25 11:55:58.343  INFO 18528 --- [           main] trationDelegate$BeanPostProcessorChecker : Bean 'org.springframework.ws.config.annotation.DelegatingWsConfiguration' of type [org.springframework.ws.config.annotation.DelegatingWsConfiguration$$EnhancerBySpringCGLIB$$eca2a326] is not eligible for getting processed by all BeanPostProcessors (for example: not eligible for auto-proxying)
2020-04-25 11:55:58.514  INFO 18528 --- [           main] .w.s.a.s.AnnotationActionEndpointMapping : Supporting [WS-Addressing August 2004, WS-Addressing 1.0]
2020-04-25 11:55:59.251  INFO 18528 --- [           main] o.s.s.concurrent.ThreadPoolTaskExecutor  : Initializing ExecutorService 'applicationTaskExecutor'
2020-04-25 11:55:59.753  INFO 18528 --- [           main] com.practicalexam.JavaApplicationTests   : Started JavaApplicationTests in 3.21 seconds (JVM running for 7.497)
==========Start Insert==========
|IA1406|codeAdd |modelAdd            |  10|   1000.0|
|IA1406|codeAdd2|modelAdd            |  10|   1000.0|
==========End Insert==========
Test Successful for test: insertShoes()
==========Start Update==========
|IA1406|codeAdd |modelAdd            |  10|   1000.0|
|IA1406|codeAdd2|modelUpdate         |  11|   1001.0|
==========End Update==========
Test Successful for test: updateShoes()
==========Start Search==========
|IA1406|codeAdd |modelAdd            |  10|   1000.0|
==========End Search==========
Test Successful for test: searchShoes()
==========Start Sort==========
|IA1406|codeAdd |modelAdd            |  10|   1000.0|
|IA1406|codeAdd2|modelUpdate         |  11|   1001.0|
|IA1406|codeSort|zmodelSort          |  14|   1004.0|
==========End Sort==========
Test Successful for test: sortShoes()
==========Start Remove==========
|IA1406|codeAdd |modelAdd            |  10|   1000.0|
|IA1406|codeAdd2|modelUpdate         |  11|   1001.0|
|IA1406|codeSort|zmodelSort          |  14|   1004.0|
==========End Remove==========
Test Successful for test: removeShoes()
E:\CN9\FU_Submission_Webservice\submission\PracticalExams\Practical_Java_SE1269_20200424\Server\src\test\java\com\practicalexam
E:\CN9\FU_Submission_Webservice\submission\PracticalExams\Practical_Java_SE1269_20200424\Server\src\test\java\com\practicalexam
updateShoes()-1.5
Result question: updateShoes(): 1.5
searchShoes()-1.5
Result question: searchShoes(): 1.5
sortShoes()-1.5
Result question: sortShoes(): 1.5
removeShoes()-1.5
Result question: removeShoes(): 1.5
insertShoes()-2
Result question: insertShoes(): 2
{"studentCode":"SE63155","listQuestions":{"searchShoes():Success":"1.5/1.5","removeShoes():Success":"1.5/1.5","insertShoes():Success":"2.0/2","updateShoes():Success":"1.5/1.5","sortShoes():Success":"1.5/1.5"},"totalPoint":"8.0","submitTime":null,"evaluateTime":"2020-04-25 11:56:25","codingConvention":null,"result":"5/5","errorMsg":null}
[INFO] Tests run: 5, Failures: 0, Errors: 0, Skipped: 0, Time elapsed: 29.811 s - in com.practicalexam.JavaApplicationTests
2020-04-25 11:56:25.581  INFO 18528 --- [extShutdownHook] o.s.s.concurrent.ThreadPoolTaskExecutor  : Shutting down ExecutorService 'applicationTaskExecutor'
[INFO] 
[INFO] Results:
[INFO] 
[INFO] Tests run: 5, Failures: 0, Errors: 0, Skipped: 0
[INFO] 
[INFO] 
[INFO] --- maven-jar-plugin:3.1.2:jar (default-jar) @ java ---
[INFO] Building jar: E:\CN9\FU_Submission_Webservice\submission\PracticalExams\Practical_Java_SE1269_20200424\Server\target\java-0.0.1-SNAPSHOT.jar
[INFO] 
[INFO] --- spring-boot-maven-plugin:2.2.4.RELEASE:repackage (repackage) @ java ---
[INFO] Replacing main artifact with repackaged archive
[INFO] ------------------------------------------------------------------------
[INFO] BUILD SUCCESS
[INFO] ------------------------------------------------------------------------
[INFO] Total time:  42.409 s
[INFO] Finished at: 2020-04-25T11:56:27+07:00
[INFO] ------------------------------------------------------------------------
--------------------------------------------------------
SE63146
--------------------------------------------------------
[INFO] Scanning for projects...
[INFO] 
[INFO] -----------------------< com.fpt.practical:java >-----------------------
[INFO] Building java 0.0.1-SNAPSHOT
[INFO] --------------------------------[ jar ]---------------------------------
[INFO] 
[INFO] --- maven-clean-plugin:3.1.0:clean (default-clean) @ java ---
[INFO] Deleting E:\CN9\PE2A_WF_Lecturer\PE2A_WF_LECTURER\Lecturer\submission\PracticalExams\Practical_Java_SE1200_20200511\Server\target
[INFO] 
[INFO] --- maven-resources-plugin:3.1.0:resources (default-resources) @ java ---
[INFO] Using 'UTF-8' encoding to copy filtered resources.
[INFO] Copying 1 resource
[INFO] Copying 0 resource
[INFO] 
[INFO] --- maven-compiler-plugin:3.8.1:compile (default-compile) @ java ---
[INFO] Changes detected - recompiling the module!
[INFO] Compiling 9 source files to E:\CN9\PE2A_WF_Lecturer\PE2A_WF_LECTURER\Lecturer\submission\PracticalExams\Practical_Java_SE1200_20200511\Server\target\classes
[INFO] 
[INFO] --- maven-resources-plugin:3.1.0:testResources (default-testResources) @ java ---
[INFO] Using 'UTF-8' encoding to copy filtered resources.
[INFO] skip non existing resourceDirectory E:\CN9\PE2A_WF_Lecturer\PE2A_WF_LECTURER\Lecturer\submission\PracticalExams\Practical_Java_SE1200_20200511\Server\src\test\resources
[INFO] 
[INFO] --- maven-compiler-plugin:3.8.1:testCompile (default-testCompile) @ java ---
[INFO] Changes detected - recompiling the module!
[INFO] Compiling 4 source files to E:\CN9\PE2A_WF_Lecturer\PE2A_WF_LECTURER\Lecturer\submission\PracticalExams\Practical_Java_SE1200_20200511\Server\target\test-classes
[INFO] -------------------------------------------------------------
[ERROR] COMPILATION ERROR : 
[INFO] -------------------------------------------------------------
[ERROR] /E:/CN9/PE2A_WF_Lecturer/PE2A_WF_LECTURER/Lecturer/submission/PracticalExams/Practical_Java_SE1200_20200511/Server/src/test/java/com/practicalexam/EXAM_SE63146_Java_670340210.java:[18,1] duplicate class: com.practicalexam.JavaApplicationTests
[INFO] 1 error
[INFO] -------------------------------------------------------------
[INFO] ------------------------------------------------------------------------
[INFO] BUILD FAILURE
[INFO] ------------------------------------------------------------------------
[INFO] Total time:  13.293 s
[INFO] Finished at: 2020-05-11T23:23:06+07:00
[INFO] ------------------------------------------------------------------------
[ERROR] Failed to execute goal org.apache.maven.plugins:maven-compiler-plugin:3.8.1:testCompile (default-testCompile) on project java: Compilation failure
[ERROR] /E:/CN9/PE2A_WF_Lecturer/PE2A_WF_LECTURER/Lecturer/submission/PracticalExams/Practical_Java_SE1200_20200511/Server/src/test/java/com/practicalexam/EXAM_SE63146_Java_670340210.java:[18,1] duplicate class: com.practicalexam.JavaApplicationTests
[ERROR] -> [Help 1]
[ERROR] 
[ERROR] To see the full stack trace of the errors, re-run Maven with the -e switch.
[ERROR] Re-run Maven using the -X switch to enable full debug logging.
[ERROR] 
[ERROR] For more information about the errors and possible solutions, please read the following articles:
[ERROR] [Help 1] http://cwiki.apache.org/confluence/display/MAVEN/MojoFailureException
--------------------------------------------------------
SE63146
--------------------------------------------------------
[INFO] Scanning for projects...
[INFO] 
[INFO] -----------------------< com.fpt.practical:java >-----------------------
[INFO] Building java 0.0.1-SNAPSHOT
[INFO] --------------------------------[ jar ]---------------------------------
[INFO] 
[INFO] --- maven-clean-plugin:3.1.0:clean (default-clean) @ java ---
[INFO] Deleting E:\CN9\PE2A_WF_Lecturer\PE2A_WF_LECTURER\Lecturer\submission\PracticalExams\Practical_Java_SE1200_20200511\Server\target
[INFO] 
[INFO] --- maven-resources-plugin:3.1.0:resources (default-resources) @ java ---
[INFO] Using 'UTF-8' encoding to copy filtered resources.
[INFO] Copying 1 resource
[INFO] Copying 0 resource
[INFO] 
[INFO] --- maven-compiler-plugin:3.8.1:compile (default-compile) @ java ---
[INFO] Changes detected - recompiling the module!
[INFO] Compiling 8 source files to E:\CN9\PE2A_WF_Lecturer\PE2A_WF_LECTURER\Lecturer\submission\PracticalExams\Practical_Java_SE1200_20200511\Server\target\classes
[INFO] 
[INFO] --- maven-resources-plugin:3.1.0:testResources (default-testResources) @ java ---
[INFO] Using 'UTF-8' encoding to copy filtered resources.
[INFO] skip non existing resourceDirectory E:\CN9\PE2A_WF_Lecturer\PE2A_WF_LECTURER\Lecturer\submission\PracticalExams\Practical_Java_SE1200_20200511\Server\src\test\resources
[INFO] 
[INFO] --- maven-compiler-plugin:3.8.1:testCompile (default-testCompile) @ java ---
[INFO] Changes detected - recompiling the module!
[INFO] Compiling 3 source files to E:\CN9\PE2A_WF_Lecturer\PE2A_WF_LECTURER\Lecturer\submission\PracticalExams\Practical_Java_SE1200_20200511\Server\target\test-classes
[INFO] 
[INFO] --- maven-surefire-plugin:2.22.2:test (default-test) @ java ---
[INFO] 
[INFO] -------------------------------------------------------
[INFO]  T E S T S
[INFO] -------------------------------------------------------
[INFO] Running com.practicalexam.JavaApplicationTests
23:25:31.516 [main] DEBUG org.springframework.test.context.BootstrapUtils - Instantiating CacheAwareContextLoaderDelegate from class [org.springframework.test.context.cache.DefaultCacheAwareContextLoaderDelegate]
23:25:31.547 [main] DEBUG org.springframework.test.context.BootstrapUtils - Instantiating BootstrapContext using constructor [public org.springframework.test.context.support.DefaultBootstrapContext(java.lang.Class,org.springframework.test.context.CacheAwareContextLoaderDelegate)]
23:25:31.649 [main] DEBUG org.springframework.test.context.BootstrapUtils - Instantiating TestContextBootstrapper for test class [com.practicalexam.JavaApplicationTests] from class [org.springframework.boot.test.context.SpringBootTestContextBootstrapper]
23:25:31.695 [main] INFO org.springframework.boot.test.context.SpringBootTestContextBootstrapper - Neither @ContextConfiguration nor @ContextHierarchy found for test class [com.practicalexam.JavaApplicationTests], using SpringBootContextLoader
23:25:31.704 [main] DEBUG org.springframework.test.context.support.AbstractContextLoader - Did not detect default resource location for test class [com.practicalexam.JavaApplicationTests]: class path resource [com/practicalexam/JavaApplicationTests-context.xml] does not exist
23:25:31.704 [main] DEBUG org.springframework.test.context.support.AbstractContextLoader - Did not detect default resource location for test class [com.practicalexam.JavaApplicationTests]: class path resource [com/practicalexam/JavaApplicationTestsContext.groovy] does not exist
23:25:31.704 [main] INFO org.springframework.test.context.support.AbstractContextLoader - Could not detect default resource locations for test class [com.practicalexam.JavaApplicationTests]: no resource found for suffixes {-context.xml, Context.groovy}.
23:25:31.705 [main] INFO org.springframework.test.context.support.AnnotationConfigContextLoaderUtils - Could not detect default configuration classes for test class [com.practicalexam.JavaApplicationTests]: JavaApplicationTests does not declare any static, non-private, non-final, nested classes annotated with @Configuration.
23:25:31.822 [main] DEBUG org.springframework.test.context.support.ActiveProfilesUtils - Could not find an 'annotation declaring class' for annotation type [org.springframework.test.context.ActiveProfiles] and class [com.practicalexam.JavaApplicationTests]
23:25:31.977 [main] DEBUG org.springframework.context.annotation.ClassPathScanningCandidateComponentProvider - Identified candidate component class: file [E:\CN9\PE2A_WF_Lecturer\PE2A_WF_LECTURER\Lecturer\submission\PracticalExams\Practical_Java_SE1200_20200511\Server\target\classes\com\practicalexam\JavaApplication.class]
23:25:31.979 [main] INFO org.springframework.boot.test.context.SpringBootTestContextBootstrapper - Found @SpringBootConfiguration com.practicalexam.JavaApplication for test class com.practicalexam.JavaApplicationTests
23:25:32.222 [main] DEBUG org.springframework.boot.test.context.SpringBootTestContextBootstrapper - @TestExecutionListeners is not present for class [com.practicalexam.JavaApplicationTests]: using defaults.
23:25:32.223 [main] INFO org.springframework.boot.test.context.SpringBootTestContextBootstrapper - Loaded default TestExecutionListener class names from location [META-INF/spring.factories]: [org.springframework.boot.test.mock.mockito.MockitoTestExecutionListener, org.springframework.boot.test.mock.mockito.ResetMocksTestExecutionListener, org.springframework.boot.test.autoconfigure.restdocs.RestDocsTestExecutionListener, org.springframework.boot.test.autoconfigure.web.client.MockRestServiceServerResetTestExecutionListener, org.springframework.boot.test.autoconfigure.web.servlet.MockMvcPrintOnlyOnFailureTestExecutionListener, org.springframework.boot.test.autoconfigure.web.servlet.WebDriverTestExecutionListener, org.springframework.test.context.web.ServletTestExecutionListener, org.springframework.test.context.support.DirtiesContextBeforeModesTestExecutionListener, org.springframework.test.context.support.DependencyInjectionTestExecutionListener, org.springframework.test.context.support.DirtiesContextTestExecutionListener, org.springframework.test.context.transaction.TransactionalTestExecutionListener, org.springframework.test.context.jdbc.SqlScriptsTestExecutionListener, org.springframework.test.context.event.EventPublishingTestExecutionListener]
23:25:32.242 [main] DEBUG org.springframework.boot.test.context.SpringBootTestContextBootstrapper - Skipping candidate TestExecutionListener [org.springframework.test.context.transaction.TransactionalTestExecutionListener] due to a missing dependency. Specify custom listener classes or make the default listener classes and their required dependencies available. Offending class: [org/springframework/transaction/interceptor/TransactionAttributeSource]
23:25:32.243 [main] DEBUG org.springframework.boot.test.context.SpringBootTestContextBootstrapper - Skipping candidate TestExecutionListener [org.springframework.test.context.jdbc.SqlScriptsTestExecutionListener] due to a missing dependency. Specify custom listener classes or make the default listener classes and their required dependencies available. Offending class: [org/springframework/transaction/interceptor/TransactionAttribute]
23:25:32.244 [main] INFO org.springframework.boot.test.context.SpringBootTestContextBootstrapper - Using TestExecutionListeners: [org.springframework.test.context.web.ServletTestExecutionListener@3383649e, org.springframework.test.context.support.DirtiesContextBeforeModesTestExecutionListener@10fde30a, org.springframework.boot.test.mock.mockito.MockitoTestExecutionListener@f27ea3, org.springframework.boot.test.autoconfigure.SpringBootDependencyInjectionTestExecutionListener@1ce61929, org.springframework.test.context.support.DirtiesContextTestExecutionListener@346939bf, org.springframework.test.context.event.EventPublishingTestExecutionListener@4bf3798b, org.springframework.boot.test.mock.mockito.ResetMocksTestExecutionListener@58670130, org.springframework.boot.test.autoconfigure.restdocs.RestDocsTestExecutionListener@74e47444, org.springframework.boot.test.autoconfigure.web.client.MockRestServiceServerResetTestExecutionListener@9bd0fa6, org.springframework.boot.test.autoconfigure.web.servlet.MockMvcPrintOnlyOnFailureTestExecutionListener@59d2103b, org.springframework.boot.test.autoconfigure.web.servlet.WebDriverTestExecutionListener@39dcf4b0]
23:25:32.251 [main] DEBUG org.springframework.test.context.support.AbstractDirtiesContextTestExecutionListener - Before test class: context [DefaultTestContext@18245eb0 testClass = JavaApplicationTests, testInstance = [null], testMethod = [null], testException = [null], mergedContextConfiguration = [WebMergedContextConfiguration@7c7d3c46 testClass = JavaApplicationTests, locations = '{}', classes = '{class com.practicalexam.JavaApplication}', contextInitializerClasses = '[]', activeProfiles = '{}', propertySourceLocations = '{}', propertySourceProperties = '{org.springframework.boot.test.context.SpringBootTestContextBootstrapper=true}', contextCustomizers = set[org.springframework.boot.test.context.filter.ExcludeFilterContextCustomizer@ee86bcb, org.springframework.boot.test.json.DuplicateJsonObjectContextCustomizerFactory$DuplicateJsonObjectContextCustomizer@6bca7e0d, org.springframework.boot.test.mock.mockito.MockitoContextCustomizer@0, org.springframework.boot.test.web.client.TestRestTemplateContextCustomizer@648c94da, org.springframework.boot.test.autoconfigure.properties.PropertyMappingContextCustomizer@0, org.springframework.boot.test.autoconfigure.web.servlet.WebDriverContextCustomizerFactory$Customizer@289710d9], resourceBasePath = 'src/main/webapp', contextLoader = 'org.springframework.boot.test.context.SpringBootContextLoader', parent = [null]], attributes = map['org.springframework.test.context.web.ServletTestExecutionListener.activateListener' -> true]], class annotated with @DirtiesContext [false] with mode [null].
23:25:32.313 [main] DEBUG org.springframework.test.context.support.TestPropertySourceUtils - Adding inlined properties to environment: {spring.jmx.enabled=false, org.springframework.boot.test.context.SpringBootTestContextBootstrapper=true, server.port=-1}

  .   ____          _            __ _ _
 /\\ / ___'_ __ _ _(_)_ __  __ _ \ \ \ \
( ( )\___ | '_ | '_| | '_ \/ _` | \ \ \ \
 \\/  ___)| |_)| | | | | || (_| |  ) ) ) )
  '  |____| .__|_| |_|_| |_\__, | / / / /
 =========|_|==============|___/=/_/_/_/
 :: Spring Boot ::        (v2.2.4.RELEASE)

2020-05-11 23:25:33.125  INFO 12136 --- [           main] com.practicalexam.JavaApplicationTests   : Starting JavaApplicationTests on THUCNHSE63155 with PID 12136 (started by HP in E:\CN9\PE2A_WF_Lecturer\PE2A_WF_LECTURER\Lecturer\submission\PracticalExams\Practical_Java_SE1200_20200511\Server)
2020-05-11 23:25:33.132  INFO 12136 --- [           main] com.practicalexam.JavaApplicationTests   : No active profile set, falling back to default profiles: default
2020-05-11 23:25:36.768  INFO 12136 --- [           main] trationDelegate$BeanPostProcessorChecker : Bean 'org.springframework.ws.config.annotation.DelegatingWsConfiguration' of type [org.springframework.ws.config.annotation.DelegatingWsConfiguration$$EnhancerBySpringCGLIB$$e55d1886] is not eligible for getting processed by all BeanPostProcessors (for example: not eligible for auto-proxying)
2020-05-11 23:25:37.087  INFO 12136 --- [           main] .w.s.a.s.AnnotationActionEndpointMapping : Supporting [WS-Addressing August 2004, WS-Addressing 1.0]
2020-05-11 23:25:38.948  INFO 12136 --- [           main] o.s.s.concurrent.ThreadPoolTaskExecutor  : Initializing ExecutorService 'applicationTaskExecutor'
2020-05-11 23:25:40.506  INFO 12136 --- [           main] com.practicalexam.JavaApplicationTests   : Started JavaApplicationTests in 8.166 seconds (JVM running for 12.629)
==========Start Insert==========
|IA1406|codeAdd |modelAdd            |  10|   1000.0|
|IA1406|codeAdd2|modelAdd            |  10|   1000.0|
==========End Insert==========
Test Successful for test: insertShoes()
==========Start Update==========
|IA1406|codeAdd |modelAdd            |  10|   1000.0|
|IA1406|codeAdd2|modelUpdate         |  11|   1001.0|
==========End Update==========
Test Successful for test: updateShoes()
==========Start Search==========
|IA1406|codeAdd |modelAdd            |  10|   1000.0|
==========End Search==========
Test Successful for test: searchShoes()
==========Start Sort==========
|IA1406|codeAdd |modelAdd            |  10|   1000.0|
|IA1406|codeAdd2|modelUpdate         |  11|   1001.0|
|IA1406|codeSort|zmodelSort          |  14|   1004.0|
==========End Sort==========
Test Successful for test: sortShoes()
==========Start Remove==========
|IA1406|codeAdd |modelAdd            |  10|   1000.0|
|IA1406|codeAdd2|modelUpdate         |  11|   1001.0|
|IA1406|codeSort|zmodelSort          |  14|   1004.0|
==========End Remove==========
Test Successful for test: removeShoes()
E:\CN9\PE2A_WF_Lecturer\PE2A_WF_LECTURER\Lecturer\submission\PracticalExams\Practical_Java_SE1200_20200511\Server\src\test\java\com\practicalexam
E:\CN9\PE2A_WF_Lecturer\PE2A_WF_LECTURER\Lecturer\submission\PracticalExams\Practical_Java_SE1200_20200511\Server\src\test\java\com\practicalexam
updateShoes()-1.5
Result question: updateShoes(): 1.5
searchShoes()-1.5
Result question: searchShoes(): 1.5
sortShoes()-1.5
Result question: sortShoes(): 1.5
removeShoes()-1.5
Result question: removeShoes(): 1.5
insertShoes()-2
Result question: insertShoes(): 2
{"studentCode":"SE63146","listQuestions":{"searchShoes():Success":"1.5/1.5","removeShoes():Success":"1.5/1.5","insertShoes():Success":"2.0/2","updateShoes():Success":"1.5/1.5","sortShoes():Success":"1.5/1.5"},"totalPoint":"8.0","submitTime":null,"evaluateTime":"2020-05-11 23:26:06","codingConvention":null,"result":"5/5","errorMsg":null}
[INFO] Tests run: 5, Failures: 0, Errors: 0, Skipped: 0, Time elapsed: 35.627 s - in com.practicalexam.JavaApplicationTests
2020-05-11 23:26:07.112  INFO 12136 --- [extShutdownHook] o.s.s.concurrent.ThreadPoolTaskExecutor  : Shutting down ExecutorService 'applicationTaskExecutor'
[INFO] 
[INFO] Results:
[INFO] 
[INFO] Tests run: 5, Failures: 0, Errors: 0, Skipped: 0
[INFO] 
[INFO] 
[INFO] --- maven-jar-plugin:3.1.2:jar (default-jar) @ java ---
[INFO] Building jar: E:\CN9\PE2A_WF_Lecturer\PE2A_WF_LECTURER\Lecturer\submission\PracticalExams\Practical_Java_SE1200_20200511\Server\target\java-0.0.1-SNAPSHOT.jar
[INFO] 
[INFO] --- spring-boot-maven-plugin:2.2.4.RELEASE:repackage (repackage) @ java ---
[INFO] Replacing main artifact with repackaged archive
[INFO] ------------------------------------------------------------------------
[INFO] BUILD SUCCESS
[INFO] ------------------------------------------------------------------------
[INFO] Total time:  01:03 min
[INFO] Finished at: 2020-05-11T23:26:13+07:00
[INFO] ------------------------------------------------------------------------
